#! /c/Source/iverilog-install/bin/vvp
:ivl_version "12.0 (devel)" "(s20150603-1539-g2693dd32b)";
:ivl_delay_selection "TYPICAL";
:vpi_time_precision - 10;
:vpi_module "F:\iverilog\lib\ivl\system.vpi";
:vpi_module "F:\iverilog\lib\ivl\vhdl_sys.vpi";
:vpi_module "F:\iverilog\lib\ivl\vhdl_textio.vpi";
:vpi_module "F:\iverilog\lib\ivl\v2005_math.vpi";
:vpi_module "F:\iverilog\lib\ivl\va_math.vpi";
S_000001fe24c4d790 .scope module, "control_unit_tb" "control_unit_tb" 2 7;
 .timescale -9 -10;
v000001fe24cf46a0_0 .net "alu_op", 4 0, L_000001fe24cf49c0;  1 drivers
v000001fe24cf37a0_0 .net "branch_jump", 2 0, L_000001fe24cf3c00;  1 drivers
v000001fe24cf4ec0_0 .net "data1_alu_sel", 0 0, L_000001fe24c91890;  1 drivers
v000001fe24cf3ac0_0 .net "data2_alu_sel", 0 0, L_000001fe24d59780;  1 drivers
v000001fe24cf3160_0 .var "funct3", 2 0;
v000001fe24cf3480_0 .var "funct7", 6 0;
v000001fe24cf44c0_0 .net "imm_sel", 3 0, L_000001fe24d0a2f0;  1 drivers
v000001fe24cf4ba0_0 .net "mem_read", 3 0, L_000001fe24cf47e0;  1 drivers
v000001fe24cf4880_0 .net "mem_write", 2 0, L_000001fe24cf3de0;  1 drivers
v000001fe24cf4a60_0 .var "opcode", 6 0;
v000001fe24cf3980_0 .net "reg_write_en", 0 0, L_000001fe24c91cf0;  1 drivers
v000001fe24cf3f20_0 .var "reset", 0 0;
v000001fe24cf3200_0 .net "wb_sel", 1 0, L_000001fe24d0bd30;  1 drivers
S_000001fe24c54d50 .scope module, "uut" "control_unit" 2 25, 3 13 0, S_000001fe24c4d790;
 .timescale -9 -10;
    .port_info 0 /INPUT 7 "opcode";
    .port_info 1 /INPUT 3 "funct3";
    .port_info 2 /INPUT 7 "funct7";
    .port_info 3 /OUTPUT 5 "alu_op";
    .port_info 4 /OUTPUT 1 "reg_write_en";
    .port_info 5 /OUTPUT 3 "mem_write";
    .port_info 6 /OUTPUT 4 "mem_read";
    .port_info 7 /OUTPUT 3 "branch_jump";
    .port_info 8 /OUTPUT 4 "imm_sel";
    .port_info 9 /OUTPUT 1 "data1_alu_sel";
    .port_info 10 /OUTPUT 1 "data2_alu_sel";
    .port_info 11 /OUTPUT 2 "wb_sel";
    .port_info 12 /INPUT 1 "reset";
L_000001fe24c912e0 .functor OR 1, L_000001fe24cf4920, L_000001fe24cf3e80, C4<0>, C4<0>;
L_000001fe24c91200 .functor OR 1, L_000001fe24c912e0, L_000001fe24cf4740, C4<0>, C4<0>;
L_000001fe24c91740 .functor OR 1, L_000001fe24c91200, L_000001fe24cf4b00, C4<0>, C4<0>;
L_000001fe24c91c10/d .functor OR 1, L_000001fe24c91740, L_000001fe24cf4560, C4<0>, C4<0>;
L_000001fe24c91c10 .delay 1 (30,30,30) L_000001fe24c91c10/d;
L_000001fe24c91c80 .functor OR 1, L_000001fe24cf41a0, L_000001fe24cf3a20, C4<0>, C4<0>;
L_000001fe24c91430 .functor OR 1, L_000001fe24c91c80, L_000001fe24cf3b60, C4<0>, C4<0>;
L_000001fe24c91510/d .functor OR 1, L_000001fe24c91430, L_000001fe24cf4420, C4<0>, C4<0>;
L_000001fe24c91510 .delay 1 (30,30,30) L_000001fe24c91510/d;
L_000001fe24c91e40/d .functor OR 1, L_000001fe24cf3d40, L_000001fe24cf3fc0, C4<0>, C4<0>;
L_000001fe24c91e40 .delay 1 (30,30,30) L_000001fe24c91e40/d;
L_000001fe24c91580 .functor OR 1, L_000001fe24cf4060, L_000001fe24cf4c40, C4<0>, C4<0>;
L_000001fe24c91350 .functor OR 1, L_000001fe24c91580, L_000001fe24cf4f60, C4<0>, C4<0>;
L_000001fe24c91d60 .functor OR 1, L_000001fe24c91350, v000001fe24cf3f20_0, C4<0>, C4<0>;
L_000001fe24c91cf0/d .functor NOT 1, L_000001fe24c91d60, C4<0>, C4<0>, C4<0>;
L_000001fe24c91cf0 .delay 1 (30,30,30) L_000001fe24c91cf0/d;
L_000001fe24c91660/d .functor BUFZ 3, v000001fe24cf3160_0, C4<000>, C4<000>, C4<000>;
L_000001fe24c91660 .delay 3 (30,30,30) L_000001fe24c91660/d;
L_000001fe24c91f20 .functor OR 1, L_000001fe24cf33e0, L_000001fe24cf3660, C4<0>, C4<0>;
L_000001fe24c92000 .functor OR 1, L_000001fe24cf4240, L_000001fe24cf4380, C4<0>, C4<0>;
L_000001fe24c91270 .functor OR 1, L_000001fe24c92000, L_000001fe24d0a430, C4<0>, C4<0>;
L_000001fe24c916d0 .functor OR 1, L_000001fe24c91270, L_000001fe24d0a1b0, C4<0>, C4<0>;
L_000001fe24c913c0 .functor OR 1, L_000001fe24c916d0, L_000001fe24d0acf0, C4<0>, C4<0>;
L_000001fe24c92070 .functor OR 1, L_000001fe24c913c0, L_000001fe24d0ad90, C4<0>, C4<0>;
L_000001fe24c917b0/d .functor OR 1, L_000001fe24c92070, L_000001fe24d0b970, C4<0>, C4<0>;
L_000001fe24c917b0 .delay 1 (30,30,30) L_000001fe24c917b0/d;
L_000001fe24c914a0 .functor OR 1, L_000001fe24d0b790, L_000001fe24d0a110, C4<0>, C4<0>;
L_000001fe24c91820 .functor OR 1, L_000001fe24c914a0, L_000001fe24d0a750, C4<0>, C4<0>;
L_000001fe24c91890/d .functor OR 1, L_000001fe24c91820, L_000001fe24d0b510, C4<0>, C4<0>;
L_000001fe24c91890 .delay 1 (30,30,30) L_000001fe24c91890/d;
L_000001fe24c91900 .functor OR 1, L_000001fe24d0a7f0, L_000001fe24d0ac50, C4<0>, C4<0>;
L_000001fe24c91970 .functor OR 1, L_000001fe24c91900, L_000001fe24d0a930, C4<0>, C4<0>;
L_000001fe24c91a50 .functor OR 1, L_000001fe24c91970, L_000001fe24d0aed0, C4<0>, C4<0>;
L_000001fe24c91ac0 .functor OR 1, L_000001fe24c91a50, L_000001fe24d0af70, C4<0>, C4<0>;
L_000001fe24c628c0 .functor OR 1, L_000001fe24c91ac0, L_000001fe24d0bab0, C4<0>, C4<0>;
L_000001fe24d59b70 .functor OR 1, L_000001fe24c628c0, L_000001fe24d0bbf0, C4<0>, C4<0>;
L_000001fe24d59780/d .functor OR 1, L_000001fe24d59b70, L_000001fe24d0bc90, C4<0>, C4<0>;
L_000001fe24d59780 .delay 1 (30,30,30) L_000001fe24d59780/d;
L_000001fe24d590f0 .functor OR 1, L_000001fe24d0b8d0, L_000001fe24d0b010, C4<0>, C4<0>;
L_000001fe24d59940/d .functor NOT 1, L_000001fe24d590f0, C4<0>, C4<0>, C4<0>;
L_000001fe24d59940 .delay 1 (30,30,30) L_000001fe24d59940/d;
L_000001fe24d59b00 .functor OR 1, L_000001fe24d0b290, L_000001fe24d0b330, C4<0>, C4<0>;
L_000001fe24d59d30/d .functor OR 1, L_000001fe24d59b00, L_000001fe24d0be70, C4<0>, C4<0>;
L_000001fe24d59d30 .delay 1 (30,30,30) L_000001fe24d59d30/d;
L_000001fe24d10088 .functor BUFT 1, C4<0010111>, C4<0>, C4<0>, C4<0>;
v000001fe24c8e570_0 .net/2u *"_ivl_0", 6 0, L_000001fe24d10088;  1 drivers
L_000001fe24d10118 .functor BUFT 1, C4<0100011>, C4<0>, C4<0>, C4<0>;
v000001fe24c8e430_0 .net/2u *"_ivl_10", 6 0, L_000001fe24d10118;  1 drivers
v000001fe24c8eed0_0 .net *"_ivl_101", 0 0, L_000001fe24cf32a0;  1 drivers
v000001fe24c8e1b0_0 .net *"_ivl_107", 1 0, L_000001fe24cf3340;  1 drivers
L_000001fe24d10550 .functor BUFT 1, C4<0000011>, C4<0>, C4<0>, C4<0>;
v000001fe24c8e4d0_0 .net/2u *"_ivl_110", 6 0, L_000001fe24d10550;  1 drivers
v000001fe24c8d490_0 .net *"_ivl_112", 0 0, L_000001fe24cf35c0;  1 drivers
v000001fe24c8ed90_0 .net *"_ivl_118", 2 0, L_000001fe24c91660;  1 drivers
L_000001fe24d10598 .functor BUFT 1, C4<1100111>, C4<0>, C4<0>, C4<0>;
v000001fe24c8d7b0_0 .net/2u *"_ivl_119", 6 0, L_000001fe24d10598;  1 drivers
v000001fe24c8e750_0 .net *"_ivl_12", 0 0, L_000001fe24cf4740;  1 drivers
v000001fe24c8ea70_0 .net *"_ivl_121", 0 0, L_000001fe24cf33e0;  1 drivers
L_000001fe24d105e0 .functor BUFT 1, C4<1101111>, C4<0>, C4<0>, C4<0>;
v000001fe24c8d8f0_0 .net/2u *"_ivl_123", 6 0, L_000001fe24d105e0;  1 drivers
v000001fe24c8d850_0 .net *"_ivl_125", 0 0, L_000001fe24cf3660;  1 drivers
v000001fe24c8eb10_0 .net *"_ivl_128", 0 0, L_000001fe24c91f20;  1 drivers
L_000001fe24d10628 .functor BUFT 1, C4<010>, C4<0>, C4<0>, C4<0>;
v000001fe24c8ebb0_0 .net/2u *"_ivl_129", 2 0, L_000001fe24d10628;  1 drivers
v000001fe24c8d2b0_0 .net *"_ivl_135", 9 0, L_000001fe24cf3ca0;  1 drivers
L_000001fe24d10670 .functor BUFT 1, C4<0000011100>, C4<0>, C4<0>, C4<0>;
v000001fe24c8ecf0_0 .net/2u *"_ivl_137", 9 0, L_000001fe24d10670;  1 drivers
v000001fe24c8ef70_0 .net *"_ivl_139", 0 0, L_000001fe24cf4240;  1 drivers
v000001fe24c8f010_0 .net *"_ivl_14", 0 0, L_000001fe24c91200;  1 drivers
v000001fe24c8d210_0 .net *"_ivl_141", 9 0, L_000001fe24cf42e0;  1 drivers
L_000001fe24d106b8 .functor BUFT 1, C4<0000011101>, C4<0>, C4<0>, C4<0>;
v000001fe24c8d350_0 .net/2u *"_ivl_143", 9 0, L_000001fe24d106b8;  1 drivers
v000001fe24c8d990_0 .net *"_ivl_145", 0 0, L_000001fe24cf4380;  1 drivers
v000001fe24c8d530_0 .net *"_ivl_147", 0 0, L_000001fe24c92000;  1 drivers
v000001fe24c8d5d0_0 .net *"_ivl_149", 9 0, L_000001fe24d0bb50;  1 drivers
L_000001fe24d10700 .functor BUFT 1, C4<0010011011>, C4<0>, C4<0>, C4<0>;
v000001fe24c8d670_0 .net/2u *"_ivl_151", 9 0, L_000001fe24d10700;  1 drivers
v000001fe24cecbb0_0 .net *"_ivl_153", 0 0, L_000001fe24d0a430;  1 drivers
v000001fe24ced970_0 .net *"_ivl_155", 0 0, L_000001fe24c91270;  1 drivers
v000001fe24cecd90_0 .net *"_ivl_157", 16 0, L_000001fe24d0a390;  1 drivers
L_000001fe24d10748 .functor BUFT 1, C4<01100110110000000>, C4<0>, C4<0>, C4<0>;
v000001fe24cec070_0 .net/2u *"_ivl_159", 16 0, L_000001fe24d10748;  1 drivers
L_000001fe24d10160 .functor BUFT 1, C4<0000011>, C4<0>, C4<0>, C4<0>;
v000001fe24cecb10_0 .net/2u *"_ivl_16", 6 0, L_000001fe24d10160;  1 drivers
v000001fe24ceda10_0 .net *"_ivl_161", 0 0, L_000001fe24d0a1b0;  1 drivers
v000001fe24ced790_0 .net *"_ivl_163", 0 0, L_000001fe24c916d0;  1 drivers
v000001fe24ceddd0_0 .net *"_ivl_165", 16 0, L_000001fe24d0a250;  1 drivers
L_000001fe24d10790 .functor BUFT 1, C4<01100110100000001>, C4<0>, C4<0>, C4<0>;
v000001fe24ced150_0 .net/2u *"_ivl_167", 16 0, L_000001fe24d10790;  1 drivers
v000001fe24cec2f0_0 .net *"_ivl_169", 0 0, L_000001fe24d0acf0;  1 drivers
v000001fe24ceccf0_0 .net *"_ivl_171", 0 0, L_000001fe24c913c0;  1 drivers
v000001fe24cec930_0 .net *"_ivl_173", 16 0, L_000001fe24d0bfb0;  1 drivers
L_000001fe24d107d8 .functor BUFT 1, C4<01100110110000001>, C4<0>, C4<0>, C4<0>;
v000001fe24ced5b0_0 .net/2u *"_ivl_175", 16 0, L_000001fe24d107d8;  1 drivers
v000001fe24ced510_0 .net *"_ivl_177", 0 0, L_000001fe24d0ad90;  1 drivers
v000001fe24cec110_0 .net *"_ivl_179", 0 0, L_000001fe24c92070;  1 drivers
v000001fe24cec7f0_0 .net *"_ivl_18", 0 0, L_000001fe24cf4b00;  1 drivers
v000001fe24cec430_0 .net *"_ivl_181", 16 0, L_000001fe24d0a9d0;  1 drivers
L_000001fe24d10820 .functor BUFT 1, C4<01100111110000001>, C4<0>, C4<0>, C4<0>;
v000001fe24cece30_0 .net/2u *"_ivl_183", 16 0, L_000001fe24d10820;  1 drivers
v000001fe24cecc50_0 .net *"_ivl_185", 0 0, L_000001fe24d0b970;  1 drivers
v000001fe24ced650_0 .net *"_ivl_187", 0 0, L_000001fe24c917b0;  1 drivers
L_000001fe24d10868 .functor BUFT 1, C4<0000011>, C4<0>, C4<0>, C4<0>;
v000001fe24cec1b0_0 .net/2u *"_ivl_192", 6 0, L_000001fe24d10868;  1 drivers
v000001fe24ceced0_0 .net *"_ivl_194", 0 0, L_000001fe24d0b3d0;  1 drivers
L_000001fe24d108b0 .functor BUFT 1, C4<010>, C4<0>, C4<0>, C4<0>;
v000001fe24cedbf0_0 .net/2u *"_ivl_196", 2 0, L_000001fe24d108b0;  1 drivers
L_000001fe24d108f8 .functor BUFT 1, C4<0010111>, C4<0>, C4<0>, C4<0>;
v000001fe24ced6f0_0 .net/2u *"_ivl_198", 6 0, L_000001fe24d108f8;  1 drivers
v000001fe24ced470_0 .net *"_ivl_2", 0 0, L_000001fe24cf4920;  1 drivers
v000001fe24cec890_0 .net *"_ivl_20", 0 0, L_000001fe24c91740;  1 drivers
v000001fe24ced830_0 .net *"_ivl_200", 0 0, L_000001fe24d0ae30;  1 drivers
L_000001fe24d10940 .functor BUFT 1, C4<000>, C4<0>, C4<0>, C4<0>;
v000001fe24ced8d0_0 .net/2u *"_ivl_202", 2 0, L_000001fe24d10940;  1 drivers
L_000001fe24d10988 .functor BUFT 1, C4<0100011>, C4<0>, C4<0>, C4<0>;
v000001fe24cec390_0 .net/2u *"_ivl_204", 6 0, L_000001fe24d10988;  1 drivers
v000001fe24cec750_0 .net *"_ivl_206", 0 0, L_000001fe24d0aa70;  1 drivers
L_000001fe24d109d0 .functor BUFT 1, C4<100>, C4<0>, C4<0>, C4<0>;
v000001fe24cedab0_0 .net/2u *"_ivl_208", 2 0, L_000001fe24d109d0;  1 drivers
L_000001fe24d10a18 .functor BUFT 1, C4<0110111>, C4<0>, C4<0>, C4<0>;
v000001fe24cec6b0_0 .net/2u *"_ivl_210", 6 0, L_000001fe24d10a18;  1 drivers
v000001fe24cec4d0_0 .net *"_ivl_212", 0 0, L_000001fe24d0b470;  1 drivers
L_000001fe24d10a60 .functor BUFT 1, C4<000>, C4<0>, C4<0>, C4<0>;
v000001fe24cedb50_0 .net/2u *"_ivl_214", 2 0, L_000001fe24d10a60;  1 drivers
L_000001fe24d10aa8 .functor BUFT 1, C4<1101111>, C4<0>, C4<0>, C4<0>;
v000001fe24cedc90_0 .net/2u *"_ivl_216", 6 0, L_000001fe24d10aa8;  1 drivers
v000001fe24cec250_0 .net *"_ivl_218", 0 0, L_000001fe24d0b0b0;  1 drivers
L_000001fe24d101a8 .functor BUFT 1, C4<1100011>, C4<0>, C4<0>, C4<0>;
v000001fe24cede70_0 .net/2u *"_ivl_22", 6 0, L_000001fe24d101a8;  1 drivers
L_000001fe24d10af0 .functor BUFT 1, C4<001>, C4<0>, C4<0>, C4<0>;
v000001fe24ced290_0 .net/2u *"_ivl_220", 2 0, L_000001fe24d10af0;  1 drivers
L_000001fe24d10b38 .functor BUFT 1, C4<1100111>, C4<0>, C4<0>, C4<0>;
v000001fe24cec570_0 .net/2u *"_ivl_222", 6 0, L_000001fe24d10b38;  1 drivers
v000001fe24cec610_0 .net *"_ivl_224", 0 0, L_000001fe24d0ba10;  1 drivers
L_000001fe24d10b80 .functor BUFT 1, C4<010>, C4<0>, C4<0>, C4<0>;
v000001fe24cecf70_0 .net/2u *"_ivl_226", 2 0, L_000001fe24d10b80;  1 drivers
L_000001fe24d10bc8 .functor BUFT 1, C4<1100011>, C4<0>, C4<0>, C4<0>;
v000001fe24cedd30_0 .net/2u *"_ivl_228", 6 0, L_000001fe24d10bc8;  1 drivers
v000001fe24cedf10_0 .net *"_ivl_230", 0 0, L_000001fe24d0abb0;  1 drivers
L_000001fe24d10c10 .functor BUFT 1, C4<011>, C4<0>, C4<0>, C4<0>;
v000001fe24cec9d0_0 .net/2u *"_ivl_232", 2 0, L_000001fe24d10c10;  1 drivers
v000001fe24ceca70_0 .net *"_ivl_234", 9 0, L_000001fe24d0a4d0;  1 drivers
L_000001fe24d10c58 .functor BUFT 1, C4<0010011x01>, C4<0>, C4<0>, C4<0>;
v000001fe24ced010_0 .net *"_ivl_236", 9 0, L_000001fe24d10c58;  1 drivers
v000001fe24ced0b0_0 .net *"_ivl_238", 0 0, L_000001fe24d0a570;  1 drivers
v000001fe24ced1f0_0 .net *"_ivl_24", 0 0, L_000001fe24cf4560;  1 drivers
L_000001fe24d10ca0 .functor BUFT 1, C4<101>, C4<0>, C4<0>, C4<0>;
v000001fe24ced330_0 .net/2u *"_ivl_240", 2 0, L_000001fe24d10ca0;  1 drivers
L_000001fe24d10ce8 .functor BUFT 1, C4<0010011>, C4<0>, C4<0>, C4<0>;
v000001fe24ced3d0_0 .net/2u *"_ivl_242", 6 0, L_000001fe24d10ce8;  1 drivers
v000001fe24cef660_0 .net *"_ivl_244", 0 0, L_000001fe24d0a610;  1 drivers
L_000001fe24d10d30 .functor BUFT 1, C4<010>, C4<0>, C4<0>, C4<0>;
v000001fe24cee580_0 .net/2u *"_ivl_246", 2 0, L_000001fe24d10d30;  1 drivers
L_000001fe24d10d78 .functor BUFT 1, C4<xxx>, C4<0>, C4<0>, C4<0>;
v000001fe24cee120_0 .net *"_ivl_248", 2 0, L_000001fe24d10d78;  1 drivers
v000001fe24cee260_0 .net *"_ivl_250", 2 0, L_000001fe24d0ab10;  1 drivers
v000001fe24cee800_0 .net *"_ivl_252", 2 0, L_000001fe24d0bdd0;  1 drivers
v000001fe24cee6c0_0 .net *"_ivl_254", 2 0, L_000001fe24d0a890;  1 drivers
v000001fe24ceec60_0 .net *"_ivl_256", 2 0, L_000001fe24d0bf10;  1 drivers
v000001fe24ceee40_0 .net *"_ivl_258", 2 0, L_000001fe24d0b150;  1 drivers
v000001fe24cee080_0 .net *"_ivl_260", 2 0, L_000001fe24d0b1f0;  1 drivers
v000001fe24cee1c0_0 .net *"_ivl_262", 2 0, L_000001fe24d0b6f0;  1 drivers
v000001fe24cee300_0 .net *"_ivl_264", 2 0, L_000001fe24d0b830;  1 drivers
v000001fe24cee3a0_0 .net *"_ivl_266", 2 0, L_000001fe24d0a6b0;  1 drivers
L_000001fe24d10dc0 .functor BUFT 1, C4<0010111>, C4<0>, C4<0>, C4<0>;
v000001fe24cef7a0_0 .net/2u *"_ivl_268", 6 0, L_000001fe24d10dc0;  1 drivers
v000001fe24ceff20_0 .net *"_ivl_270", 0 0, L_000001fe24d0b790;  1 drivers
L_000001fe24d10e08 .functor BUFT 1, C4<1101111>, C4<0>, C4<0>, C4<0>;
v000001fe24cefb60_0 .net/2u *"_ivl_272", 6 0, L_000001fe24d10e08;  1 drivers
v000001fe24cef480_0 .net *"_ivl_274", 0 0, L_000001fe24d0a110;  1 drivers
v000001fe24cefc00_0 .net *"_ivl_276", 0 0, L_000001fe24c914a0;  1 drivers
L_000001fe24d10e50 .functor BUFT 1, C4<1100111>, C4<0>, C4<0>, C4<0>;
v000001fe24cee8a0_0 .net/2u *"_ivl_278", 6 0, L_000001fe24d10e50;  1 drivers
v000001fe24cefca0_0 .net *"_ivl_280", 0 0, L_000001fe24d0a750;  1 drivers
v000001fe24cee440_0 .net *"_ivl_282", 0 0, L_000001fe24c91820;  1 drivers
L_000001fe24d10e98 .functor BUFT 1, C4<1100011>, C4<0>, C4<0>, C4<0>;
v000001fe24cefac0_0 .net/2u *"_ivl_284", 6 0, L_000001fe24d10e98;  1 drivers
v000001fe24ceeee0_0 .net *"_ivl_286", 0 0, L_000001fe24d0b510;  1 drivers
L_000001fe24d10ee0 .functor BUFT 1, C4<0000011>, C4<0>, C4<0>, C4<0>;
v000001fe24cefe80_0 .net/2u *"_ivl_290", 6 0, L_000001fe24d10ee0;  1 drivers
v000001fe24cefd40_0 .net *"_ivl_292", 0 0, L_000001fe24d0a7f0;  1 drivers
L_000001fe24d10f28 .functor BUFT 1, C4<0010011>, C4<0>, C4<0>, C4<0>;
v000001fe24ceeda0_0 .net/2u *"_ivl_294", 6 0, L_000001fe24d10f28;  1 drivers
v000001fe24cee4e0_0 .net *"_ivl_296", 0 0, L_000001fe24d0ac50;  1 drivers
v000001fe24cef840_0 .net *"_ivl_298", 0 0, L_000001fe24c91900;  1 drivers
L_000001fe24d10f70 .functor BUFT 1, C4<0010111>, C4<0>, C4<0>, C4<0>;
v000001fe24ceef80_0 .net/2u *"_ivl_300", 6 0, L_000001fe24d10f70;  1 drivers
v000001fe24cef020_0 .net *"_ivl_302", 0 0, L_000001fe24d0a930;  1 drivers
v000001fe24cee620_0 .net *"_ivl_304", 0 0, L_000001fe24c91970;  1 drivers
L_000001fe24d10fb8 .functor BUFT 1, C4<0100011>, C4<0>, C4<0>, C4<0>;
v000001fe24cefde0_0 .net/2u *"_ivl_306", 6 0, L_000001fe24d10fb8;  1 drivers
v000001fe24cef340_0 .net *"_ivl_308", 0 0, L_000001fe24d0aed0;  1 drivers
v000001fe24cef520_0 .net *"_ivl_310", 0 0, L_000001fe24c91a50;  1 drivers
L_000001fe24d11000 .functor BUFT 1, C4<0110111>, C4<0>, C4<0>, C4<0>;
v000001fe24cef5c0_0 .net/2u *"_ivl_312", 6 0, L_000001fe24d11000;  1 drivers
v000001fe24cee760_0 .net *"_ivl_314", 0 0, L_000001fe24d0af70;  1 drivers
v000001fe24cef2a0_0 .net *"_ivl_316", 0 0, L_000001fe24c91ac0;  1 drivers
L_000001fe24d11048 .functor BUFT 1, C4<1100111>, C4<0>, C4<0>, C4<0>;
v000001fe24cef8e0_0 .net/2u *"_ivl_318", 6 0, L_000001fe24d11048;  1 drivers
v000001fe24cef0c0_0 .net *"_ivl_320", 0 0, L_000001fe24d0bab0;  1 drivers
v000001fe24ceeb20_0 .net *"_ivl_322", 0 0, L_000001fe24c628c0;  1 drivers
L_000001fe24d11090 .functor BUFT 1, C4<1101111>, C4<0>, C4<0>, C4<0>;
v000001fe24cee940_0 .net/2u *"_ivl_324", 6 0, L_000001fe24d11090;  1 drivers
v000001fe24cee9e0_0 .net *"_ivl_326", 0 0, L_000001fe24d0bbf0;  1 drivers
v000001fe24ceea80_0 .net *"_ivl_328", 0 0, L_000001fe24d59b70;  1 drivers
L_000001fe24d110d8 .functor BUFT 1, C4<1100011>, C4<0>, C4<0>, C4<0>;
v000001fe24cef980_0 .net/2u *"_ivl_330", 6 0, L_000001fe24d110d8;  1 drivers
v000001fe24cef700_0 .net *"_ivl_332", 0 0, L_000001fe24d0bc90;  1 drivers
L_000001fe24d11120 .functor BUFT 1, C4<0000011>, C4<0>, C4<0>, C4<0>;
v000001fe24cefa20_0 .net/2u *"_ivl_338", 6 0, L_000001fe24d11120;  1 drivers
v000001fe24cef160_0 .net *"_ivl_34", 16 0, L_000001fe24cf4100;  1 drivers
v000001fe24ceebc0_0 .net *"_ivl_340", 0 0, L_000001fe24d0b8d0;  1 drivers
L_000001fe24d11168 .functor BUFT 1, C4<0110111>, C4<0>, C4<0>, C4<0>;
v000001fe24ceed00_0 .net/2u *"_ivl_342", 6 0, L_000001fe24d11168;  1 drivers
v000001fe24cef200_0 .net *"_ivl_344", 0 0, L_000001fe24d0b010;  1 drivers
v000001fe24cef3e0_0 .net *"_ivl_346", 0 0, L_000001fe24d590f0;  1 drivers
v000001fe24cf12a0_0 .net *"_ivl_348", 0 0, L_000001fe24d59940;  1 drivers
L_000001fe24d111b0 .functor BUFT 1, C4<0110111>, C4<0>, C4<0>, C4<0>;
v000001fe24cf1a20_0 .net/2u *"_ivl_353", 6 0, L_000001fe24d111b0;  1 drivers
v000001fe24cf0b20_0 .net *"_ivl_355", 0 0, L_000001fe24d0b290;  1 drivers
L_000001fe24d111f8 .functor BUFT 1, C4<1101111>, C4<0>, C4<0>, C4<0>;
v000001fe24cf26a0_0 .net/2u *"_ivl_357", 6 0, L_000001fe24d111f8;  1 drivers
v000001fe24cf1b60_0 .net *"_ivl_359", 0 0, L_000001fe24d0b330;  1 drivers
L_000001fe24d10280 .functor BUFT 1, C4<00100111010100000>, C4<0>, C4<0>, C4<0>;
v000001fe24cf0bc0_0 .net/2u *"_ivl_36", 16 0, L_000001fe24d10280;  1 drivers
v000001fe24cf0a80_0 .net *"_ivl_361", 0 0, L_000001fe24d59b00;  1 drivers
L_000001fe24d11240 .functor BUFT 1, C4<1100111>, C4<0>, C4<0>, C4<0>;
v000001fe24cf09e0_0 .net/2u *"_ivl_363", 6 0, L_000001fe24d11240;  1 drivers
v000001fe24cf1200_0 .net *"_ivl_365", 0 0, L_000001fe24d0be70;  1 drivers
v000001fe24cf22e0_0 .net *"_ivl_367", 0 0, L_000001fe24d59d30;  1 drivers
v000001fe24cf08a0_0 .net *"_ivl_38", 0 0, L_000001fe24cf41a0;  1 drivers
L_000001fe24d100d0 .functor BUFT 1, C4<1101111>, C4<0>, C4<0>, C4<0>;
v000001fe24cf0940_0 .net/2u *"_ivl_4", 6 0, L_000001fe24d100d0;  1 drivers
v000001fe24cf0c60_0 .net *"_ivl_40", 16 0, L_000001fe24cf3520;  1 drivers
L_000001fe24d102c8 .functor BUFT 1, C4<01100110000100000>, C4<0>, C4<0>, C4<0>;
v000001fe24cf0d00_0 .net/2u *"_ivl_42", 16 0, L_000001fe24d102c8;  1 drivers
v000001fe24cf0da0_0 .net *"_ivl_44", 0 0, L_000001fe24cf3a20;  1 drivers
v000001fe24cf15c0_0 .net *"_ivl_46", 0 0, L_000001fe24c91c80;  1 drivers
v000001fe24cf1ca0_0 .net *"_ivl_48", 16 0, L_000001fe24cf4ce0;  1 drivers
L_000001fe24d10310 .functor BUFT 1, C4<01100111010100000>, C4<0>, C4<0>, C4<0>;
v000001fe24cf2100_0 .net/2u *"_ivl_50", 16 0, L_000001fe24d10310;  1 drivers
v000001fe24cf2380_0 .net *"_ivl_52", 0 0, L_000001fe24cf3b60;  1 drivers
v000001fe24cf2600_0 .net *"_ivl_54", 0 0, L_000001fe24c91430;  1 drivers
L_000001fe24d10358 .functor BUFT 1, C4<0110111>, C4<0>, C4<0>, C4<0>;
v000001fe24cf1340_0 .net/2u *"_ivl_56", 6 0, L_000001fe24d10358;  1 drivers
v000001fe24cf1d40_0 .net *"_ivl_58", 0 0, L_000001fe24cf4420;  1 drivers
v000001fe24cf1e80_0 .net *"_ivl_6", 0 0, L_000001fe24cf3e80;  1 drivers
v000001fe24cf0e40_0 .net *"_ivl_60", 0 0, L_000001fe24c91510;  1 drivers
v000001fe24cf10c0_0 .net *"_ivl_65", 13 0, L_000001fe24cf4d80;  1 drivers
L_000001fe24d103a0 .functor BUFT 1, C4<01100110000001>, C4<0>, C4<0>, C4<0>;
v000001fe24cf1f20_0 .net/2u *"_ivl_67", 13 0, L_000001fe24d103a0;  1 drivers
v000001fe24cf2560_0 .net *"_ivl_69", 0 0, L_000001fe24cf3d40;  1 drivers
L_000001fe24d103e8 .functor BUFT 1, C4<0110111>, C4<0>, C4<0>, C4<0>;
v000001fe24cf0ee0_0 .net/2u *"_ivl_71", 6 0, L_000001fe24d103e8;  1 drivers
v000001fe24cf0f80_0 .net *"_ivl_73", 0 0, L_000001fe24cf3fc0;  1 drivers
v000001fe24cf1ac0_0 .net *"_ivl_75", 0 0, L_000001fe24c91e40;  1 drivers
L_000001fe24d10430 .functor BUFT 1, C4<0100011>, C4<0>, C4<0>, C4<0>;
v000001fe24cf2740_0 .net/2u *"_ivl_77", 6 0, L_000001fe24d10430;  1 drivers
v000001fe24cf1020_0 .net *"_ivl_79", 0 0, L_000001fe24cf4060;  1 drivers
v000001fe24cf1480_0 .net *"_ivl_8", 0 0, L_000001fe24c912e0;  1 drivers
L_000001fe24d10478 .functor BUFT 1, C4<1100011>, C4<0>, C4<0>, C4<0>;
v000001fe24cf1160_0 .net/2u *"_ivl_81", 6 0, L_000001fe24d10478;  1 drivers
v000001fe24cf13e0_0 .net *"_ivl_83", 0 0, L_000001fe24cf4c40;  1 drivers
v000001fe24cf1de0_0 .net *"_ivl_85", 0 0, L_000001fe24c91580;  1 drivers
L_000001fe24d104c0 .functor BUFT 1, C4<0000000>, C4<0>, C4<0>, C4<0>;
v000001fe24cf1660_0 .net/2u *"_ivl_87", 6 0, L_000001fe24d104c0;  1 drivers
v000001fe24cf1fc0_0 .net *"_ivl_89", 0 0, L_000001fe24cf4f60;  1 drivers
v000001fe24cf1c00_0 .net *"_ivl_91", 0 0, L_000001fe24c91350;  1 drivers
v000001fe24cf1520_0 .net *"_ivl_93", 0 0, L_000001fe24c91d60;  1 drivers
L_000001fe24d10508 .functor BUFT 1, C4<0100011>, C4<0>, C4<0>, C4<0>;
v000001fe24cf17a0_0 .net/2u *"_ivl_99", 6 0, L_000001fe24d10508;  1 drivers
v000001fe24cf1700_0 .net "alu_op", 4 0, L_000001fe24cf49c0;  alias, 1 drivers
v000001fe24cf2060_0 .net "branch_jump", 2 0, L_000001fe24cf3c00;  alias, 1 drivers
v000001fe24cf1840_0 .net "data1_alu_sel", 0 0, L_000001fe24c91890;  alias, 1 drivers
v000001fe24cf2420_0 .net "data2_alu_sel", 0 0, L_000001fe24d59780;  alias, 1 drivers
v000001fe24cf18e0_0 .net "funct3", 2 0, v000001fe24cf3160_0;  1 drivers
v000001fe24cf1980_0 .net "funct3_mux_select", 0 0, L_000001fe24c91c10;  1 drivers
v000001fe24cf21a0_0 .net "funct7", 6 0, v000001fe24cf3480_0;  1 drivers
v000001fe24cf2240_0 .net "imm_sel", 3 0, L_000001fe24d0a2f0;  alias, 1 drivers
v000001fe24cf24c0_0 .net "mem_read", 3 0, L_000001fe24cf47e0;  alias, 1 drivers
v000001fe24cf4600_0 .net "mem_write", 2 0, L_000001fe24cf3de0;  alias, 1 drivers
v000001fe24cf3840_0 .net "opcode", 6 0, v000001fe24cf4a60_0;  1 drivers
v000001fe24cf3700_0 .net "reg_write_en", 0 0, L_000001fe24c91cf0;  alias, 1 drivers
v000001fe24cf30c0_0 .net "reset", 0 0, v000001fe24cf3f20_0;  1 drivers
v000001fe24cf4e20_0 .net "wb_sel", 1 0, L_000001fe24d0bd30;  alias, 1 drivers
L_000001fe24cf4920 .cmp/eq 7, v000001fe24cf4a60_0, L_000001fe24d10088;
L_000001fe24cf3e80 .cmp/eq 7, v000001fe24cf4a60_0, L_000001fe24d100d0;
L_000001fe24cf4740 .cmp/eq 7, v000001fe24cf4a60_0, L_000001fe24d10118;
L_000001fe24cf4b00 .cmp/eq 7, v000001fe24cf4a60_0, L_000001fe24d10160;
L_000001fe24cf4560 .cmp/eq 7, v000001fe24cf4a60_0, L_000001fe24d101a8;
L_000001fe24cf4100 .concat [ 7 3 7 0], v000001fe24cf3480_0, v000001fe24cf3160_0, v000001fe24cf4a60_0;
L_000001fe24cf41a0 .cmp/eq 17, L_000001fe24cf4100, L_000001fe24d10280;
L_000001fe24cf3520 .concat [ 7 3 7 0], v000001fe24cf3480_0, v000001fe24cf3160_0, v000001fe24cf4a60_0;
L_000001fe24cf3a20 .cmp/eq 17, L_000001fe24cf3520, L_000001fe24d102c8;
L_000001fe24cf4ce0 .concat [ 7 3 7 0], v000001fe24cf3480_0, v000001fe24cf3160_0, v000001fe24cf4a60_0;
L_000001fe24cf3b60 .cmp/eq 17, L_000001fe24cf4ce0, L_000001fe24d10310;
L_000001fe24cf4420 .cmp/eq 7, v000001fe24cf4a60_0, L_000001fe24d10358;
L_000001fe24cf49c0 .concat8 [ 3 1 1 0], L_000001fe24cf38e0, L_000001fe24c91e40, L_000001fe24c91510;
L_000001fe24cf4d80 .concat [ 7 7 0 0], v000001fe24cf3480_0, v000001fe24cf4a60_0;
L_000001fe24cf3d40 .cmp/eq 14, L_000001fe24cf4d80, L_000001fe24d103a0;
L_000001fe24cf3fc0 .cmp/eq 7, v000001fe24cf4a60_0, L_000001fe24d103e8;
L_000001fe24cf4060 .cmp/eq 7, v000001fe24cf4a60_0, L_000001fe24d10430;
L_000001fe24cf4c40 .cmp/eq 7, v000001fe24cf4a60_0, L_000001fe24d10478;
L_000001fe24cf4f60 .cmp/eq 7, v000001fe24cf4a60_0, L_000001fe24d104c0;
L_000001fe24cf32a0 .delay 1 (30,30,30) L_000001fe24cf32a0/d;
L_000001fe24cf32a0/d .cmp/eq 7, v000001fe24cf4a60_0, L_000001fe24d10508;
L_000001fe24cf3de0 .concat8 [ 2 1 0 0], L_000001fe24cf3340, L_000001fe24cf32a0;
L_000001fe24cf3340 .delay 2 (30,30,30) L_000001fe24cf3340/d;
L_000001fe24cf3340/d .part v000001fe24cf3160_0, 0, 2;
L_000001fe24cf35c0 .delay 1 (30,30,30) L_000001fe24cf35c0/d;
L_000001fe24cf35c0/d .cmp/eq 7, v000001fe24cf4a60_0, L_000001fe24d10550;
L_000001fe24cf47e0 .concat8 [ 3 1 0 0], L_000001fe24c91660, L_000001fe24cf35c0;
L_000001fe24cf33e0 .cmp/eq 7, v000001fe24cf4a60_0, L_000001fe24d10598;
L_000001fe24cf3660 .cmp/eq 7, v000001fe24cf4a60_0, L_000001fe24d105e0;
L_000001fe24cf3c00 .delay 3 (30,30,30) L_000001fe24cf3c00/d;
L_000001fe24cf3c00/d .functor MUXZ 3, v000001fe24cf3160_0, L_000001fe24d10628, L_000001fe24c91f20, C4<>;
L_000001fe24cf3ca0 .concat [ 3 7 0 0], v000001fe24cf3160_0, v000001fe24cf4a60_0;
L_000001fe24cf4240 .cmp/eq 10, L_000001fe24cf3ca0, L_000001fe24d10670;
L_000001fe24cf42e0 .concat [ 3 7 0 0], v000001fe24cf3160_0, v000001fe24cf4a60_0;
L_000001fe24cf4380 .cmp/eq 10, L_000001fe24cf42e0, L_000001fe24d106b8;
L_000001fe24d0bb50 .concat [ 3 7 0 0], v000001fe24cf3160_0, v000001fe24cf4a60_0;
L_000001fe24d0a430 .cmp/eq 10, L_000001fe24d0bb50, L_000001fe24d10700;
L_000001fe24d0a390 .concat [ 7 3 7 0], v000001fe24cf3480_0, v000001fe24cf3160_0, v000001fe24cf4a60_0;
L_000001fe24d0a1b0 .cmp/eq 17, L_000001fe24d0a390, L_000001fe24d10748;
L_000001fe24d0a250 .concat [ 7 3 7 0], v000001fe24cf3480_0, v000001fe24cf3160_0, v000001fe24cf4a60_0;
L_000001fe24d0acf0 .cmp/eq 17, L_000001fe24d0a250, L_000001fe24d10790;
L_000001fe24d0bfb0 .concat [ 7 3 7 0], v000001fe24cf3480_0, v000001fe24cf3160_0, v000001fe24cf4a60_0;
L_000001fe24d0ad90 .cmp/eq 17, L_000001fe24d0bfb0, L_000001fe24d107d8;
L_000001fe24d0a9d0 .concat [ 7 3 7 0], v000001fe24cf3480_0, v000001fe24cf3160_0, v000001fe24cf4a60_0;
L_000001fe24d0b970 .cmp/eq 17, L_000001fe24d0a9d0, L_000001fe24d10820;
L_000001fe24d0a2f0 .concat8 [ 3 1 0 0], L_000001fe24d0a6b0, L_000001fe24c917b0;
L_000001fe24d0b3d0 .cmp/eq 7, v000001fe24cf4a60_0, L_000001fe24d10868;
L_000001fe24d0ae30 .cmp/eq 7, v000001fe24cf4a60_0, L_000001fe24d108f8;
L_000001fe24d0aa70 .cmp/eq 7, v000001fe24cf4a60_0, L_000001fe24d10988;
L_000001fe24d0b470 .cmp/eq 7, v000001fe24cf4a60_0, L_000001fe24d10a18;
L_000001fe24d0b0b0 .cmp/eq 7, v000001fe24cf4a60_0, L_000001fe24d10aa8;
L_000001fe24d0ba10 .cmp/eq 7, v000001fe24cf4a60_0, L_000001fe24d10b38;
L_000001fe24d0abb0 .cmp/eq 7, v000001fe24cf4a60_0, L_000001fe24d10bc8;
L_000001fe24d0a4d0 .concat [ 3 7 0 0], v000001fe24cf3160_0, v000001fe24cf4a60_0;
L_000001fe24d0a570 .cmp/eq 10, L_000001fe24d0a4d0, L_000001fe24d10c58;
L_000001fe24d0a610 .cmp/eq 7, v000001fe24cf4a60_0, L_000001fe24d10ce8;
L_000001fe24d0ab10 .functor MUXZ 3, L_000001fe24d10d78, L_000001fe24d10d30, L_000001fe24d0a610, C4<>;
L_000001fe24d0bdd0 .functor MUXZ 3, L_000001fe24d0ab10, L_000001fe24d10ca0, L_000001fe24d0a570, C4<>;
L_000001fe24d0a890 .functor MUXZ 3, L_000001fe24d0bdd0, L_000001fe24d10c10, L_000001fe24d0abb0, C4<>;
L_000001fe24d0bf10 .functor MUXZ 3, L_000001fe24d0a890, L_000001fe24d10b80, L_000001fe24d0ba10, C4<>;
L_000001fe24d0b150 .functor MUXZ 3, L_000001fe24d0bf10, L_000001fe24d10af0, L_000001fe24d0b0b0, C4<>;
L_000001fe24d0b1f0 .functor MUXZ 3, L_000001fe24d0b150, L_000001fe24d10a60, L_000001fe24d0b470, C4<>;
L_000001fe24d0b6f0 .functor MUXZ 3, L_000001fe24d0b1f0, L_000001fe24d109d0, L_000001fe24d0aa70, C4<>;
L_000001fe24d0b830 .functor MUXZ 3, L_000001fe24d0b6f0, L_000001fe24d10940, L_000001fe24d0ae30, C4<>;
L_000001fe24d0a6b0 .delay 3 (30,30,30) L_000001fe24d0a6b0/d;
L_000001fe24d0a6b0/d .functor MUXZ 3, L_000001fe24d0b830, L_000001fe24d108b0, L_000001fe24d0b3d0, C4<>;
L_000001fe24d0b790 .cmp/eq 7, v000001fe24cf4a60_0, L_000001fe24d10dc0;
L_000001fe24d0a110 .cmp/eq 7, v000001fe24cf4a60_0, L_000001fe24d10e08;
L_000001fe24d0a750 .cmp/eq 7, v000001fe24cf4a60_0, L_000001fe24d10e50;
L_000001fe24d0b510 .cmp/eq 7, v000001fe24cf4a60_0, L_000001fe24d10e98;
L_000001fe24d0a7f0 .cmp/eq 7, v000001fe24cf4a60_0, L_000001fe24d10ee0;
L_000001fe24d0ac50 .cmp/eq 7, v000001fe24cf4a60_0, L_000001fe24d10f28;
L_000001fe24d0a930 .cmp/eq 7, v000001fe24cf4a60_0, L_000001fe24d10f70;
L_000001fe24d0aed0 .cmp/eq 7, v000001fe24cf4a60_0, L_000001fe24d10fb8;
L_000001fe24d0af70 .cmp/eq 7, v000001fe24cf4a60_0, L_000001fe24d11000;
L_000001fe24d0bab0 .cmp/eq 7, v000001fe24cf4a60_0, L_000001fe24d11048;
L_000001fe24d0bbf0 .cmp/eq 7, v000001fe24cf4a60_0, L_000001fe24d11090;
L_000001fe24d0bc90 .cmp/eq 7, v000001fe24cf4a60_0, L_000001fe24d110d8;
L_000001fe24d0b8d0 .cmp/eq 7, v000001fe24cf4a60_0, L_000001fe24d11120;
L_000001fe24d0b010 .cmp/eq 7, v000001fe24cf4a60_0, L_000001fe24d11168;
L_000001fe24d0bd30 .concat8 [ 1 1 0 0], L_000001fe24d59940, L_000001fe24d59d30;
L_000001fe24d0b290 .cmp/eq 7, v000001fe24cf4a60_0, L_000001fe24d111b0;
L_000001fe24d0b330 .cmp/eq 7, v000001fe24cf4a60_0, L_000001fe24d111f8;
L_000001fe24d0be70 .cmp/eq 7, v000001fe24cf4a60_0, L_000001fe24d11240;
S_000001fe24c66330 .scope module, "funct3_mux" "mux_3b_2to1" 3 34, 4 3 0, S_000001fe24c54d50;
 .timescale -9 -10;
    .port_info 0 /INPUT 3 "a";
    .port_info 1 /INPUT 3 "b";
    .port_info 2 /OUTPUT 3 "out";
    .port_info 3 /INPUT 1 "sel";
L_000001fe24d101f0 .functor BUFT 1, C4<1>, C4<0>, C4<0>, C4<0>;
L_000001fe24c91b30 .functor XNOR 1, L_000001fe24c91c10, L_000001fe24d101f0, C4<0>, C4<0>;
v000001fe24c8e2f0_0 .net/2u *"_ivl_0", 0 0, L_000001fe24d101f0;  1 drivers
v000001fe24c8da30_0 .net *"_ivl_2", 0 0, L_000001fe24c91b30;  1 drivers
v000001fe24c8e070_0 .net "a", 2 0, v000001fe24cf3160_0;  alias, 1 drivers
L_000001fe24d10238 .functor BUFT 1, C4<000>, C4<0>, C4<0>, C4<0>;
v000001fe24c8e110_0 .net "b", 2 0, L_000001fe24d10238;  1 drivers
v000001fe24c8e930_0 .net "out", 2 0, L_000001fe24cf38e0;  1 drivers
v000001fe24c8e6b0_0 .net "sel", 0 0, L_000001fe24c91c10;  alias, 1 drivers
L_000001fe24cf38e0 .functor MUXZ 3, v000001fe24cf3160_0, L_000001fe24d10238, L_000001fe24c91b30, C4<>;
    .scope S_000001fe24c4d790;
T_0 ;
    %vpi_call 2 43 "$dumpfile", "tb_control_unit.vcd" {0 0 0};
    %vpi_call 2 44 "$dumpvars", 32'sb00000000000000000000000000000000, S_000001fe24c4d790 {0 0 0};
    %vpi_call 2 47 "$monitor", "Time: %d | Opcode: %b | Funct3: %b | Funct7: %b | Reset: %b | ALU_OP: %b | RegWrite: %b | MemWrite: %b | MemRead: %b | BranchJump: %b | ImmSel: %b | Data1Sel: %b | Data2Sel: %b | WBSel: %b", $time, v000001fe24cf4a60_0, v000001fe24cf3160_0, v000001fe24cf3480_0, v000001fe24cf3f20_0, v000001fe24cf46a0_0, v000001fe24cf3980_0, v000001fe24cf4880_0, v000001fe24cf4ba0_0, v000001fe24cf37a0_0, v000001fe24cf44c0_0, v000001fe24cf4ec0_0, v000001fe24cf3ac0_0, v000001fe24cf3200_0 {0 0 0};
    %end;
    .thread T_0;
    .scope S_000001fe24c4d790;
T_1 ;
    %delay 100, 0;
    %pushi/vec4 0, 0, 7;
    %store/vec4 v000001fe24cf4a60_0, 0, 7;
    %pushi/vec4 0, 0, 3;
    %store/vec4 v000001fe24cf3160_0, 0, 3;
    %pushi/vec4 0, 0, 7;
    %store/vec4 v000001fe24cf3480_0, 0, 7;
    %pushi/vec4 0, 0, 1;
    %store/vec4 v000001fe24cf3f20_0, 0, 1;
    %delay 100, 0;
    %pushi/vec4 51, 0, 7;
    %store/vec4 v000001fe24cf4a60_0, 0, 7;
    %pushi/vec4 0, 0, 3;
    %store/vec4 v000001fe24cf3160_0, 0, 3;
    %pushi/vec4 0, 0, 7;
    %store/vec4 v000001fe24cf3480_0, 0, 7;
    %delay 100, 0;
    %delay 100, 0;
    %pushi/vec4 19, 0, 7;
    %store/vec4 v000001fe24cf4a60_0, 0, 7;
    %pushi/vec4 0, 0, 3;
    %store/vec4 v000001fe24cf3160_0, 0, 3;
    %pushi/vec4 0, 0, 7;
    %store/vec4 v000001fe24cf3480_0, 0, 7;
    %delay 100, 0;
    %delay 100, 0;
    %pushi/vec4 3, 0, 7;
    %store/vec4 v000001fe24cf4a60_0, 0, 7;
    %pushi/vec4 2, 0, 3;
    %store/vec4 v000001fe24cf3160_0, 0, 3;
    %pushi/vec4 0, 0, 7;
    %store/vec4 v000001fe24cf3480_0, 0, 7;
    %delay 100, 0;
    %delay 100, 0;
    %pushi/vec4 35, 0, 7;
    %store/vec4 v000001fe24cf4a60_0, 0, 7;
    %pushi/vec4 2, 0, 3;
    %store/vec4 v000001fe24cf3160_0, 0, 3;
    %pushi/vec4 0, 0, 7;
    %store/vec4 v000001fe24cf3480_0, 0, 7;
    %delay 100, 0;
    %delay 100, 0;
    %pushi/vec4 99, 0, 7;
    %store/vec4 v000001fe24cf4a60_0, 0, 7;
    %pushi/vec4 0, 0, 3;
    %store/vec4 v000001fe24cf3160_0, 0, 3;
    %pushi/vec4 0, 0, 7;
    %store/vec4 v000001fe24cf3480_0, 0, 7;
    %delay 100, 0;
    %delay 100, 0;
    %pushi/vec4 111, 0, 7;
    %store/vec4 v000001fe24cf4a60_0, 0, 7;
    %pushi/vec4 0, 0, 3;
    %store/vec4 v000001fe24cf3160_0, 0, 3;
    %pushi/vec4 0, 0, 7;
    %store/vec4 v000001fe24cf3480_0, 0, 7;
    %delay 100, 0;
    %delay 100, 0;
    %pushi/vec4 55, 0, 7;
    %store/vec4 v000001fe24cf4a60_0, 0, 7;
    %pushi/vec4 0, 0, 3;
    %store/vec4 v000001fe24cf3160_0, 0, 3;
    %pushi/vec4 0, 0, 7;
    %store/vec4 v000001fe24cf3480_0, 0, 7;
    %delay 100, 0;
    %delay 100, 0;
    %pushi/vec4 23, 0, 7;
    %store/vec4 v000001fe24cf4a60_0, 0, 7;
    %pushi/vec4 0, 0, 3;
    %store/vec4 v000001fe24cf3160_0, 0, 3;
    %pushi/vec4 0, 0, 7;
    %store/vec4 v000001fe24cf3480_0, 0, 7;
    %delay 100, 0;
    %delay 100, 0;
    %pushi/vec4 1, 0, 1;
    %store/vec4 v000001fe24cf3f20_0, 0, 1;
    %delay 100, 0;
    %pushi/vec4 0, 0, 1;
    %store/vec4 v000001fe24cf3f20_0, 0, 1;
    %delay 100, 0;
    %vpi_call 2 125 "$finish" {0 0 0};
    %end;
    .thread T_1;
# The file index is used to find the file name in the following table.
:file_names 5;
    "N/A";
    "<interactive>";
    "control_unit_tb.v";
    "./../../ID_stage/control_unit/control_unit.v";
    "./../../utils/muxs/mux_3b_2to1.v";
