#! /c/Source/iverilog-install/bin/vvp
:ivl_version "12.0 (devel)" "(s20150603-1539-g2693dd32b)";
:ivl_delay_selection "TYPICAL";
:vpi_time_precision - 10;
:vpi_module "F:\iverilog\lib\ivl\system.vpi";
:vpi_module "F:\iverilog\lib\ivl\vhdl_sys.vpi";
:vpi_module "F:\iverilog\lib\ivl\vhdl_textio.vpi";
:vpi_module "F:\iverilog\lib\ivl\v2005_math.vpi";
:vpi_module "F:\iverilog\lib\ivl\va_math.vpi";
S_000001c50fe41b90 .scope module, "alu" "alu" 2 5;
 .timescale -9 -10;
    .port_info 0 /INPUT 32 "DATA1";
    .port_info 1 /INPUT 32 "DATA2";
    .port_info 2 /INPUT 5 "SELECT";
    .port_info 3 /OUTPUT 32 "RESULT";
o000001c50fe41f98 .functor BUFZ 32, C4<zzzzzzzzzzzzzzzzzzzzzzzzzzzzzzzz>; HiZ drive
L_000001c50fe251a0/d .functor BUFZ 32, o000001c50fe41f98, C4<00000000000000000000000000000000>, C4<00000000000000000000000000000000>, C4<00000000000000000000000000000000>;
L_000001c50fe251a0 .delay 32 (10,10,10) L_000001c50fe251a0/d;
o000001c50fe41fc8 .functor BUFZ 32, C4<zzzzzzzzzzzzzzzzzzzzzzzzzzzzzzzz>; HiZ drive
L_000001c50fe25280/d .functor XOR 32, o000001c50fe41f98, o000001c50fe41fc8, C4<00000000000000000000000000000000>, C4<00000000000000000000000000000000>;
L_000001c50fe25280 .delay 32 (10,10,10) L_000001c50fe25280/d;
L_000001c50fe25360/d .functor OR 32, o000001c50fe41f98, o000001c50fe41fc8, C4<00000000000000000000000000000000>, C4<00000000000000000000000000000000>;
L_000001c50fe25360 .delay 32 (10,10,10) L_000001c50fe25360/d;
L_000001c50feecd20/d .functor AND 32, o000001c50fe41f98, o000001c50fe41fc8, C4<11111111111111111111111111111111>, C4<11111111111111111111111111111111>;
L_000001c50feecd20 .delay 32 (10,10,10) L_000001c50feecd20/d;
v000001c50fe2f6b0_0 .net "DATA1", 31 0, o000001c50fe41f98;  0 drivers
v000001c50fe2f930_0 .net "DATA2", 31 0, o000001c50fe41fc8;  0 drivers
v000001c50fe2f4d0_0 .var "RESULT", 31 0;
o000001c50fe42028 .functor BUFZ 5, C4<zzzzz>; HiZ drive
v000001c50fe2f390_0 .net "SELECT", 4 0, o000001c50fe42028;  0 drivers
L_000001c50fe930b0 .functor BUFT 1, C4<00000000000000000000000000000000>, C4<0>, C4<0>, C4<0>;
v000001c50fe2f750_0 .net/2u *"_ivl_10", 31 0, L_000001c50fe930b0;  1 drivers
v000001c50fe2fcf0_0 .net *"_ivl_14", 0 0, L_000001c50fe91820;  1 drivers
L_000001c50fe930f8 .functor BUFT 1, C4<00000000000000000000000000000001>, C4<0>, C4<0>, C4<0>;
v000001c50fe2f7f0_0 .net/2u *"_ivl_16", 31 0, L_000001c50fe930f8;  1 drivers
L_000001c50fe93140 .functor BUFT 1, C4<00000000000000000000000000000000>, C4<0>, C4<0>, C4<0>;
v000001c50fe2f430_0 .net/2u *"_ivl_18", 31 0, L_000001c50fe93140;  1 drivers
v000001c50fe2fe30_0 .net *"_ivl_6", 0 0, L_000001c50fe911e0;  1 drivers
L_000001c50fe93068 .functor BUFT 1, C4<00000000000000000000000000000001>, C4<0>, C4<0>, C4<0>;
v000001c50fe2f110_0 .net/2u *"_ivl_8", 31 0, L_000001c50fe93068;  1 drivers
v000001c50fe2f9d0_0 .net "addData", 31 0, L_000001c50fe91fa0;  1 drivers
v000001c50fe2fa70_0 .net "andData", 31 0, L_000001c50feecd20;  1 drivers
v000001c50fe2f570_0 .net "divData", 31 0, L_000001c50fe927c0;  1 drivers
v000001c50fe2fb10_0 .net "divuData", 31 0, L_000001c50fe92ea0;  1 drivers
v000001c50fe2fbb0_0 .net "forwardData", 31 0, L_000001c50fe251a0;  1 drivers
v000001c50fe2efd0_0 .net "mulData", 31 0, L_000001c50fe91320;  1 drivers
L_000001c50fe93188 .delay 32 (30,30,30) L_000001c50fe93188/d;
L_000001c50fe93188/d .functor BUFT 1, C4<00000000000000000000000000000000>, C4<0>, C4<0>, C4<0>;
v000001c50fe2fd90_0 .net "mulhData", 31 0, L_000001c50fe93188;  1 drivers
L_000001c50fe931d0 .delay 32 (30,30,30) L_000001c50fe931d0/d;
L_000001c50fe931d0/d .functor BUFT 1, C4<00000000000000000000000000000000>, C4<0>, C4<0>, C4<0>;
v000001c50fe2fed0_0 .net "mulhsuData", 31 0, L_000001c50fe931d0;  1 drivers
L_000001c50fe93218 .delay 32 (30,30,30) L_000001c50fe93218/d;
L_000001c50fe93218/d .functor BUFT 1, C4<00000000000000000000000000000000>, C4<0>, C4<0>, C4<0>;
v000001c50fe2f070_0 .net "mulhuData", 31 0, L_000001c50fe93218;  1 drivers
v000001c50fe2f1b0_0 .net "orData", 31 0, L_000001c50fe25360;  1 drivers
v000001c50fe2f250_0 .net "remData", 31 0, L_000001c50fe92c20;  1 drivers
v000001c50fe916e0_0 .net "remuData", 31 0, L_000001c50fe910a0;  1 drivers
v000001c50fe91dc0_0 .net "sllData", 31 0, L_000001c50fe92f40;  1 drivers
v000001c50fe913c0_0 .net "sltData", 31 0, L_000001c50fe92b80;  1 drivers
v000001c50fe91280_0 .net "sltuData", 31 0, L_000001c50fe91460;  1 drivers
v000001c50fe91c80_0 .net "sraData", 31 0, L_000001c50fe91e60;  1 drivers
v000001c50fe92ae0_0 .net "srlData", 31 0, L_000001c50fe92a40;  1 drivers
v000001c50fe91f00_0 .net "subData", 31 0, L_000001c50fe91a00;  1 drivers
v000001c50fe91780_0 .net "xorData", 31 0, L_000001c50fe25280;  1 drivers
E_000001c50fe2ea40/0 .event anyedge, v000001c50fe2f390_0, v000001c50fe2fbb0_0, v000001c50fe2f9d0_0, v000001c50fe91f00_0;
E_000001c50fe2ea40/1 .event anyedge, v000001c50fe91dc0_0, v000001c50fe913c0_0, v000001c50fe91280_0, v000001c50fe91780_0;
E_000001c50fe2ea40/2 .event anyedge, v000001c50fe92ae0_0, v000001c50fe91c80_0, v000001c50fe2f1b0_0, v000001c50fe2fa70_0;
E_000001c50fe2ea40/3 .event anyedge, v000001c50fe2efd0_0, v000001c50fe2fd90_0, v000001c50fe2fed0_0, v000001c50fe2f070_0;
E_000001c50fe2ea40/4 .event anyedge, v000001c50fe2f570_0, v000001c50fe2fb10_0, v000001c50fe2f250_0, v000001c50fe916e0_0;
E_000001c50fe2ea40 .event/or E_000001c50fe2ea40/0, E_000001c50fe2ea40/1, E_000001c50fe2ea40/2, E_000001c50fe2ea40/3, E_000001c50fe2ea40/4;
L_000001c50fe91fa0 .delay 32 (20,20,20) L_000001c50fe91fa0/d;
L_000001c50fe91fa0/d .arith/sum 32, o000001c50fe41f98, o000001c50fe41fc8;
L_000001c50fe91a00 .delay 32 (20,20,20) L_000001c50fe91a00/d;
L_000001c50fe91a00/d .arith/sub 32, o000001c50fe41f98, o000001c50fe41fc8;
L_000001c50fe911e0 .cmp/gt.s 32, o000001c50fe41fc8, o000001c50fe41f98;
L_000001c50fe92b80 .delay 32 (10,10,10) L_000001c50fe92b80/d;
L_000001c50fe92b80/d .functor MUXZ 32, L_000001c50fe930b0, L_000001c50fe93068, L_000001c50fe911e0, C4<>;
L_000001c50fe91820 .cmp/gt 32, o000001c50fe41fc8, o000001c50fe41f98;
L_000001c50fe91460 .delay 32 (10,10,10) L_000001c50fe91460/d;
L_000001c50fe91460/d .functor MUXZ 32, L_000001c50fe93140, L_000001c50fe930f8, L_000001c50fe91820, C4<>;
L_000001c50fe92f40 .delay 32 (10,10,10) L_000001c50fe92f40/d;
L_000001c50fe92f40/d .shift/l 32, o000001c50fe41f98, o000001c50fe41fc8;
L_000001c50fe92a40 .delay 32 (10,10,10) L_000001c50fe92a40/d;
L_000001c50fe92a40/d .shift/r 32, o000001c50fe41f98, o000001c50fe41fc8;
L_000001c50fe91e60 .delay 32 (10,10,10) L_000001c50fe91e60/d;
L_000001c50fe91e60/d .shift/r 32, o000001c50fe41f98, o000001c50fe41fc8;
L_000001c50fe91320 .delay 32 (30,30,30) L_000001c50fe91320/d;
L_000001c50fe91320/d .arith/mult 32, o000001c50fe41f98, o000001c50fe41fc8;
L_000001c50fe927c0 .delay 32 (30,30,30) L_000001c50fe927c0/d;
L_000001c50fe927c0/d .arith/div 32, o000001c50fe41f98, o000001c50fe41fc8;
L_000001c50fe92ea0 .delay 32 (30,30,30) L_000001c50fe92ea0/d;
L_000001c50fe92ea0/d .arith/div 32, o000001c50fe41f98, o000001c50fe41fc8;
L_000001c50fe92c20 .delay 32 (30,30,30) L_000001c50fe92c20/d;
L_000001c50fe92c20/d .arith/mod 32, o000001c50fe41f98, o000001c50fe41fc8;
L_000001c50fe910a0 .delay 32 (30,30,30) L_000001c50fe910a0/d;
L_000001c50fe910a0/d .arith/mod 32, o000001c50fe41f98, o000001c50fe41fc8;
    .scope S_000001c50fe41b90;
T_0 ;
    %wait E_000001c50fe2ea40;
    %load/vec4 v000001c50fe2f390_0;
    %dup/vec4;
    %pushi/vec4 0, 0, 5;
    %cmp/u;
    %jmp/1 T_0.0, 6;
    %dup/vec4;
    %pushi/vec4 1, 0, 5;
    %cmp/u;
    %jmp/1 T_0.1, 6;
    %dup/vec4;
    %pushi/vec4 2, 0, 5;
    %cmp/u;
    %jmp/1 T_0.2, 6;
    %dup/vec4;
    %pushi/vec4 3, 0, 5;
    %cmp/u;
    %jmp/1 T_0.3, 6;
    %dup/vec4;
    %pushi/vec4 4, 0, 5;
    %cmp/u;
    %jmp/1 T_0.4, 6;
    %dup/vec4;
    %pushi/vec4 5, 0, 5;
    %cmp/u;
    %jmp/1 T_0.5, 6;
    %dup/vec4;
    %pushi/vec4 6, 0, 5;
    %cmp/u;
    %jmp/1 T_0.6, 6;
    %dup/vec4;
    %pushi/vec4 7, 0, 5;
    %cmp/u;
    %jmp/1 T_0.7, 6;
    %dup/vec4;
    %pushi/vec4 8, 0, 5;
    %cmp/u;
    %jmp/1 T_0.8, 6;
    %dup/vec4;
    %pushi/vec4 9, 0, 5;
    %cmp/u;
    %jmp/1 T_0.9, 6;
    %dup/vec4;
    %pushi/vec4 10, 0, 5;
    %cmp/u;
    %jmp/1 T_0.10, 6;
    %dup/vec4;
    %pushi/vec4 11, 0, 5;
    %cmp/u;
    %jmp/1 T_0.11, 6;
    %dup/vec4;
    %pushi/vec4 12, 0, 5;
    %cmp/u;
    %jmp/1 T_0.12, 6;
    %dup/vec4;
    %pushi/vec4 13, 0, 5;
    %cmp/u;
    %jmp/1 T_0.13, 6;
    %dup/vec4;
    %pushi/vec4 14, 0, 5;
    %cmp/u;
    %jmp/1 T_0.14, 6;
    %dup/vec4;
    %pushi/vec4 15, 0, 5;
    %cmp/u;
    %jmp/1 T_0.15, 6;
    %dup/vec4;
    %pushi/vec4 16, 0, 5;
    %cmp/u;
    %jmp/1 T_0.16, 6;
    %dup/vec4;
    %pushi/vec4 17, 0, 5;
    %cmp/u;
    %jmp/1 T_0.17, 6;
    %dup/vec4;
    %pushi/vec4 18, 0, 5;
    %cmp/u;
    %jmp/1 T_0.18, 6;
    %pushi/vec4 0, 0, 32;
    %store/vec4 v000001c50fe2f4d0_0, 0, 32;
    %jmp T_0.20;
T_0.0 ;
    %load/vec4 v000001c50fe2fbb0_0;
    %store/vec4 v000001c50fe2f4d0_0, 0, 32;
    %jmp T_0.20;
T_0.1 ;
    %load/vec4 v000001c50fe2f9d0_0;
    %store/vec4 v000001c50fe2f4d0_0, 0, 32;
    %jmp T_0.20;
T_0.2 ;
    %load/vec4 v000001c50fe91f00_0;
    %store/vec4 v000001c50fe2f4d0_0, 0, 32;
    %jmp T_0.20;
T_0.3 ;
    %load/vec4 v000001c50fe91dc0_0;
    %store/vec4 v000001c50fe2f4d0_0, 0, 32;
    %jmp T_0.20;
T_0.4 ;
    %load/vec4 v000001c50fe913c0_0;
    %store/vec4 v000001c50fe2f4d0_0, 0, 32;
    %jmp T_0.20;
T_0.5 ;
    %load/vec4 v000001c50fe91280_0;
    %store/vec4 v000001c50fe2f4d0_0, 0, 32;
    %jmp T_0.20;
T_0.6 ;
    %load/vec4 v000001c50fe91780_0;
    %store/vec4 v000001c50fe2f4d0_0, 0, 32;
    %jmp T_0.20;
T_0.7 ;
    %load/vec4 v000001c50fe92ae0_0;
    %store/vec4 v000001c50fe2f4d0_0, 0, 32;
    %jmp T_0.20;
T_0.8 ;
    %load/vec4 v000001c50fe91c80_0;
    %store/vec4 v000001c50fe2f4d0_0, 0, 32;
    %jmp T_0.20;
T_0.9 ;
    %load/vec4 v000001c50fe2f1b0_0;
    %store/vec4 v000001c50fe2f4d0_0, 0, 32;
    %jmp T_0.20;
T_0.10 ;
    %load/vec4 v000001c50fe2fa70_0;
    %store/vec4 v000001c50fe2f4d0_0, 0, 32;
    %jmp T_0.20;
T_0.11 ;
    %load/vec4 v000001c50fe2efd0_0;
    %store/vec4 v000001c50fe2f4d0_0, 0, 32;
    %jmp T_0.20;
T_0.12 ;
    %load/vec4 v000001c50fe2fd90_0;
    %store/vec4 v000001c50fe2f4d0_0, 0, 32;
    %jmp T_0.20;
T_0.13 ;
    %load/vec4 v000001c50fe2fed0_0;
    %store/vec4 v000001c50fe2f4d0_0, 0, 32;
    %jmp T_0.20;
T_0.14 ;
    %load/vec4 v000001c50fe2f070_0;
    %store/vec4 v000001c50fe2f4d0_0, 0, 32;
    %jmp T_0.20;
T_0.15 ;
    %load/vec4 v000001c50fe2f570_0;
    %store/vec4 v000001c50fe2f4d0_0, 0, 32;
    %jmp T_0.20;
T_0.16 ;
    %load/vec4 v000001c50fe2fb10_0;
    %store/vec4 v000001c50fe2f4d0_0, 0, 32;
    %jmp T_0.20;
T_0.17 ;
    %load/vec4 v000001c50fe2f250_0;
    %store/vec4 v000001c50fe2f4d0_0, 0, 32;
    %jmp T_0.20;
T_0.18 ;
    %load/vec4 v000001c50fe916e0_0;
    %store/vec4 v000001c50fe2f4d0_0, 0, 32;
    %jmp T_0.20;
T_0.20 ;
    %pop/vec4 1;
    %jmp T_0;
    .thread T_0, $push;
# The file index is used to find the file name in the following table.
:file_names 3;
    "N/A";
    "<interactive>";
    "alu.v";
