#! /c/Source/iverilog-install/bin/vvp
:ivl_version "12.0 (devel)" "(s20150603-1539-g2693dd32b)";
:ivl_delay_selection "TYPICAL";
:vpi_time_precision - 10;
:vpi_module "F:\iverilog\lib\ivl\system.vpi";
:vpi_module "F:\iverilog\lib\ivl\vhdl_sys.vpi";
:vpi_module "F:\iverilog\lib\ivl\vhdl_textio.vpi";
:vpi_module "F:\iverilog\lib\ivl\v2005_math.vpi";
:vpi_module "F:\iverilog\lib\ivl\va_math.vpi";
S_0000021d37277f50 .scope module, "alu_tb" "alu_tb" 2 4;
 .timescale -9 -10;
v0000021d3721f630_0 .var/s "data1", 31 0;
v0000021d3721fb30_0 .var/s "data2", 31 0;
v0000021d3721f090_0 .net/s "result", 31 0, v0000021d371acdb0_0;  1 drivers
v0000021d37220cb0_0 .var "select", 4 0;
S_0000021d371c12a0 .scope module, "myalu" "alu" 2 10, 3 5 0, S_0000021d37277f50;
 .timescale -9 -10;
    .port_info 0 /INPUT 32 "DATA1";
    .port_info 1 /INPUT 32 "DATA2";
    .port_info 2 /INPUT 5 "SELECT";
    .port_info 3 /OUTPUT 32 "RESULT";
L_0000021d371afc40/d .functor BUFZ 32, v0000021d3721f630_0, C4<00000000000000000000000000000000>, C4<00000000000000000000000000000000>, C4<00000000000000000000000000000000>;
L_0000021d371afc40 .delay 32 (10,10,10) L_0000021d371afc40/d;
L_0000021d371afbd0/d .functor XOR 32, v0000021d3721f630_0, v0000021d3721fb30_0, C4<00000000000000000000000000000000>, C4<00000000000000000000000000000000>;
L_0000021d371afbd0 .delay 32 (10,10,10) L_0000021d371afbd0/d;
L_0000021d371af620/d .functor OR 32, v0000021d3721f630_0, v0000021d3721fb30_0, C4<00000000000000000000000000000000>, C4<00000000000000000000000000000000>;
L_0000021d371af620 .delay 32 (10,10,10) L_0000021d371af620/d;
L_0000021d371af9a0/d .functor AND 32, v0000021d3721f630_0, v0000021d3721fb30_0, C4<11111111111111111111111111111111>, C4<11111111111111111111111111111111>;
L_0000021d371af9a0 .delay 32 (10,10,10) L_0000021d371af9a0/d;
v0000021d371acef0_0 .net "DATA1", 31 0, v0000021d3721f630_0;  1 drivers
v0000021d371acf90_0 .net "DATA2", 31 0, v0000021d3721fb30_0;  1 drivers
v0000021d371acdb0_0 .var "RESULT", 31 0;
v0000021d371ad3f0_0 .net "SELECT", 4 0, v0000021d37220cb0_0;  1 drivers
L_0000021d372220b0 .functor BUFT 1, C4<00000000000000000000000000000000>, C4<0>, C4<0>, C4<0>;
v0000021d371ad490_0 .net/2u *"_ivl_10", 31 0, L_0000021d372220b0;  1 drivers
v0000021d371adad0_0 .net *"_ivl_14", 0 0, L_0000021d37220530;  1 drivers
L_0000021d372220f8 .functor BUFT 1, C4<00000000000000000000000000000001>, C4<0>, C4<0>, C4<0>;
v0000021d371ace50_0 .net/2u *"_ivl_16", 31 0, L_0000021d372220f8;  1 drivers
L_0000021d37222140 .functor BUFT 1, C4<00000000000000000000000000000000>, C4<0>, C4<0>, C4<0>;
v0000021d371ad850_0 .net/2u *"_ivl_18", 31 0, L_0000021d37222140;  1 drivers
v0000021d371ad030_0 .net *"_ivl_6", 0 0, L_0000021d3721f770;  1 drivers
L_0000021d37222068 .functor BUFT 1, C4<00000000000000000000000000000001>, C4<0>, C4<0>, C4<0>;
v0000021d371ad0d0_0 .net/2u *"_ivl_8", 31 0, L_0000021d37222068;  1 drivers
v0000021d371ad5d0_0 .net "addData", 31 0, L_0000021d3721f1d0;  1 drivers
v0000021d371ad8f0_0 .net "andData", 31 0, L_0000021d371af9a0;  1 drivers
v0000021d371ad710_0 .net "divData", 31 0, L_0000021d37220670;  1 drivers
v0000021d371ad7b0_0 .net "divuData", 31 0, L_0000021d37220850;  1 drivers
v0000021d371ad990_0 .net "forwardData", 31 0, L_0000021d371afc40;  1 drivers
v0000021d371ada30_0 .net "mulData", 31 0, L_0000021d3721f810;  1 drivers
L_0000021d37222188 .delay 32 (30,30,30) L_0000021d37222188/d;
L_0000021d37222188/d .functor BUFT 1, C4<00000000000000000000000000000000>, C4<0>, C4<0>, C4<0>;
v0000021d371adb70_0 .net "mulhData", 31 0, L_0000021d37222188;  1 drivers
L_0000021d372221d0 .delay 32 (30,30,30) L_0000021d372221d0/d;
L_0000021d372221d0/d .functor BUFT 1, C4<00000000000000000000000000000000>, C4<0>, C4<0>, C4<0>;
v0000021d371ad170_0 .net "mulhsuData", 31 0, L_0000021d372221d0;  1 drivers
v0000021d371ad210_0 .net "mulhuData", 31 0, L_0000021d37220df0;  1 drivers
v0000021d371ad2b0_0 .net "orData", 31 0, L_0000021d371af620;  1 drivers
v0000021d371ad350_0 .net "remData", 31 0, L_0000021d3721fd10;  1 drivers
v0000021d3721f270_0 .net "remuData", 31 0, L_0000021d3721f4f0;  1 drivers
v0000021d3721ff90_0 .net "sllData", 31 0, L_0000021d37220d50;  1 drivers
v0000021d37220c10_0 .net "sltData", 31 0, L_0000021d3721f130;  1 drivers
v0000021d372208f0_0 .net "sltuData", 31 0, L_0000021d37220990;  1 drivers
v0000021d3721f6d0_0 .net "sraData", 31 0, L_0000021d37220e90;  1 drivers
v0000021d37220210_0 .net "srlData", 31 0, L_0000021d372205d0;  1 drivers
v0000021d372203f0_0 .net "subData", 31 0, L_0000021d37220490;  1 drivers
v0000021d372200d0_0 .net "xorData", 31 0, L_0000021d371afbd0;  1 drivers
E_0000021d371ae960/0 .event anyedge, v0000021d371ad3f0_0, v0000021d371ad990_0, v0000021d371ad5d0_0, v0000021d372203f0_0;
E_0000021d371ae960/1 .event anyedge, v0000021d3721ff90_0, v0000021d37220c10_0, v0000021d372208f0_0, v0000021d372200d0_0;
E_0000021d371ae960/2 .event anyedge, v0000021d37220210_0, v0000021d3721f6d0_0, v0000021d371ad2b0_0, v0000021d371ad8f0_0;
E_0000021d371ae960/3 .event anyedge, v0000021d371ada30_0, v0000021d371adb70_0, v0000021d371ad170_0, v0000021d371ad210_0;
E_0000021d371ae960/4 .event anyedge, v0000021d371ad710_0, v0000021d371ad7b0_0, v0000021d371ad350_0, v0000021d3721f270_0;
E_0000021d371ae960 .event/or E_0000021d371ae960/0, E_0000021d371ae960/1, E_0000021d371ae960/2, E_0000021d371ae960/3, E_0000021d371ae960/4;
L_0000021d3721f1d0 .delay 32 (20,20,20) L_0000021d3721f1d0/d;
L_0000021d3721f1d0/d .arith/sum 32, v0000021d3721f630_0, v0000021d3721fb30_0;
L_0000021d37220490 .delay 32 (20,20,20) L_0000021d37220490/d;
L_0000021d37220490/d .arith/sub 32, v0000021d3721f630_0, v0000021d3721fb30_0;
L_0000021d3721f770 .cmp/gt.s 32, v0000021d3721fb30_0, v0000021d3721f630_0;
L_0000021d3721f130 .delay 32 (10,10,10) L_0000021d3721f130/d;
L_0000021d3721f130/d .functor MUXZ 32, L_0000021d372220b0, L_0000021d37222068, L_0000021d3721f770, C4<>;
L_0000021d37220530 .cmp/gt 32, v0000021d3721fb30_0, v0000021d3721f630_0;
L_0000021d37220990 .delay 32 (10,10,10) L_0000021d37220990/d;
L_0000021d37220990/d .functor MUXZ 32, L_0000021d37222140, L_0000021d372220f8, L_0000021d37220530, C4<>;
L_0000021d37220d50 .delay 32 (10,10,10) L_0000021d37220d50/d;
L_0000021d37220d50/d .shift/l 32, v0000021d3721f630_0, v0000021d3721fb30_0;
L_0000021d372205d0 .delay 32 (10,10,10) L_0000021d372205d0/d;
L_0000021d372205d0/d .shift/r 32, v0000021d3721f630_0, v0000021d3721fb30_0;
L_0000021d37220e90 .delay 32 (10,10,10) L_0000021d37220e90/d;
L_0000021d37220e90/d .shift/r 32, v0000021d3721f630_0, v0000021d3721fb30_0;
L_0000021d3721f810 .delay 32 (30,30,30) L_0000021d3721f810/d;
L_0000021d3721f810/d .arith/mult 32, v0000021d3721f630_0, v0000021d3721fb30_0;
L_0000021d37220df0 .delay 32 (30,30,30) L_0000021d37220df0/d;
L_0000021d37220df0/d .arith/mult 32, v0000021d3721f630_0, v0000021d3721fb30_0;
L_0000021d37220670 .delay 32 (30,30,30) L_0000021d37220670/d;
L_0000021d37220670/d .arith/div 32, v0000021d3721f630_0, v0000021d3721fb30_0;
L_0000021d37220850 .delay 32 (30,30,30) L_0000021d37220850/d;
L_0000021d37220850/d .arith/div 32, v0000021d3721f630_0, v0000021d3721fb30_0;
L_0000021d3721fd10 .delay 32 (30,30,30) L_0000021d3721fd10/d;
L_0000021d3721fd10/d .arith/mod 32, v0000021d3721f630_0, v0000021d3721fb30_0;
L_0000021d3721f4f0 .delay 32 (30,30,30) L_0000021d3721f4f0/d;
L_0000021d3721f4f0/d .arith/mod 32, v0000021d3721f630_0, v0000021d3721fb30_0;
    .scope S_0000021d371c12a0;
T_0 ;
    %wait E_0000021d371ae960;
    %load/vec4 v0000021d371ad3f0_0;
    %dup/vec4;
    %pushi/vec4 0, 0, 5;
    %cmp/u;
    %jmp/1 T_0.0, 6;
    %dup/vec4;
    %pushi/vec4 1, 0, 5;
    %cmp/u;
    %jmp/1 T_0.1, 6;
    %dup/vec4;
    %pushi/vec4 2, 0, 5;
    %cmp/u;
    %jmp/1 T_0.2, 6;
    %dup/vec4;
    %pushi/vec4 3, 0, 5;
    %cmp/u;
    %jmp/1 T_0.3, 6;
    %dup/vec4;
    %pushi/vec4 4, 0, 5;
    %cmp/u;
    %jmp/1 T_0.4, 6;
    %dup/vec4;
    %pushi/vec4 5, 0, 5;
    %cmp/u;
    %jmp/1 T_0.5, 6;
    %dup/vec4;
    %pushi/vec4 6, 0, 5;
    %cmp/u;
    %jmp/1 T_0.6, 6;
    %dup/vec4;
    %pushi/vec4 7, 0, 5;
    %cmp/u;
    %jmp/1 T_0.7, 6;
    %dup/vec4;
    %pushi/vec4 8, 0, 5;
    %cmp/u;
    %jmp/1 T_0.8, 6;
    %dup/vec4;
    %pushi/vec4 9, 0, 5;
    %cmp/u;
    %jmp/1 T_0.9, 6;
    %dup/vec4;
    %pushi/vec4 10, 0, 5;
    %cmp/u;
    %jmp/1 T_0.10, 6;
    %dup/vec4;
    %pushi/vec4 11, 0, 5;
    %cmp/u;
    %jmp/1 T_0.11, 6;
    %dup/vec4;
    %pushi/vec4 12, 0, 5;
    %cmp/u;
    %jmp/1 T_0.12, 6;
    %dup/vec4;
    %pushi/vec4 13, 0, 5;
    %cmp/u;
    %jmp/1 T_0.13, 6;
    %dup/vec4;
    %pushi/vec4 14, 0, 5;
    %cmp/u;
    %jmp/1 T_0.14, 6;
    %dup/vec4;
    %pushi/vec4 15, 0, 5;
    %cmp/u;
    %jmp/1 T_0.15, 6;
    %dup/vec4;
    %pushi/vec4 16, 0, 5;
    %cmp/u;
    %jmp/1 T_0.16, 6;
    %dup/vec4;
    %pushi/vec4 17, 0, 5;
    %cmp/u;
    %jmp/1 T_0.17, 6;
    %dup/vec4;
    %pushi/vec4 18, 0, 5;
    %cmp/u;
    %jmp/1 T_0.18, 6;
    %pushi/vec4 0, 0, 32;
    %store/vec4 v0000021d371acdb0_0, 0, 32;
    %jmp T_0.20;
T_0.0 ;
    %load/vec4 v0000021d371ad990_0;
    %store/vec4 v0000021d371acdb0_0, 0, 32;
    %jmp T_0.20;
T_0.1 ;
    %load/vec4 v0000021d371ad5d0_0;
    %store/vec4 v0000021d371acdb0_0, 0, 32;
    %jmp T_0.20;
T_0.2 ;
    %load/vec4 v0000021d372203f0_0;
    %store/vec4 v0000021d371acdb0_0, 0, 32;
    %jmp T_0.20;
T_0.3 ;
    %load/vec4 v0000021d3721ff90_0;
    %store/vec4 v0000021d371acdb0_0, 0, 32;
    %jmp T_0.20;
T_0.4 ;
    %load/vec4 v0000021d37220c10_0;
    %store/vec4 v0000021d371acdb0_0, 0, 32;
    %jmp T_0.20;
T_0.5 ;
    %load/vec4 v0000021d372208f0_0;
    %store/vec4 v0000021d371acdb0_0, 0, 32;
    %jmp T_0.20;
T_0.6 ;
    %load/vec4 v0000021d372200d0_0;
    %store/vec4 v0000021d371acdb0_0, 0, 32;
    %jmp T_0.20;
T_0.7 ;
    %load/vec4 v0000021d37220210_0;
    %store/vec4 v0000021d371acdb0_0, 0, 32;
    %jmp T_0.20;
T_0.8 ;
    %load/vec4 v0000021d3721f6d0_0;
    %store/vec4 v0000021d371acdb0_0, 0, 32;
    %jmp T_0.20;
T_0.9 ;
    %load/vec4 v0000021d371ad2b0_0;
    %store/vec4 v0000021d371acdb0_0, 0, 32;
    %jmp T_0.20;
T_0.10 ;
    %load/vec4 v0000021d371ad8f0_0;
    %store/vec4 v0000021d371acdb0_0, 0, 32;
    %jmp T_0.20;
T_0.11 ;
    %load/vec4 v0000021d371ada30_0;
    %store/vec4 v0000021d371acdb0_0, 0, 32;
    %jmp T_0.20;
T_0.12 ;
    %load/vec4 v0000021d371adb70_0;
    %store/vec4 v0000021d371acdb0_0, 0, 32;
    %jmp T_0.20;
T_0.13 ;
    %load/vec4 v0000021d371ad170_0;
    %store/vec4 v0000021d371acdb0_0, 0, 32;
    %jmp T_0.20;
T_0.14 ;
    %load/vec4 v0000021d371ad210_0;
    %store/vec4 v0000021d371acdb0_0, 0, 32;
    %jmp T_0.20;
T_0.15 ;
    %load/vec4 v0000021d371ad710_0;
    %store/vec4 v0000021d371acdb0_0, 0, 32;
    %jmp T_0.20;
T_0.16 ;
    %load/vec4 v0000021d371ad7b0_0;
    %store/vec4 v0000021d371acdb0_0, 0, 32;
    %jmp T_0.20;
T_0.17 ;
    %load/vec4 v0000021d371ad350_0;
    %store/vec4 v0000021d371acdb0_0, 0, 32;
    %jmp T_0.20;
T_0.18 ;
    %load/vec4 v0000021d3721f270_0;
    %store/vec4 v0000021d371acdb0_0, 0, 32;
    %jmp T_0.20;
T_0.20 ;
    %pop/vec4 1;
    %jmp T_0;
    .thread T_0, $push;
    .scope S_0000021d37277f50;
T_1 ;
    %pushi/vec4 1, 0, 32;
    %store/vec4 v0000021d3721f630_0, 0, 32;
    %pushi/vec4 2, 0, 32;
    %store/vec4 v0000021d3721fb30_0, 0, 32;
    %pushi/vec4 0, 0, 5;
    %store/vec4 v0000021d37220cb0_0, 0, 5;
    %delay 100, 0;
    %pushi/vec4 5, 0, 32;
    %store/vec4 v0000021d3721f630_0, 0, 32;
    %pushi/vec4 2, 0, 32;
    %store/vec4 v0000021d3721fb30_0, 0, 32;
    %pushi/vec4 0, 0, 5;
    %store/vec4 v0000021d37220cb0_0, 0, 5;
    %delay 100, 0;
    %pushi/vec4 4, 0, 32;
    %store/vec4 v0000021d3721f630_0, 0, 32;
    %pushi/vec4 4294967294, 0, 32;
    %store/vec4 v0000021d3721fb30_0, 0, 32;
    %pushi/vec4 14, 0, 5;
    %store/vec4 v0000021d37220cb0_0, 0, 5;
    %end;
    .thread T_1;
    .scope S_0000021d37277f50;
T_2 ;
    %vpi_call 2 32 "$monitor", $time, " | data1 = %d, data2 = %d, select = %d | result = %d", v0000021d3721f630_0, v0000021d3721fb30_0, v0000021d37220cb0_0, v0000021d3721f090_0 {0 0 0};
    %end;
    .thread T_2;
# The file index is used to find the file name in the following table.
:file_names 4;
    "N/A";
    "<interactive>";
    "alu_tb.v";
    "./alu.v";
