#! /c/Source/iverilog-install/bin/vvp
:ivl_version "12.0 (devel)" "(s20150603-1539-g2693dd32b)";
:ivl_delay_selection "TYPICAL";
:vpi_time_precision - 10;
:vpi_module "F:\iverilog\lib\ivl\system.vpi";
:vpi_module "F:\iverilog\lib\ivl\vhdl_sys.vpi";
:vpi_module "F:\iverilog\lib\ivl\vhdl_textio.vpi";
:vpi_module "F:\iverilog\lib\ivl\v2005_math.vpi";
:vpi_module "F:\iverilog\lib\ivl\va_math.vpi";
S_000001fb0b61edd0 .scope module, "cpu" "cpu" 2 17;
 .timescale -9 -10;
    .port_info 0 /INPUT 32 "INST_IF";
    .port_info 1 /INPUT 1 "CLK";
    .port_info 2 /INPUT 1 "RST";
    .port_info 3 /INPUT 32 "DMEM_DATA_READ_MA";
    .port_info 4 /OUTPUT 32 "PC_IF";
    .port_info 5 /OUTPUT 32 "DMEM_ADDR_MA";
    .port_info 6 /OUTPUT 32 "DMEM_DATA_WRITE_MA";
    .port_info 7 /OUTPUT 4 "DMEM_READ_MA";
    .port_info 8 /OUTPUT 3 "DMEM_WRITE_MA";
L_000001fb0b7d7530 .functor BUFZ 32, v000001fb0b764b70_0, C4<00000000000000000000000000000000>, C4<00000000000000000000000000000000>, C4<00000000000000000000000000000000>;
L_000001fb0b7d8100 .functor BUFZ 32, v000001fb0b766510_0, C4<00000000000000000000000000000000>, C4<00000000000000000000000000000000>, C4<00000000000000000000000000000000>;
L_000001fb0b7d76f0 .functor BUFZ 4, v000001fb0b7643f0_0, C4<0000>, C4<0000>, C4<0000>;
L_000001fb0b7d6b20 .functor BUFZ 3, v000001fb0b766150_0, C4<000>, C4<000>, C4<000>;
v000001fb0b76a660_0 .net "ALU_DATA1_EX", 31 0, L_000001fb0b7ca020;  1 drivers
v000001fb0b769a80_0 .net "ALU_DATA2_EX", 31 0, L_000001fb0b7ca520;  1 drivers
v000001fb0b768c20_0 .net "ALU_OP_EX", 4 0, v000001fb0b765bb0_0;  1 drivers
v000001fb0b768ea0_0 .net "ALU_OP_ID", 4 0, L_000001fb0b76d100;  1 drivers
v000001fb0b7698a0_0 .net "ALU_OUT_EX", 31 0, v000001fb0b6fa120_0;  1 drivers
v000001fb0b768f40_0 .net "ALU_OUT_MA", 31 0, v000001fb0b764b70_0;  1 drivers
v000001fb0b769800_0 .net "ALU_OUT_WB", 31 0, v000001fb0b7670f0_0;  1 drivers
v000001fb0b768e00_0 .net "BRANCH_JUMP_EX", 2 0, v000001fb0b765c50_0;  1 drivers
v000001fb0b768900_0 .net "BRANCH_JUMP_ID", 2 0, L_000001fb0b76e0a0;  1 drivers
o000001fb0b6fea38 .functor BUFZ 1, C4<z>; HiZ drive
v000001fb0b7682c0_0 .net "BUSYWAIT", 0 0, o000001fb0b6fea38;  0 drivers
o000001fb0b6fea68 .functor BUFZ 1, C4<z>; HiZ drive
v000001fb0b768d60_0 .net "CLK", 0 0, o000001fb0b6fea68;  0 drivers
v000001fb0b7687c0_0 .net "DATA1_ALU_SEL_EX", 0 0, v000001fb0b765ed0_0;  1 drivers
v000001fb0b768720_0 .net "DATA1_ALU_SEL_ID", 0 0, L_000001fb0b7cfa70;  1 drivers
v000001fb0b7685e0_0 .net "DATA1_EX", 31 0, v000001fb0b7645d0_0;  1 drivers
v000001fb0b768a40_0 .net "DATA1_ID", 31 0, L_000001fb0b6db5a0;  1 drivers
v000001fb0b768ae0_0 .net "DATA2_ALU_SEL_EX", 0 0, v000001fb0b7666f0_0;  1 drivers
v000001fb0b768b80_0 .net "DATA2_ALU_SEL_ID", 0 0, L_000001fb0b7cf8b0;  1 drivers
v000001fb0b769e40_0 .net "DATA2_EX", 31 0, v000001fb0b764850_0;  1 drivers
v000001fb0b768fe0_0 .net "DATA2_ID", 31 0, L_000001fb0b6db760;  1 drivers
v000001fb0b769ee0_0 .net "DATA2_MA", 31 0, v000001fb0b766510_0;  1 drivers
v000001fb0b769260_0 .net "DMEM_ADDR_MA", 31 0, L_000001fb0b7d7530;  1 drivers
o000001fb0b6ff9c8 .functor BUFZ 32, C4<zzzzzzzzzzzzzzzzzzzzzzzzzzzzzzzz>; HiZ drive
v000001fb0b769300_0 .net "DMEM_DATA_READ_MA", 31 0, o000001fb0b6ff9c8;  0 drivers
v000001fb0b76b240_0 .net "DMEM_DATA_READ_WB", 31 0, v000001fb0b767050_0;  1 drivers
v000001fb0b76ab60_0 .net "DMEM_DATA_WRITE_MA", 31 0, L_000001fb0b7d8100;  1 drivers
v000001fb0b76bd80_0 .net "DMEM_READ_MA", 3 0, L_000001fb0b7d76f0;  1 drivers
v000001fb0b76b740_0 .net "DMEM_WRITE_MA", 2 0, L_000001fb0b7d6b20;  1 drivers
v000001fb0b76b920_0 .net "IMM_EX", 31 0, v000001fb0b766290_0;  1 drivers
v000001fb0b76b560_0 .net "IMM_ID", 31 0, v000001fb0b769c60_0;  1 drivers
v000001fb0b76b100_0 .net "IMM_MA", 31 0, v000001fb0b765a70_0;  1 drivers
v000001fb0b76ae80_0 .net "IMM_SEL_ID", 3 0, L_000001fb0b76d1a0;  1 drivers
v000001fb0b76b380_0 .net "IMM_WB", 31 0, v000001fb0b766ab0_0;  1 drivers
v000001fb0b76aac0_0 .net "INST_ID", 31 0, v000001fb0b765430_0;  1 drivers
o000001fb0b6ff758 .functor BUFZ 32, C4<zzzzzzzzzzzzzzzzzzzzzzzzzzzzzzzz>; HiZ drive
v000001fb0b76b1a0_0 .net "INST_IF", 31 0, o000001fb0b6ff758;  0 drivers
v000001fb0b76b6a0_0 .net "MEM_READ_EX", 3 0, v000001fb0b7640d0_0;  1 drivers
v000001fb0b76be20_0 .net "MEM_READ_ID", 3 0, L_000001fb0b76df60;  1 drivers
v000001fb0b76ac00_0 .net "MEM_READ_MA", 3 0, v000001fb0b7643f0_0;  1 drivers
v000001fb0b76aa20_0 .net "MEM_WRITE_EX", 2 0, v000001fb0b765890_0;  1 drivers
v000001fb0b76bec0_0 .net "MEM_WRITE_ID", 2 0, L_000001fb0b76e640;  1 drivers
v000001fb0b76b7e0_0 .net "MEM_WRITE_MA", 2 0, v000001fb0b766150_0;  1 drivers
o000001fb0b6fff98 .functor BUFZ 32, C4<zzzzzzzzzzzzzzzzzzzzzzzzzzzzzzzz>; HiZ drive
v000001fb0b76b4c0_0 .net "NEXT_PC_EX", 31 0, o000001fb0b6fff98;  0 drivers
v000001fb0b76bf60_0 .net "PC_EX", 31 0, v000001fb0b764530_0;  1 drivers
v000001fb0b76a8e0_0 .net "PC_ID", 31 0, v000001fb0b767e10_0;  1 drivers
v000001fb0b76ad40_0 .net "PC_IF", 31 0, v000001fb0b767a50_0;  1 drivers
v000001fb0b76b2e0_0 .net "PC_INT_IF", 31 0, L_000001fb0b76d600;  1 drivers
v000001fb0b76b420_0 .net "PC_MA", 31 0, v000001fb0b764170_0;  1 drivers
v000001fb0b76bba0_0 .net "PC_MUX_SEL_EX", 0 0, L_000001fb0b7d7990;  1 drivers
v000001fb0b76b600_0 .net "PC_PLUS_4_MA", 31 0, L_000001fb0b7caf20;  1 drivers
v000001fb0b76af20_0 .net "PC_WB", 31 0, v000001fb0b767870_0;  1 drivers
v000001fb0b76afc0_0 .net "PC__PLUS_4_IF", 31 0, L_000001fb0b76e3c0;  1 drivers
o000001fb0b6fe738 .functor BUFZ 1, C4<z>; HiZ drive
v000001fb0b76b880_0 .net "RST", 0 0, o000001fb0b6fe738;  0 drivers
v000001fb0b76bb00_0 .net "WADDR_EX", 4 0, v000001fb0b7657f0_0;  1 drivers
v000001fb0b76b9c0_0 .net "WADDR_MA", 4 0, v000001fb0b7660b0_0;  1 drivers
v000001fb0b76aca0_0 .net "WADDR_WB", 4 0, v000001fb0b7674b0_0;  1 drivers
v000001fb0b76a980_0 .net "WB_SEL_EX", 1 0, v000001fb0b765070_0;  1 drivers
v000001fb0b76ade0_0 .net "WB_SEL_ID", 1 0, L_000001fb0b770f80;  1 drivers
v000001fb0b76ba60_0 .net "WB_SEL_MA", 1 0, v000001fb0b764670_0;  1 drivers
v000001fb0b76b060_0 .net "WB_SEL_WB", 1 0, v000001fb0b767230_0;  1 drivers
v000001fb0b76bc40_0 .net "WRITE_DATA_WB", 31 0, L_000001fb0b7c96c0;  1 drivers
v000001fb0b76bce0_0 .net "WRITE_EN_EX", 0 0, v000001fb0b764990_0;  1 drivers
v000001fb0b76f180_0 .net "WRITE_EN_ID", 0 0, L_000001fb0b7d0020;  1 drivers
v000001fb0b76d4c0_0 .net "WRITE_EN_MA", 0 0, v000001fb0b765b10_0;  1 drivers
v000001fb0b76d6a0_0 .net "WRITE_EN_WB", 0 0, v000001fb0b7677d0_0;  1 drivers
L_000001fb0b76dce0 .part v000001fb0b765430_0, 15, 5;
L_000001fb0b76d2e0 .part v000001fb0b765430_0, 20, 5;
L_000001fb0b76f9a0 .part v000001fb0b765430_0, 0, 7;
L_000001fb0b770260 .part v000001fb0b765430_0, 12, 3;
L_000001fb0b7703a0 .part v000001fb0b765430_0, 25, 7;
L_000001fb0b7ca5c0 .part v000001fb0b765430_0, 7, 5;
S_000001fb0b58b510 .scope module, "alu_inst" "alu" 2 181, 3 5 0, S_000001fb0b61edd0;
 .timescale -9 -10;
    .port_info 0 /INPUT 32 "DATA1";
    .port_info 1 /INPUT 32 "DATA2";
    .port_info 2 /INPUT 5 "SELECT";
    .port_info 3 /OUTPUT 32 "RESULT";
L_000001fb0b7cf610/d .functor BUFZ 32, L_000001fb0b7ca020, C4<00000000000000000000000000000000>, C4<00000000000000000000000000000000>, C4<00000000000000000000000000000000>;
L_000001fb0b7cf610 .delay 32 (10,10,10) L_000001fb0b7cf610/d;
L_000001fb0b7cfbc0/d .functor XOR 32, L_000001fb0b7ca020, L_000001fb0b7ca520, C4<00000000000000000000000000000000>, C4<00000000000000000000000000000000>;
L_000001fb0b7cfbc0 .delay 32 (10,10,10) L_000001fb0b7cfbc0/d;
L_000001fb0b7cfca0/d .functor OR 32, L_000001fb0b7ca020, L_000001fb0b7ca520, C4<00000000000000000000000000000000>, C4<00000000000000000000000000000000>;
L_000001fb0b7cfca0 .delay 32 (10,10,10) L_000001fb0b7cfca0/d;
L_000001fb0b7cfd10/d .functor AND 32, L_000001fb0b7ca020, L_000001fb0b7ca520, C4<11111111111111111111111111111111>, C4<11111111111111111111111111111111>;
L_000001fb0b7cfd10 .delay 32 (10,10,10) L_000001fb0b7cfd10/d;
v000001fb0b6f9cc0_0 .net "DATA1", 31 0, L_000001fb0b7ca020;  alias, 1 drivers
v000001fb0b6f9220_0 .net "DATA2", 31 0, L_000001fb0b7ca520;  alias, 1 drivers
v000001fb0b6fa120_0 .var "RESULT", 31 0;
v000001fb0b6f88c0_0 .net "SELECT", 4 0, v000001fb0b765bb0_0;  alias, 1 drivers
L_000001fb0b7724b0 .functor BUFT 1, C4<00000000000000000000000000000000>, C4<0>, C4<0>, C4<0>;
v000001fb0b6f9d60_0 .net/2u *"_ivl_10", 31 0, L_000001fb0b7724b0;  1 drivers
v000001fb0b6f8960_0 .net *"_ivl_14", 0 0, L_000001fb0b7ca660;  1 drivers
L_000001fb0b7724f8 .functor BUFT 1, C4<00000000000000000000000000000001>, C4<0>, C4<0>, C4<0>;
v000001fb0b6f8460_0 .net/2u *"_ivl_16", 31 0, L_000001fb0b7724f8;  1 drivers
L_000001fb0b772540 .functor BUFT 1, C4<00000000000000000000000000000000>, C4<0>, C4<0>, C4<0>;
v000001fb0b6f8be0_0 .net/2u *"_ivl_18", 31 0, L_000001fb0b772540;  1 drivers
v000001fb0b6fa1c0_0 .net *"_ivl_6", 0 0, L_000001fb0b7cab60;  1 drivers
L_000001fb0b772468 .functor BUFT 1, C4<00000000000000000000000000000001>, C4<0>, C4<0>, C4<0>;
v000001fb0b6f97c0_0 .net/2u *"_ivl_8", 31 0, L_000001fb0b772468;  1 drivers
v000001fb0b6f9860_0 .net "addData", 31 0, L_000001fb0b7c9bc0;  1 drivers
v000001fb0b6f8aa0_0 .net "andData", 31 0, L_000001fb0b7cfd10;  1 drivers
v000001fb0b6f92c0_0 .net "divData", 31 0, L_000001fb0b7ca160;  1 drivers
v000001fb0b6f8a00_0 .net "divuData", 31 0, L_000001fb0b7cad40;  1 drivers
v000001fb0b6fa300_0 .net "forwardData", 31 0, L_000001fb0b7cf610;  1 drivers
v000001fb0b6f9900_0 .net "mulData", 31 0, L_000001fb0b7cafc0;  1 drivers
L_000001fb0b772588 .delay 32 (30,30,30) L_000001fb0b772588/d;
L_000001fb0b772588/d .functor BUFT 1, C4<00000000000000000000000000000000>, C4<0>, C4<0>, C4<0>;
v000001fb0b6f9ae0_0 .net "mulhData", 31 0, L_000001fb0b772588;  1 drivers
L_000001fb0b7725d0 .delay 32 (30,30,30) L_000001fb0b7725d0/d;
L_000001fb0b7725d0/d .functor BUFT 1, C4<00000000000000000000000000000000>, C4<0>, C4<0>, C4<0>;
v000001fb0b6f8500_0 .net "mulhsuData", 31 0, L_000001fb0b7725d0;  1 drivers
L_000001fb0b772618 .delay 32 (30,30,30) L_000001fb0b772618/d;
L_000001fb0b772618/d .functor BUFT 1, C4<00000000000000000000000000000000>, C4<0>, C4<0>, C4<0>;
v000001fb0b6f99a0_0 .net "mulhuData", 31 0, L_000001fb0b772618;  1 drivers
v000001fb0b6f85a0_0 .net "orData", 31 0, L_000001fb0b7cfca0;  1 drivers
v000001fb0b6f9040_0 .net "remData", 31 0, L_000001fb0b7c99e0;  1 drivers
v000001fb0b6f9f40_0 .net "remuData", 31 0, L_000001fb0b7c98a0;  1 drivers
v000001fb0b6f86e0_0 .net "sllData", 31 0, L_000001fb0b7ca2a0;  1 drivers
v000001fb0b6f8780_0 .net "sltData", 31 0, L_000001fb0b7ca700;  1 drivers
v000001fb0b6f9a40_0 .net "sltuData", 31 0, L_000001fb0b7ca7a0;  1 drivers
v000001fb0b6f9b80_0 .net "sraData", 31 0, L_000001fb0b7caca0;  1 drivers
v000001fb0b6f9e00_0 .net "srlData", 31 0, L_000001fb0b7ca840;  1 drivers
v000001fb0b6f9fe0_0 .net "subData", 31 0, L_000001fb0b7c9e40;  1 drivers
v000001fb0b6f9360_0 .net "xorData", 31 0, L_000001fb0b7cfbc0;  1 drivers
E_000001fb0b6e2340/0 .event anyedge, v000001fb0b6f88c0_0, v000001fb0b6f9860_0, v000001fb0b6f9fe0_0, v000001fb0b6f86e0_0;
E_000001fb0b6e2340/1 .event anyedge, v000001fb0b6f8780_0, v000001fb0b6f9a40_0, v000001fb0b6f9360_0, v000001fb0b6f9e00_0;
E_000001fb0b6e2340/2 .event anyedge, v000001fb0b6f9b80_0, v000001fb0b6f85a0_0, v000001fb0b6f8aa0_0, v000001fb0b6f9900_0;
E_000001fb0b6e2340/3 .event anyedge, v000001fb0b6f9ae0_0, v000001fb0b6f8500_0, v000001fb0b6f99a0_0, v000001fb0b6f92c0_0;
E_000001fb0b6e2340/4 .event anyedge, v000001fb0b6f8a00_0, v000001fb0b6f9040_0, v000001fb0b6f9f40_0, v000001fb0b6fa300_0;
E_000001fb0b6e2340 .event/or E_000001fb0b6e2340/0, E_000001fb0b6e2340/1, E_000001fb0b6e2340/2, E_000001fb0b6e2340/3, E_000001fb0b6e2340/4;
L_000001fb0b7c9bc0 .delay 32 (20,20,20) L_000001fb0b7c9bc0/d;
L_000001fb0b7c9bc0/d .arith/sum 32, L_000001fb0b7ca020, L_000001fb0b7ca520;
L_000001fb0b7c9e40 .delay 32 (20,20,20) L_000001fb0b7c9e40/d;
L_000001fb0b7c9e40/d .arith/sub 32, L_000001fb0b7ca020, L_000001fb0b7ca520;
L_000001fb0b7cab60 .cmp/gt.s 32, L_000001fb0b7ca520, L_000001fb0b7ca020;
L_000001fb0b7ca700 .delay 32 (10,10,10) L_000001fb0b7ca700/d;
L_000001fb0b7ca700/d .functor MUXZ 32, L_000001fb0b7724b0, L_000001fb0b772468, L_000001fb0b7cab60, C4<>;
L_000001fb0b7ca660 .cmp/gt 32, L_000001fb0b7ca520, L_000001fb0b7ca020;
L_000001fb0b7ca7a0 .delay 32 (10,10,10) L_000001fb0b7ca7a0/d;
L_000001fb0b7ca7a0/d .functor MUXZ 32, L_000001fb0b772540, L_000001fb0b7724f8, L_000001fb0b7ca660, C4<>;
L_000001fb0b7ca2a0 .delay 32 (10,10,10) L_000001fb0b7ca2a0/d;
L_000001fb0b7ca2a0/d .shift/l 32, L_000001fb0b7ca020, L_000001fb0b7ca520;
L_000001fb0b7ca840 .delay 32 (10,10,10) L_000001fb0b7ca840/d;
L_000001fb0b7ca840/d .shift/r 32, L_000001fb0b7ca020, L_000001fb0b7ca520;
L_000001fb0b7caca0 .delay 32 (10,10,10) L_000001fb0b7caca0/d;
L_000001fb0b7caca0/d .shift/r 32, L_000001fb0b7ca020, L_000001fb0b7ca520;
L_000001fb0b7cafc0 .delay 32 (30,30,30) L_000001fb0b7cafc0/d;
L_000001fb0b7cafc0/d .arith/mult 32, L_000001fb0b7ca020, L_000001fb0b7ca520;
L_000001fb0b7ca160 .delay 32 (30,30,30) L_000001fb0b7ca160/d;
L_000001fb0b7ca160/d .arith/div 32, L_000001fb0b7ca020, L_000001fb0b7ca520;
L_000001fb0b7cad40 .delay 32 (30,30,30) L_000001fb0b7cad40/d;
L_000001fb0b7cad40/d .arith/div 32, L_000001fb0b7ca020, L_000001fb0b7ca520;
L_000001fb0b7c99e0 .delay 32 (30,30,30) L_000001fb0b7c99e0/d;
L_000001fb0b7c99e0/d .arith/mod 32, L_000001fb0b7ca020, L_000001fb0b7ca520;
L_000001fb0b7c98a0 .delay 32 (30,30,30) L_000001fb0b7c98a0/d;
L_000001fb0b7c98a0/d .arith/mod 32, L_000001fb0b7ca020, L_000001fb0b7ca520;
S_000001fb0b58b6a0 .scope module, "alu_mux_1" "mux_32b_2to1" 2 165, 4 3 0, S_000001fb0b61edd0;
 .timescale -9 -10;
    .port_info 0 /INPUT 32 "a";
    .port_info 1 /INPUT 32 "b";
    .port_info 2 /INPUT 1 "sel";
    .port_info 3 /OUTPUT 32 "out";
L_000001fb0b7723d8 .functor BUFT 1, C4<1>, C4<0>, C4<0>, C4<0>;
L_000001fb0b7cf530 .functor XNOR 1, v000001fb0b765ed0_0, L_000001fb0b7723d8, C4<0>, C4<0>;
v000001fb0b6fa080_0 .net/2u *"_ivl_0", 0 0, L_000001fb0b7723d8;  1 drivers
v000001fb0b6f8820_0 .net *"_ivl_2", 0 0, L_000001fb0b7cf530;  1 drivers
v000001fb0b6f8b40_0 .net "a", 31 0, v000001fb0b7645d0_0;  alias, 1 drivers
v000001fb0b6f8c80_0 .net "b", 31 0, v000001fb0b764530_0;  alias, 1 drivers
v000001fb0b6f8d20_0 .net "out", 31 0, L_000001fb0b7ca020;  alias, 1 drivers
v000001fb0b6f8dc0_0 .net "sel", 0 0, v000001fb0b765ed0_0;  alias, 1 drivers
L_000001fb0b7ca020 .functor MUXZ 32, v000001fb0b7645d0_0, v000001fb0b764530_0, L_000001fb0b7cf530, C4<>;
S_000001fb0b588690 .scope module, "alu_mux_2" "mux_32b_2to1" 2 173, 4 3 0, S_000001fb0b61edd0;
 .timescale -9 -10;
    .port_info 0 /INPUT 32 "a";
    .port_info 1 /INPUT 32 "b";
    .port_info 2 /INPUT 1 "sel";
    .port_info 3 /OUTPUT 32 "out";
L_000001fb0b772420 .functor BUFT 1, C4<1>, C4<0>, C4<0>, C4<0>;
L_000001fb0b7cfe60 .functor XNOR 1, v000001fb0b7666f0_0, L_000001fb0b772420, C4<0>, C4<0>;
v000001fb0b6f8e60_0 .net/2u *"_ivl_0", 0 0, L_000001fb0b772420;  1 drivers
v000001fb0b6f8f00_0 .net *"_ivl_2", 0 0, L_000001fb0b7cfe60;  1 drivers
v000001fb0b6f8fa0_0 .net "a", 31 0, v000001fb0b764850_0;  alias, 1 drivers
v000001fb0b6f90e0_0 .net "b", 31 0, v000001fb0b766290_0;  alias, 1 drivers
v000001fb0b6f9180_0 .net "out", 31 0, L_000001fb0b7ca520;  alias, 1 drivers
v000001fb0b6f9400_0 .net "sel", 0 0, v000001fb0b7666f0_0;  alias, 1 drivers
L_000001fb0b7ca520 .functor MUXZ 32, v000001fb0b764850_0, v000001fb0b766290_0, L_000001fb0b7cfe60, C4<>;
S_000001fb0b588820 .scope module, "branch_logic_inst" "branch_logic" 2 189, 5 3 0, S_000001fb0b61edd0;
 .timescale -9 -10;
    .port_info 0 /INPUT 32 "data1";
    .port_info 1 /INPUT 32 "data2";
    .port_info 2 /INPUT 3 "op";
    .port_info 3 /OUTPUT 1 "out";
L_000001fb0b7d84f0 .functor AND 1, L_000001fb0b7cade0, L_000001fb0b7c9c60, C4<1>, C4<1>;
L_000001fb0b7d8560 .functor AND 1, L_000001fb0b7c94e0, L_000001fb0b7ca8e0, C4<1>, C4<1>;
L_000001fb0b7d85d0 .functor OR 1, L_000001fb0b7d84f0, L_000001fb0b7d8560, C4<0>, C4<0>;
L_000001fb0b7d8640 .functor AND 1, L_000001fb0b7c9120, L_000001fb0b7ca980, C4<1>, C4<1>;
L_000001fb0b7d86b0 .functor OR 1, L_000001fb0b7d85d0, L_000001fb0b7d8640, C4<0>, C4<0>;
L_000001fb0b7d8720 .functor AND 1, L_000001fb0b7caa20, L_000001fb0b7caac0, C4<1>, C4<1>;
L_000001fb0b7d8410 .functor OR 1, L_000001fb0b7d86b0, L_000001fb0b7d8720, C4<0>, C4<0>;
L_000001fb0b7d8480 .functor AND 1, L_000001fb0b7c9a80, L_000001fb0b7c9940, C4<1>, C4<1>;
L_000001fb0b7d83a0 .functor OR 1, L_000001fb0b7d8410, L_000001fb0b7d8480, C4<0>, C4<0>;
L_000001fb0b7d74c0 .functor AND 1, L_000001fb0b7cae80, L_000001fb0b7cac00, C4<1>, C4<1>;
L_000001fb0b7d7680 .functor OR 1, L_000001fb0b7d83a0, L_000001fb0b7d74c0, C4<0>, C4<0>;
L_000001fb0b7d7990 .functor OR 1, L_000001fb0b7d7680, L_000001fb0b7c9b20, C4<0>, C4<0>;
L_000001fb0b772660 .functor BUFT 1, C4<000>, C4<0>, C4<0>, C4<0>;
v000001fb0b6f94a0_0 .net/2u *"_ivl_0", 2 0, L_000001fb0b772660;  1 drivers
v000001fb0b6f9540_0 .net *"_ivl_10", 0 0, L_000001fb0b7c94e0;  1 drivers
v000001fb0b6f95e0_0 .net *"_ivl_12", 0 0, L_000001fb0b7ca8e0;  1 drivers
v000001fb0b6f9680_0 .net *"_ivl_15", 0 0, L_000001fb0b7d8560;  1 drivers
v000001fb0b6f9720_0 .net *"_ivl_17", 0 0, L_000001fb0b7d85d0;  1 drivers
L_000001fb0b7726f0 .functor BUFT 1, C4<100>, C4<0>, C4<0>, C4<0>;
v000001fb0b6186f0_0 .net/2u *"_ivl_18", 2 0, L_000001fb0b7726f0;  1 drivers
v000001fb0b618790_0 .net *"_ivl_2", 0 0, L_000001fb0b7cade0;  1 drivers
v000001fb0b61c610_0 .net *"_ivl_20", 0 0, L_000001fb0b7c9120;  1 drivers
v000001fb0b61c750_0 .net *"_ivl_22", 0 0, L_000001fb0b7ca980;  1 drivers
v000001fb0b75a0a0_0 .net *"_ivl_25", 0 0, L_000001fb0b7d8640;  1 drivers
v000001fb0b75a640_0 .net *"_ivl_27", 0 0, L_000001fb0b7d86b0;  1 drivers
L_000001fb0b772738 .functor BUFT 1, C4<101>, C4<0>, C4<0>, C4<0>;
v000001fb0b75a140_0 .net/2u *"_ivl_28", 2 0, L_000001fb0b772738;  1 drivers
v000001fb0b759880_0 .net *"_ivl_30", 0 0, L_000001fb0b7caa20;  1 drivers
v000001fb0b759920_0 .net *"_ivl_32", 0 0, L_000001fb0b7caac0;  1 drivers
v000001fb0b75a5a0_0 .net *"_ivl_35", 0 0, L_000001fb0b7d8720;  1 drivers
v000001fb0b75a3c0_0 .net *"_ivl_37", 0 0, L_000001fb0b7d8410;  1 drivers
L_000001fb0b772780 .functor BUFT 1, C4<110>, C4<0>, C4<0>, C4<0>;
v000001fb0b759ec0_0 .net/2u *"_ivl_38", 2 0, L_000001fb0b772780;  1 drivers
v000001fb0b759c40_0 .net *"_ivl_4", 0 0, L_000001fb0b7c9c60;  1 drivers
v000001fb0b759a60_0 .net *"_ivl_40", 0 0, L_000001fb0b7c9a80;  1 drivers
v000001fb0b75af00_0 .net *"_ivl_42", 0 0, L_000001fb0b7c9940;  1 drivers
v000001fb0b759b00_0 .net *"_ivl_45", 0 0, L_000001fb0b7d8480;  1 drivers
v000001fb0b759d80_0 .net *"_ivl_47", 0 0, L_000001fb0b7d83a0;  1 drivers
L_000001fb0b7727c8 .functor BUFT 1, C4<111>, C4<0>, C4<0>, C4<0>;
v000001fb0b759420_0 .net/2u *"_ivl_48", 2 0, L_000001fb0b7727c8;  1 drivers
v000001fb0b75a8c0_0 .net *"_ivl_50", 0 0, L_000001fb0b7cae80;  1 drivers
v000001fb0b759e20_0 .net *"_ivl_52", 0 0, L_000001fb0b7cac00;  1 drivers
v000001fb0b759740_0 .net *"_ivl_55", 0 0, L_000001fb0b7d74c0;  1 drivers
v000001fb0b75aa00_0 .net *"_ivl_57", 0 0, L_000001fb0b7d7680;  1 drivers
L_000001fb0b772810 .functor BUFT 1, C4<010>, C4<0>, C4<0>, C4<0>;
v000001fb0b759380_0 .net/2u *"_ivl_58", 2 0, L_000001fb0b772810;  1 drivers
v000001fb0b75a1e0_0 .net *"_ivl_60", 0 0, L_000001fb0b7c9b20;  1 drivers
v000001fb0b7594c0_0 .net *"_ivl_7", 0 0, L_000001fb0b7d84f0;  1 drivers
L_000001fb0b7726a8 .functor BUFT 1, C4<001>, C4<0>, C4<0>, C4<0>;
v000001fb0b759ba0_0 .net/2u *"_ivl_8", 2 0, L_000001fb0b7726a8;  1 drivers
v000001fb0b759ce0_0 .net "data1", 31 0, v000001fb0b7645d0_0;  alias, 1 drivers
v000001fb0b759560_0 .net "data2", 31 0, v000001fb0b764850_0;  alias, 1 drivers
v000001fb0b7599c0_0 .net "op", 2 0, v000001fb0b765c50_0;  alias, 1 drivers
v000001fb0b7597e0_0 .net "out", 0 0, L_000001fb0b7d7990;  alias, 1 drivers
L_000001fb0b7cade0 .cmp/eq 3, v000001fb0b765c50_0, L_000001fb0b772660;
L_000001fb0b7c9c60 .cmp/eq 32, v000001fb0b7645d0_0, v000001fb0b764850_0;
L_000001fb0b7c94e0 .cmp/eq 3, v000001fb0b765c50_0, L_000001fb0b7726a8;
L_000001fb0b7ca8e0 .cmp/ne 32, v000001fb0b7645d0_0, v000001fb0b764850_0;
L_000001fb0b7c9120 .cmp/eq 3, v000001fb0b765c50_0, L_000001fb0b7726f0;
L_000001fb0b7ca980 .cmp/gt 32, v000001fb0b764850_0, v000001fb0b7645d0_0;
L_000001fb0b7caa20 .cmp/eq 3, v000001fb0b765c50_0, L_000001fb0b772738;
L_000001fb0b7caac0 .cmp/ge 32, v000001fb0b7645d0_0, v000001fb0b764850_0;
L_000001fb0b7c9a80 .cmp/eq 3, v000001fb0b765c50_0, L_000001fb0b772780;
L_000001fb0b7c9940 .cmp/gt 32, v000001fb0b764850_0, v000001fb0b7645d0_0;
L_000001fb0b7cae80 .cmp/eq 3, v000001fb0b765c50_0, L_000001fb0b7727c8;
L_000001fb0b7cac00 .cmp/ge 32, v000001fb0b7645d0_0, v000001fb0b764850_0;
L_000001fb0b7c9b20 .cmp/eq 3, v000001fb0b765c50_0, L_000001fb0b772810;
S_000001fb0b593820 .scope module, "control_unit_inst" "control_unit" 2 103, 6 5 0, S_000001fb0b61edd0;
 .timescale -9 -10;
    .port_info 0 /INPUT 7 "opcode";
    .port_info 1 /INPUT 3 "funct3";
    .port_info 2 /INPUT 7 "funct7";
    .port_info 3 /OUTPUT 5 "alu_op";
    .port_info 4 /OUTPUT 1 "reg_write_en";
    .port_info 5 /OUTPUT 3 "mem_write";
    .port_info 6 /OUTPUT 4 "mem_read";
    .port_info 7 /OUTPUT 3 "branch_jump";
    .port_info 8 /OUTPUT 4 "imm_sel";
    .port_info 9 /OUTPUT 1 "data1_alu_sel";
    .port_info 10 /OUTPUT 1 "data2_alu_sel";
    .port_info 11 /OUTPUT 2 "wb_sel";
    .port_info 12 /INPUT 1 "reset";
L_000001fb0b6db8b0 .functor OR 1, L_000001fb0b76ed20, L_000001fb0b76e780, C4<0>, C4<0>;
L_000001fb0b5cef90 .functor OR 1, L_000001fb0b6db8b0, L_000001fb0b76d560, C4<0>, C4<0>;
L_000001fb0b5ce200 .functor OR 1, L_000001fb0b5cef90, L_000001fb0b76e320, C4<0>, C4<0>;
L_000001fb0b591330/d .functor OR 1, L_000001fb0b5ce200, L_000001fb0b76f4a0, C4<0>, C4<0>;
L_000001fb0b591330 .delay 1 (30,30,30) L_000001fb0b591330/d;
L_000001fb0b7cfdf0 .functor OR 1, L_000001fb0b76dc40, L_000001fb0b76f720, C4<0>, C4<0>;
L_000001fb0b7cf220 .functor OR 1, L_000001fb0b7cfdf0, L_000001fb0b76d380, C4<0>, C4<0>;
L_000001fb0b7cff40/d .functor OR 1, L_000001fb0b7cf220, L_000001fb0b76d7e0, C4<0>, C4<0>;
L_000001fb0b7cff40 .delay 1 (30,30,30) L_000001fb0b7cff40/d;
L_000001fb0b7cf370/d .functor OR 1, L_000001fb0b76d920, L_000001fb0b76dba0, C4<0>, C4<0>;
L_000001fb0b7cf370 .delay 1 (30,30,30) L_000001fb0b7cf370/d;
L_000001fb0b7cffb0 .functor OR 1, L_000001fb0b76d9c0, L_000001fb0b76f360, C4<0>, C4<0>;
L_000001fb0b7cfed0 .functor OR 1, L_000001fb0b7cffb0, L_000001fb0b76dd80, C4<0>, C4<0>;
L_000001fb0b7d0020/d .functor NOT 1, L_000001fb0b7cfed0, C4<0>, C4<0>, C4<0>;
L_000001fb0b7d0020 .delay 1 (30,30,30) L_000001fb0b7d0020/d;
L_000001fb0b7cf3e0/d .functor BUFZ 3, L_000001fb0b770260, C4<000>, C4<000>, C4<000>;
L_000001fb0b7cf3e0 .delay 3 (30,30,30) L_000001fb0b7cf3e0/d;
L_000001fb0b7cfae0 .functor OR 1, L_000001fb0b76e000, L_000001fb0b76f540, C4<0>, C4<0>;
L_000001fb0b7cf140 .functor OR 1, L_000001fb0b76edc0, L_000001fb0b76d420, C4<0>, C4<0>;
L_000001fb0b7cf1b0 .functor OR 1, L_000001fb0b7cf140, L_000001fb0b76ef00, C4<0>, C4<0>;
L_000001fb0b7cf680 .functor OR 1, L_000001fb0b7cf1b0, L_000001fb0b76efa0, C4<0>, C4<0>;
L_000001fb0b7cfc30 .functor OR 1, L_000001fb0b7cf680, L_000001fb0b76f040, C4<0>, C4<0>;
L_000001fb0b7cf920 .functor OR 1, L_000001fb0b7cfc30, L_000001fb0b76e280, C4<0>, C4<0>;
L_000001fb0b7cf6f0/d .functor OR 1, L_000001fb0b7cf920, L_000001fb0b76f7c0, C4<0>, C4<0>;
L_000001fb0b7cf6f0 .delay 1 (30,30,30) L_000001fb0b7cf6f0/d;
L_000001fb0b7cf5a0 .functor OR 1, L_000001fb0b770080, L_000001fb0b7706c0, C4<0>, C4<0>;
L_000001fb0b7cf990 .functor OR 1, L_000001fb0b7cf5a0, L_000001fb0b770120, C4<0>, C4<0>;
L_000001fb0b7cfa70/d .functor OR 1, L_000001fb0b7cf990, L_000001fb0b7701c0, C4<0>, C4<0>;
L_000001fb0b7cfa70 .delay 1 (30,30,30) L_000001fb0b7cfa70/d;
L_000001fb0b7cf290 .functor OR 1, L_000001fb0b770ee0, L_000001fb0b770300, C4<0>, C4<0>;
L_000001fb0b7cf300 .functor OR 1, L_000001fb0b7cf290, L_000001fb0b770940, C4<0>, C4<0>;
L_000001fb0b7cf450 .functor OR 1, L_000001fb0b7cf300, L_000001fb0b7709e0, C4<0>, C4<0>;
L_000001fb0b7cfa00 .functor OR 1, L_000001fb0b7cf450, L_000001fb0b76fcc0, C4<0>, C4<0>;
L_000001fb0b7cfb50 .functor OR 1, L_000001fb0b7cfa00, L_000001fb0b770580, C4<0>, C4<0>;
L_000001fb0b7cfd80 .functor OR 1, L_000001fb0b7cfb50, L_000001fb0b76fd60, C4<0>, C4<0>;
L_000001fb0b7cf8b0/d .functor OR 1, L_000001fb0b7cfd80, L_000001fb0b76fa40, C4<0>, C4<0>;
L_000001fb0b7cf8b0 .delay 1 (30,30,30) L_000001fb0b7cf8b0/d;
L_000001fb0b7cf7d0 .functor OR 1, L_000001fb0b770e40, L_000001fb0b76ff40, C4<0>, C4<0>;
L_000001fb0b7cf760/d .functor NOT 1, L_000001fb0b7cf7d0, C4<0>, C4<0>, C4<0>;
L_000001fb0b7cf760 .delay 1 (30,30,30) L_000001fb0b7cf760/d;
L_000001fb0b7cf4c0 .functor OR 1, L_000001fb0b770a80, L_000001fb0b770b20, C4<0>, C4<0>;
L_000001fb0b7cf840/d .functor OR 1, L_000001fb0b7cf4c0, L_000001fb0b770620, C4<0>, C4<0>;
L_000001fb0b7cf840 .delay 1 (30,30,30) L_000001fb0b7cf840/d;
L_000001fb0b7711d8 .functor BUFT 1, C4<0010111>, C4<0>, C4<0>, C4<0>;
v000001fb0b7592e0_0 .net/2u *"_ivl_0", 6 0, L_000001fb0b7711d8;  1 drivers
L_000001fb0b771268 .functor BUFT 1, C4<0100011>, C4<0>, C4<0>, C4<0>;
v000001fb0b75a280_0 .net/2u *"_ivl_10", 6 0, L_000001fb0b771268;  1 drivers
v000001fb0b75a320_0 .net *"_ivl_105", 1 0, L_000001fb0b76ebe0;  1 drivers
L_000001fb0b7716a0 .functor BUFT 1, C4<0000011>, C4<0>, C4<0>, C4<0>;
v000001fb0b759060_0 .net/2u *"_ivl_108", 6 0, L_000001fb0b7716a0;  1 drivers
v000001fb0b75ab40_0 .net *"_ivl_110", 0 0, L_000001fb0b76e960;  1 drivers
v000001fb0b75a500_0 .net *"_ivl_116", 2 0, L_000001fb0b7cf3e0;  1 drivers
L_000001fb0b7716e8 .functor BUFT 1, C4<1100111>, C4<0>, C4<0>, C4<0>;
v000001fb0b75a6e0_0 .net/2u *"_ivl_117", 6 0, L_000001fb0b7716e8;  1 drivers
v000001fb0b75a960_0 .net *"_ivl_119", 0 0, L_000001fb0b76e000;  1 drivers
v000001fb0b75a780_0 .net *"_ivl_12", 0 0, L_000001fb0b76d560;  1 drivers
L_000001fb0b771730 .functor BUFT 1, C4<1101111>, C4<0>, C4<0>, C4<0>;
v000001fb0b75a820_0 .net/2u *"_ivl_121", 6 0, L_000001fb0b771730;  1 drivers
v000001fb0b75aaa0_0 .net *"_ivl_123", 0 0, L_000001fb0b76f540;  1 drivers
v000001fb0b75ad20_0 .net *"_ivl_126", 0 0, L_000001fb0b7cfae0;  1 drivers
L_000001fb0b771778 .functor BUFT 1, C4<010>, C4<0>, C4<0>, C4<0>;
v000001fb0b75adc0_0 .net/2u *"_ivl_127", 2 0, L_000001fb0b771778;  1 drivers
v000001fb0b75ae60_0 .net *"_ivl_133", 9 0, L_000001fb0b76f860;  1 drivers
L_000001fb0b7717c0 .functor BUFT 1, C4<0000011100>, C4<0>, C4<0>, C4<0>;
v000001fb0b7591a0_0 .net/2u *"_ivl_135", 9 0, L_000001fb0b7717c0;  1 drivers
v000001fb0b759100_0 .net *"_ivl_137", 0 0, L_000001fb0b76edc0;  1 drivers
v000001fb0b759240_0 .net *"_ivl_139", 9 0, L_000001fb0b76eb40;  1 drivers
v000001fb0b7596a0_0 .net *"_ivl_14", 0 0, L_000001fb0b5cef90;  1 drivers
L_000001fb0b771808 .functor BUFT 1, C4<0000011101>, C4<0>, C4<0>, C4<0>;
v000001fb0b75d1c0_0 .net/2u *"_ivl_141", 9 0, L_000001fb0b771808;  1 drivers
v000001fb0b75e340_0 .net *"_ivl_143", 0 0, L_000001fb0b76d420;  1 drivers
v000001fb0b75eca0_0 .net *"_ivl_145", 0 0, L_000001fb0b7cf140;  1 drivers
v000001fb0b75d760_0 .net *"_ivl_147", 9 0, L_000001fb0b76ee60;  1 drivers
L_000001fb0b771850 .functor BUFT 1, C4<0010011011>, C4<0>, C4<0>, C4<0>;
v000001fb0b75e3e0_0 .net/2u *"_ivl_149", 9 0, L_000001fb0b771850;  1 drivers
v000001fb0b75ef20_0 .net *"_ivl_151", 0 0, L_000001fb0b76ef00;  1 drivers
v000001fb0b75dda0_0 .net *"_ivl_153", 0 0, L_000001fb0b7cf1b0;  1 drivers
v000001fb0b75e7a0_0 .net *"_ivl_155", 16 0, L_000001fb0b76e140;  1 drivers
L_000001fb0b771898 .functor BUFT 1, C4<01100110110000000>, C4<0>, C4<0>, C4<0>;
v000001fb0b75e480_0 .net/2u *"_ivl_157", 16 0, L_000001fb0b771898;  1 drivers
v000001fb0b75dc60_0 .net *"_ivl_159", 0 0, L_000001fb0b76efa0;  1 drivers
L_000001fb0b7712b0 .functor BUFT 1, C4<0000011>, C4<0>, C4<0>, C4<0>;
v000001fb0b75e160_0 .net/2u *"_ivl_16", 6 0, L_000001fb0b7712b0;  1 drivers
v000001fb0b75db20_0 .net *"_ivl_161", 0 0, L_000001fb0b7cf680;  1 drivers
v000001fb0b75e2a0_0 .net *"_ivl_163", 16 0, L_000001fb0b76f400;  1 drivers
L_000001fb0b7718e0 .functor BUFT 1, C4<01100110100000001>, C4<0>, C4<0>, C4<0>;
v000001fb0b75e520_0 .net/2u *"_ivl_165", 16 0, L_000001fb0b7718e0;  1 drivers
v000001fb0b75d080_0 .net *"_ivl_167", 0 0, L_000001fb0b76f040;  1 drivers
v000001fb0b75e5c0_0 .net *"_ivl_169", 0 0, L_000001fb0b7cfc30;  1 drivers
v000001fb0b75d8a0_0 .net *"_ivl_171", 16 0, L_000001fb0b76e1e0;  1 drivers
L_000001fb0b771928 .functor BUFT 1, C4<01100110110000001>, C4<0>, C4<0>, C4<0>;
v000001fb0b75e980_0 .net/2u *"_ivl_173", 16 0, L_000001fb0b771928;  1 drivers
v000001fb0b75ede0_0 .net *"_ivl_175", 0 0, L_000001fb0b76e280;  1 drivers
v000001fb0b75d620_0 .net *"_ivl_177", 0 0, L_000001fb0b7cf920;  1 drivers
v000001fb0b75e660_0 .net *"_ivl_179", 16 0, L_000001fb0b76f0e0;  1 drivers
v000001fb0b75d800_0 .net *"_ivl_18", 0 0, L_000001fb0b76e320;  1 drivers
L_000001fb0b771970 .functor BUFT 1, C4<01100111110000001>, C4<0>, C4<0>, C4<0>;
v000001fb0b75e200_0 .net/2u *"_ivl_181", 16 0, L_000001fb0b771970;  1 drivers
v000001fb0b75d120_0 .net *"_ivl_183", 0 0, L_000001fb0b76f7c0;  1 drivers
v000001fb0b75ee80_0 .net *"_ivl_185", 0 0, L_000001fb0b7cf6f0;  1 drivers
L_000001fb0b7719b8 .functor BUFT 1, C4<0000011>, C4<0>, C4<0>, C4<0>;
v000001fb0b75ec00_0 .net/2u *"_ivl_190", 6 0, L_000001fb0b7719b8;  1 drivers
v000001fb0b75e700_0 .net *"_ivl_192", 0 0, L_000001fb0b76e460;  1 drivers
L_000001fb0b771a00 .functor BUFT 1, C4<010>, C4<0>, C4<0>, C4<0>;
v000001fb0b75dd00_0 .net/2u *"_ivl_194", 2 0, L_000001fb0b771a00;  1 drivers
L_000001fb0b771a48 .functor BUFT 1, C4<0010111>, C4<0>, C4<0>, C4<0>;
v000001fb0b75e840_0 .net/2u *"_ivl_196", 6 0, L_000001fb0b771a48;  1 drivers
v000001fb0b75dbc0_0 .net *"_ivl_198", 0 0, L_000001fb0b76e500;  1 drivers
v000001fb0b75df80_0 .net *"_ivl_2", 0 0, L_000001fb0b76ed20;  1 drivers
v000001fb0b75de40_0 .net *"_ivl_20", 0 0, L_000001fb0b5ce200;  1 drivers
L_000001fb0b771a90 .functor BUFT 1, C4<000>, C4<0>, C4<0>, C4<0>;
v000001fb0b75d4e0_0 .net/2u *"_ivl_200", 2 0, L_000001fb0b771a90;  1 drivers
L_000001fb0b771ad8 .functor BUFT 1, C4<0100011>, C4<0>, C4<0>, C4<0>;
v000001fb0b75e8e0_0 .net/2u *"_ivl_202", 6 0, L_000001fb0b771ad8;  1 drivers
v000001fb0b75d9e0_0 .net *"_ivl_204", 0 0, L_000001fb0b76d240;  1 drivers
L_000001fb0b771b20 .functor BUFT 1, C4<100>, C4<0>, C4<0>, C4<0>;
v000001fb0b75ea20_0 .net/2u *"_ivl_206", 2 0, L_000001fb0b771b20;  1 drivers
L_000001fb0b771b68 .functor BUFT 1, C4<0110111>, C4<0>, C4<0>, C4<0>;
v000001fb0b75dee0_0 .net/2u *"_ivl_208", 6 0, L_000001fb0b771b68;  1 drivers
v000001fb0b75e020_0 .net *"_ivl_210", 0 0, L_000001fb0b76fe00;  1 drivers
L_000001fb0b771bb0 .functor BUFT 1, C4<000>, C4<0>, C4<0>, C4<0>;
v000001fb0b75ed40_0 .net/2u *"_ivl_212", 2 0, L_000001fb0b771bb0;  1 drivers
L_000001fb0b771bf8 .functor BUFT 1, C4<1101111>, C4<0>, C4<0>, C4<0>;
v000001fb0b75d260_0 .net/2u *"_ivl_214", 6 0, L_000001fb0b771bf8;  1 drivers
v000001fb0b75d580_0 .net *"_ivl_216", 0 0, L_000001fb0b76fb80;  1 drivers
L_000001fb0b771c40 .functor BUFT 1, C4<001>, C4<0>, C4<0>, C4<0>;
v000001fb0b75e0c0_0 .net/2u *"_ivl_218", 2 0, L_000001fb0b771c40;  1 drivers
L_000001fb0b7712f8 .functor BUFT 1, C4<1100011>, C4<0>, C4<0>, C4<0>;
v000001fb0b75eac0_0 .net/2u *"_ivl_22", 6 0, L_000001fb0b7712f8;  1 drivers
L_000001fb0b771c88 .functor BUFT 1, C4<1100111>, C4<0>, C4<0>, C4<0>;
v000001fb0b75d300_0 .net/2u *"_ivl_220", 6 0, L_000001fb0b771c88;  1 drivers
v000001fb0b75d6c0_0 .net *"_ivl_222", 0 0, L_000001fb0b770bc0;  1 drivers
L_000001fb0b771cd0 .functor BUFT 1, C4<010>, C4<0>, C4<0>, C4<0>;
v000001fb0b75d940_0 .net/2u *"_ivl_224", 2 0, L_000001fb0b771cd0;  1 drivers
L_000001fb0b771d18 .functor BUFT 1, C4<1100011>, C4<0>, C4<0>, C4<0>;
v000001fb0b75eb60_0 .net/2u *"_ivl_226", 6 0, L_000001fb0b771d18;  1 drivers
v000001fb0b75da80_0 .net *"_ivl_228", 0 0, L_000001fb0b770440;  1 drivers
L_000001fb0b771d60 .functor BUFT 1, C4<011>, C4<0>, C4<0>, C4<0>;
v000001fb0b75d3a0_0 .net/2u *"_ivl_230", 2 0, L_000001fb0b771d60;  1 drivers
v000001fb0b75d440_0 .net *"_ivl_232", 9 0, L_000001fb0b76ffe0;  1 drivers
L_000001fb0b771da8 .functor BUFT 1, C4<0010011x01>, C4<0>, C4<0>, C4<0>;
v000001fb0b760d50_0 .net *"_ivl_234", 9 0, L_000001fb0b771da8;  1 drivers
v000001fb0b75f590_0 .net *"_ivl_236", 0 0, L_000001fb0b76fea0;  1 drivers
L_000001fb0b771df0 .functor BUFT 1, C4<101>, C4<0>, C4<0>, C4<0>;
v000001fb0b75fbd0_0 .net/2u *"_ivl_238", 2 0, L_000001fb0b771df0;  1 drivers
v000001fb0b75fef0_0 .net *"_ivl_24", 0 0, L_000001fb0b76f4a0;  1 drivers
L_000001fb0b771e38 .functor BUFT 1, C4<0010011>, C4<0>, C4<0>, C4<0>;
v000001fb0b7608f0_0 .net/2u *"_ivl_240", 6 0, L_000001fb0b771e38;  1 drivers
v000001fb0b760850_0 .net *"_ivl_242", 0 0, L_000001fb0b770d00;  1 drivers
L_000001fb0b771e80 .functor BUFT 1, C4<010>, C4<0>, C4<0>, C4<0>;
v000001fb0b75f810_0 .net/2u *"_ivl_244", 2 0, L_000001fb0b771e80;  1 drivers
L_000001fb0b771ec8 .functor BUFT 1, C4<xxx>, C4<0>, C4<0>, C4<0>;
v000001fb0b75f770_0 .net *"_ivl_246", 2 0, L_000001fb0b771ec8;  1 drivers
v000001fb0b75ff90_0 .net *"_ivl_248", 2 0, L_000001fb0b76fc20;  1 drivers
v000001fb0b760490_0 .net *"_ivl_250", 2 0, L_000001fb0b770c60;  1 drivers
v000001fb0b7607b0_0 .net *"_ivl_252", 2 0, L_000001fb0b770da0;  1 drivers
v000001fb0b760c10_0 .net *"_ivl_254", 2 0, L_000001fb0b770760;  1 drivers
v000001fb0b75f8b0_0 .net *"_ivl_256", 2 0, L_000001fb0b7704e0;  1 drivers
v000001fb0b760b70_0 .net *"_ivl_258", 2 0, L_000001fb0b76fae0;  1 drivers
v000001fb0b760350_0 .net *"_ivl_260", 2 0, L_000001fb0b7708a0;  1 drivers
v000001fb0b75f450_0 .net *"_ivl_262", 2 0, L_000001fb0b76f900;  1 drivers
v000001fb0b760210_0 .net *"_ivl_264", 2 0, L_000001fb0b770800;  1 drivers
L_000001fb0b771f10 .functor BUFT 1, C4<0010111>, C4<0>, C4<0>, C4<0>;
v000001fb0b760e90_0 .net/2u *"_ivl_266", 6 0, L_000001fb0b771f10;  1 drivers
v000001fb0b75f950_0 .net *"_ivl_268", 0 0, L_000001fb0b770080;  1 drivers
L_000001fb0b771f58 .functor BUFT 1, C4<1101111>, C4<0>, C4<0>, C4<0>;
v000001fb0b7605d0_0 .net/2u *"_ivl_270", 6 0, L_000001fb0b771f58;  1 drivers
v000001fb0b760cb0_0 .net *"_ivl_272", 0 0, L_000001fb0b7706c0;  1 drivers
v000001fb0b760ad0_0 .net *"_ivl_274", 0 0, L_000001fb0b7cf5a0;  1 drivers
L_000001fb0b771fa0 .functor BUFT 1, C4<1100111>, C4<0>, C4<0>, C4<0>;
v000001fb0b75fc70_0 .net/2u *"_ivl_276", 6 0, L_000001fb0b771fa0;  1 drivers
v000001fb0b75f270_0 .net *"_ivl_278", 0 0, L_000001fb0b770120;  1 drivers
v000001fb0b760030_0 .net *"_ivl_280", 0 0, L_000001fb0b7cf990;  1 drivers
L_000001fb0b771fe8 .functor BUFT 1, C4<1100011>, C4<0>, C4<0>, C4<0>;
v000001fb0b75fdb0_0 .net/2u *"_ivl_282", 6 0, L_000001fb0b771fe8;  1 drivers
v000001fb0b760df0_0 .net *"_ivl_284", 0 0, L_000001fb0b7701c0;  1 drivers
L_000001fb0b772030 .functor BUFT 1, C4<0000011>, C4<0>, C4<0>, C4<0>;
v000001fb0b760990_0 .net/2u *"_ivl_288", 6 0, L_000001fb0b772030;  1 drivers
v000001fb0b7600d0_0 .net *"_ivl_290", 0 0, L_000001fb0b770ee0;  1 drivers
L_000001fb0b772078 .functor BUFT 1, C4<0010011>, C4<0>, C4<0>, C4<0>;
v000001fb0b760170_0 .net/2u *"_ivl_292", 6 0, L_000001fb0b772078;  1 drivers
v000001fb0b75f3b0_0 .net *"_ivl_294", 0 0, L_000001fb0b770300;  1 drivers
v000001fb0b75f090_0 .net *"_ivl_296", 0 0, L_000001fb0b7cf290;  1 drivers
L_000001fb0b7720c0 .functor BUFT 1, C4<0010111>, C4<0>, C4<0>, C4<0>;
v000001fb0b75f4f0_0 .net/2u *"_ivl_298", 6 0, L_000001fb0b7720c0;  1 drivers
v000001fb0b760a30_0 .net *"_ivl_300", 0 0, L_000001fb0b770940;  1 drivers
v000001fb0b760670_0 .net *"_ivl_302", 0 0, L_000001fb0b7cf300;  1 drivers
L_000001fb0b772108 .functor BUFT 1, C4<0100011>, C4<0>, C4<0>, C4<0>;
v000001fb0b75fd10_0 .net/2u *"_ivl_304", 6 0, L_000001fb0b772108;  1 drivers
v000001fb0b760f30_0 .net *"_ivl_306", 0 0, L_000001fb0b7709e0;  1 drivers
v000001fb0b75fe50_0 .net *"_ivl_308", 0 0, L_000001fb0b7cf450;  1 drivers
L_000001fb0b772150 .functor BUFT 1, C4<0110111>, C4<0>, C4<0>, C4<0>;
v000001fb0b7602b0_0 .net/2u *"_ivl_310", 6 0, L_000001fb0b772150;  1 drivers
v000001fb0b7603f0_0 .net *"_ivl_312", 0 0, L_000001fb0b76fcc0;  1 drivers
v000001fb0b75f130_0 .net *"_ivl_314", 0 0, L_000001fb0b7cfa00;  1 drivers
L_000001fb0b772198 .functor BUFT 1, C4<1100111>, C4<0>, C4<0>, C4<0>;
v000001fb0b75f1d0_0 .net/2u *"_ivl_316", 6 0, L_000001fb0b772198;  1 drivers
v000001fb0b75f310_0 .net *"_ivl_318", 0 0, L_000001fb0b770580;  1 drivers
v000001fb0b760530_0 .net *"_ivl_320", 0 0, L_000001fb0b7cfb50;  1 drivers
L_000001fb0b7721e0 .functor BUFT 1, C4<1101111>, C4<0>, C4<0>, C4<0>;
v000001fb0b760710_0 .net/2u *"_ivl_322", 6 0, L_000001fb0b7721e0;  1 drivers
v000001fb0b75f630_0 .net *"_ivl_324", 0 0, L_000001fb0b76fd60;  1 drivers
v000001fb0b75f6d0_0 .net *"_ivl_326", 0 0, L_000001fb0b7cfd80;  1 drivers
L_000001fb0b772228 .functor BUFT 1, C4<1100011>, C4<0>, C4<0>, C4<0>;
v000001fb0b75f9f0_0 .net/2u *"_ivl_328", 6 0, L_000001fb0b772228;  1 drivers
v000001fb0b75fa90_0 .net *"_ivl_330", 0 0, L_000001fb0b76fa40;  1 drivers
L_000001fb0b772270 .functor BUFT 1, C4<0000011>, C4<0>, C4<0>, C4<0>;
v000001fb0b75fb30_0 .net/2u *"_ivl_336", 6 0, L_000001fb0b772270;  1 drivers
v000001fb0b762d30_0 .net *"_ivl_338", 0 0, L_000001fb0b770e40;  1 drivers
v000001fb0b7620b0_0 .net *"_ivl_34", 16 0, L_000001fb0b76e8c0;  1 drivers
L_000001fb0b7722b8 .functor BUFT 1, C4<0110111>, C4<0>, C4<0>, C4<0>;
v000001fb0b763730_0 .net/2u *"_ivl_340", 6 0, L_000001fb0b7722b8;  1 drivers
v000001fb0b7632d0_0 .net *"_ivl_342", 0 0, L_000001fb0b76ff40;  1 drivers
v000001fb0b763e10_0 .net *"_ivl_344", 0 0, L_000001fb0b7cf7d0;  1 drivers
v000001fb0b7626f0_0 .net *"_ivl_346", 0 0, L_000001fb0b7cf760;  1 drivers
L_000001fb0b772300 .functor BUFT 1, C4<0110111>, C4<0>, C4<0>, C4<0>;
v000001fb0b763690_0 .net/2u *"_ivl_351", 6 0, L_000001fb0b772300;  1 drivers
v000001fb0b763d70_0 .net *"_ivl_353", 0 0, L_000001fb0b770a80;  1 drivers
L_000001fb0b772348 .functor BUFT 1, C4<1101111>, C4<0>, C4<0>, C4<0>;
v000001fb0b763b90_0 .net/2u *"_ivl_355", 6 0, L_000001fb0b772348;  1 drivers
v000001fb0b762dd0_0 .net *"_ivl_357", 0 0, L_000001fb0b770b20;  1 drivers
v000001fb0b762b50_0 .net *"_ivl_359", 0 0, L_000001fb0b7cf4c0;  1 drivers
L_000001fb0b7713d0 .functor BUFT 1, C4<00100111010100000>, C4<0>, C4<0>, C4<0>;
v000001fb0b7630f0_0 .net/2u *"_ivl_36", 16 0, L_000001fb0b7713d0;  1 drivers
L_000001fb0b772390 .functor BUFT 1, C4<1100111>, C4<0>, C4<0>, C4<0>;
v000001fb0b762e70_0 .net/2u *"_ivl_361", 6 0, L_000001fb0b772390;  1 drivers
v000001fb0b763cd0_0 .net *"_ivl_363", 0 0, L_000001fb0b770620;  1 drivers
v000001fb0b7639b0_0 .net *"_ivl_365", 0 0, L_000001fb0b7cf840;  1 drivers
v000001fb0b763190_0 .net *"_ivl_38", 0 0, L_000001fb0b76dc40;  1 drivers
L_000001fb0b771220 .functor BUFT 1, C4<1101111>, C4<0>, C4<0>, C4<0>;
v000001fb0b762fb0_0 .net/2u *"_ivl_4", 6 0, L_000001fb0b771220;  1 drivers
v000001fb0b762470_0 .net *"_ivl_40", 16 0, L_000001fb0b76f680;  1 drivers
L_000001fb0b771418 .functor BUFT 1, C4<01100110000100000>, C4<0>, C4<0>, C4<0>;
v000001fb0b763370_0 .net/2u *"_ivl_42", 16 0, L_000001fb0b771418;  1 drivers
v000001fb0b763af0_0 .net *"_ivl_44", 0 0, L_000001fb0b76f720;  1 drivers
v000001fb0b763a50_0 .net *"_ivl_46", 0 0, L_000001fb0b7cfdf0;  1 drivers
v000001fb0b763230_0 .net *"_ivl_48", 16 0, L_000001fb0b76ec80;  1 drivers
L_000001fb0b771460 .functor BUFT 1, C4<01100111010100000>, C4<0>, C4<0>, C4<0>;
v000001fb0b762bf0_0 .net/2u *"_ivl_50", 16 0, L_000001fb0b771460;  1 drivers
v000001fb0b762970_0 .net *"_ivl_52", 0 0, L_000001fb0b76d380;  1 drivers
v000001fb0b7628d0_0 .net *"_ivl_54", 0 0, L_000001fb0b7cf220;  1 drivers
L_000001fb0b7714a8 .functor BUFT 1, C4<0110111>, C4<0>, C4<0>, C4<0>;
v000001fb0b762650_0 .net/2u *"_ivl_56", 6 0, L_000001fb0b7714a8;  1 drivers
v000001fb0b763eb0_0 .net *"_ivl_58", 0 0, L_000001fb0b76d7e0;  1 drivers
v000001fb0b762790_0 .net *"_ivl_6", 0 0, L_000001fb0b76e780;  1 drivers
v000001fb0b762830_0 .net *"_ivl_60", 0 0, L_000001fb0b7cff40;  1 drivers
v000001fb0b762510_0 .net *"_ivl_65", 13 0, L_000001fb0b76f2c0;  1 drivers
L_000001fb0b7714f0 .functor BUFT 1, C4<01100110000001>, C4<0>, C4<0>, C4<0>;
v000001fb0b763410_0 .net/2u *"_ivl_67", 13 0, L_000001fb0b7714f0;  1 drivers
v000001fb0b762f10_0 .net *"_ivl_69", 0 0, L_000001fb0b76d920;  1 drivers
L_000001fb0b771538 .functor BUFT 1, C4<0110111>, C4<0>, C4<0>, C4<0>;
v000001fb0b7634b0_0 .net/2u *"_ivl_71", 6 0, L_000001fb0b771538;  1 drivers
v000001fb0b762c90_0 .net *"_ivl_73", 0 0, L_000001fb0b76dba0;  1 drivers
v000001fb0b762a10_0 .net *"_ivl_75", 0 0, L_000001fb0b7cf370;  1 drivers
L_000001fb0b771580 .functor BUFT 1, C4<0100011>, C4<0>, C4<0>, C4<0>;
v000001fb0b763550_0 .net/2u *"_ivl_77", 6 0, L_000001fb0b771580;  1 drivers
v000001fb0b762150_0 .net *"_ivl_79", 0 0, L_000001fb0b76d9c0;  1 drivers
v000001fb0b763050_0 .net *"_ivl_8", 0 0, L_000001fb0b6db8b0;  1 drivers
L_000001fb0b7715c8 .functor BUFT 1, C4<1100011>, C4<0>, C4<0>, C4<0>;
v000001fb0b763910_0 .net/2u *"_ivl_81", 6 0, L_000001fb0b7715c8;  1 drivers
v000001fb0b7635f0_0 .net *"_ivl_83", 0 0, L_000001fb0b76f360;  1 drivers
v000001fb0b7637d0_0 .net *"_ivl_85", 0 0, L_000001fb0b7cffb0;  1 drivers
L_000001fb0b771610 .functor BUFT 1, C4<0000000>, C4<0>, C4<0>, C4<0>;
v000001fb0b763870_0 .net/2u *"_ivl_87", 6 0, L_000001fb0b771610;  1 drivers
v000001fb0b763c30_0 .net *"_ivl_89", 0 0, L_000001fb0b76dd80;  1 drivers
v000001fb0b763f50_0 .net *"_ivl_91", 0 0, L_000001fb0b7cfed0;  1 drivers
L_000001fb0b771658 .functor BUFT 1, C4<0100011>, C4<0>, C4<0>, C4<0>;
v000001fb0b7621f0_0 .net/2u *"_ivl_97", 6 0, L_000001fb0b771658;  1 drivers
v000001fb0b762290_0 .net *"_ivl_99", 0 0, L_000001fb0b76dec0;  1 drivers
v000001fb0b762330_0 .net "alu_op", 4 0, L_000001fb0b76d100;  alias, 1 drivers
v000001fb0b7623d0_0 .net "branch_jump", 2 0, L_000001fb0b76e0a0;  alias, 1 drivers
v000001fb0b7625b0_0 .net "data1_alu_sel", 0 0, L_000001fb0b7cfa70;  alias, 1 drivers
v000001fb0b762ab0_0 .net "data2_alu_sel", 0 0, L_000001fb0b7cf8b0;  alias, 1 drivers
v000001fb0b764c10_0 .net "funct3", 2 0, L_000001fb0b770260;  1 drivers
v000001fb0b764710_0 .net "funct3_mux_select", 0 0, L_000001fb0b591330;  1 drivers
v000001fb0b7665b0_0 .net "funct7", 6 0, L_000001fb0b7703a0;  1 drivers
v000001fb0b764cb0_0 .net "imm_sel", 3 0, L_000001fb0b76d1a0;  alias, 1 drivers
v000001fb0b766010_0 .net "mem_read", 3 0, L_000001fb0b76df60;  alias, 1 drivers
v000001fb0b7663d0_0 .net "mem_write", 2 0, L_000001fb0b76e640;  alias, 1 drivers
v000001fb0b7661f0_0 .net "opcode", 6 0, L_000001fb0b76f9a0;  1 drivers
v000001fb0b765570_0 .net "reg_write_en", 0 0, L_000001fb0b7d0020;  alias, 1 drivers
v000001fb0b764e90_0 .net "reset", 0 0, o000001fb0b6fe738;  alias, 0 drivers
v000001fb0b7659d0_0 .net "wb_sel", 1 0, L_000001fb0b770f80;  alias, 1 drivers
L_000001fb0b76ed20 .cmp/eq 7, L_000001fb0b76f9a0, L_000001fb0b7711d8;
L_000001fb0b76e780 .cmp/eq 7, L_000001fb0b76f9a0, L_000001fb0b771220;
L_000001fb0b76d560 .cmp/eq 7, L_000001fb0b76f9a0, L_000001fb0b771268;
L_000001fb0b76e320 .cmp/eq 7, L_000001fb0b76f9a0, L_000001fb0b7712b0;
L_000001fb0b76f4a0 .cmp/eq 7, L_000001fb0b76f9a0, L_000001fb0b7712f8;
L_000001fb0b76e8c0 .concat [ 7 3 7 0], L_000001fb0b7703a0, L_000001fb0b770260, L_000001fb0b76f9a0;
L_000001fb0b76dc40 .cmp/eq 17, L_000001fb0b76e8c0, L_000001fb0b7713d0;
L_000001fb0b76f680 .concat [ 7 3 7 0], L_000001fb0b7703a0, L_000001fb0b770260, L_000001fb0b76f9a0;
L_000001fb0b76f720 .cmp/eq 17, L_000001fb0b76f680, L_000001fb0b771418;
L_000001fb0b76ec80 .concat [ 7 3 7 0], L_000001fb0b7703a0, L_000001fb0b770260, L_000001fb0b76f9a0;
L_000001fb0b76d380 .cmp/eq 17, L_000001fb0b76ec80, L_000001fb0b771460;
L_000001fb0b76d7e0 .cmp/eq 7, L_000001fb0b76f9a0, L_000001fb0b7714a8;
L_000001fb0b76d100 .concat8 [ 3 1 1 0], L_000001fb0b76db00, L_000001fb0b7cf370, L_000001fb0b7cff40;
L_000001fb0b76f2c0 .concat [ 7 7 0 0], L_000001fb0b7703a0, L_000001fb0b76f9a0;
L_000001fb0b76d920 .cmp/eq 14, L_000001fb0b76f2c0, L_000001fb0b7714f0;
L_000001fb0b76dba0 .cmp/eq 7, L_000001fb0b76f9a0, L_000001fb0b771538;
L_000001fb0b76d9c0 .cmp/eq 7, L_000001fb0b76f9a0, L_000001fb0b771580;
L_000001fb0b76f360 .cmp/eq 7, L_000001fb0b76f9a0, L_000001fb0b7715c8;
L_000001fb0b76dd80 .cmp/eq 7, L_000001fb0b76f9a0, L_000001fb0b771610;
L_000001fb0b76dec0 .delay 1 (30,30,30) L_000001fb0b76dec0/d;
L_000001fb0b76dec0/d .cmp/eq 7, L_000001fb0b76f9a0, L_000001fb0b771658;
L_000001fb0b76e640 .concat8 [ 2 1 0 0], L_000001fb0b76ebe0, L_000001fb0b76dec0;
L_000001fb0b76ebe0 .delay 2 (30,30,30) L_000001fb0b76ebe0/d;
L_000001fb0b76ebe0/d .part L_000001fb0b770260, 0, 2;
L_000001fb0b76e960 .delay 1 (30,30,30) L_000001fb0b76e960/d;
L_000001fb0b76e960/d .cmp/eq 7, L_000001fb0b76f9a0, L_000001fb0b7716a0;
L_000001fb0b76df60 .concat8 [ 3 1 0 0], L_000001fb0b7cf3e0, L_000001fb0b76e960;
L_000001fb0b76e000 .cmp/eq 7, L_000001fb0b76f9a0, L_000001fb0b7716e8;
L_000001fb0b76f540 .cmp/eq 7, L_000001fb0b76f9a0, L_000001fb0b771730;
L_000001fb0b76e0a0 .delay 3 (30,30,30) L_000001fb0b76e0a0/d;
L_000001fb0b76e0a0/d .functor MUXZ 3, L_000001fb0b770260, L_000001fb0b771778, L_000001fb0b7cfae0, C4<>;
L_000001fb0b76f860 .concat [ 3 7 0 0], L_000001fb0b770260, L_000001fb0b76f9a0;
L_000001fb0b76edc0 .cmp/eq 10, L_000001fb0b76f860, L_000001fb0b7717c0;
L_000001fb0b76eb40 .concat [ 3 7 0 0], L_000001fb0b770260, L_000001fb0b76f9a0;
L_000001fb0b76d420 .cmp/eq 10, L_000001fb0b76eb40, L_000001fb0b771808;
L_000001fb0b76ee60 .concat [ 3 7 0 0], L_000001fb0b770260, L_000001fb0b76f9a0;
L_000001fb0b76ef00 .cmp/eq 10, L_000001fb0b76ee60, L_000001fb0b771850;
L_000001fb0b76e140 .concat [ 7 3 7 0], L_000001fb0b7703a0, L_000001fb0b770260, L_000001fb0b76f9a0;
L_000001fb0b76efa0 .cmp/eq 17, L_000001fb0b76e140, L_000001fb0b771898;
L_000001fb0b76f400 .concat [ 7 3 7 0], L_000001fb0b7703a0, L_000001fb0b770260, L_000001fb0b76f9a0;
L_000001fb0b76f040 .cmp/eq 17, L_000001fb0b76f400, L_000001fb0b7718e0;
L_000001fb0b76e1e0 .concat [ 7 3 7 0], L_000001fb0b7703a0, L_000001fb0b770260, L_000001fb0b76f9a0;
L_000001fb0b76e280 .cmp/eq 17, L_000001fb0b76e1e0, L_000001fb0b771928;
L_000001fb0b76f0e0 .concat [ 7 3 7 0], L_000001fb0b7703a0, L_000001fb0b770260, L_000001fb0b76f9a0;
L_000001fb0b76f7c0 .cmp/eq 17, L_000001fb0b76f0e0, L_000001fb0b771970;
L_000001fb0b76d1a0 .concat8 [ 3 1 0 0], L_000001fb0b770800, L_000001fb0b7cf6f0;
L_000001fb0b76e460 .cmp/eq 7, L_000001fb0b76f9a0, L_000001fb0b7719b8;
L_000001fb0b76e500 .cmp/eq 7, L_000001fb0b76f9a0, L_000001fb0b771a48;
L_000001fb0b76d240 .cmp/eq 7, L_000001fb0b76f9a0, L_000001fb0b771ad8;
L_000001fb0b76fe00 .cmp/eq 7, L_000001fb0b76f9a0, L_000001fb0b771b68;
L_000001fb0b76fb80 .cmp/eq 7, L_000001fb0b76f9a0, L_000001fb0b771bf8;
L_000001fb0b770bc0 .cmp/eq 7, L_000001fb0b76f9a0, L_000001fb0b771c88;
L_000001fb0b770440 .cmp/eq 7, L_000001fb0b76f9a0, L_000001fb0b771d18;
L_000001fb0b76ffe0 .concat [ 3 7 0 0], L_000001fb0b770260, L_000001fb0b76f9a0;
L_000001fb0b76fea0 .cmp/eq 10, L_000001fb0b76ffe0, L_000001fb0b771da8;
L_000001fb0b770d00 .cmp/eq 7, L_000001fb0b76f9a0, L_000001fb0b771e38;
L_000001fb0b76fc20 .functor MUXZ 3, L_000001fb0b771ec8, L_000001fb0b771e80, L_000001fb0b770d00, C4<>;
L_000001fb0b770c60 .functor MUXZ 3, L_000001fb0b76fc20, L_000001fb0b771df0, L_000001fb0b76fea0, C4<>;
L_000001fb0b770da0 .functor MUXZ 3, L_000001fb0b770c60, L_000001fb0b771d60, L_000001fb0b770440, C4<>;
L_000001fb0b770760 .functor MUXZ 3, L_000001fb0b770da0, L_000001fb0b771cd0, L_000001fb0b770bc0, C4<>;
L_000001fb0b7704e0 .functor MUXZ 3, L_000001fb0b770760, L_000001fb0b771c40, L_000001fb0b76fb80, C4<>;
L_000001fb0b76fae0 .functor MUXZ 3, L_000001fb0b7704e0, L_000001fb0b771bb0, L_000001fb0b76fe00, C4<>;
L_000001fb0b7708a0 .functor MUXZ 3, L_000001fb0b76fae0, L_000001fb0b771b20, L_000001fb0b76d240, C4<>;
L_000001fb0b76f900 .functor MUXZ 3, L_000001fb0b7708a0, L_000001fb0b771a90, L_000001fb0b76e500, C4<>;
L_000001fb0b770800 .delay 3 (30,30,30) L_000001fb0b770800/d;
L_000001fb0b770800/d .functor MUXZ 3, L_000001fb0b76f900, L_000001fb0b771a00, L_000001fb0b76e460, C4<>;
L_000001fb0b770080 .cmp/eq 7, L_000001fb0b76f9a0, L_000001fb0b771f10;
L_000001fb0b7706c0 .cmp/eq 7, L_000001fb0b76f9a0, L_000001fb0b771f58;
L_000001fb0b770120 .cmp/eq 7, L_000001fb0b76f9a0, L_000001fb0b771fa0;
L_000001fb0b7701c0 .cmp/eq 7, L_000001fb0b76f9a0, L_000001fb0b771fe8;
L_000001fb0b770ee0 .cmp/eq 7, L_000001fb0b76f9a0, L_000001fb0b772030;
L_000001fb0b770300 .cmp/eq 7, L_000001fb0b76f9a0, L_000001fb0b772078;
L_000001fb0b770940 .cmp/eq 7, L_000001fb0b76f9a0, L_000001fb0b7720c0;
L_000001fb0b7709e0 .cmp/eq 7, L_000001fb0b76f9a0, L_000001fb0b772108;
L_000001fb0b76fcc0 .cmp/eq 7, L_000001fb0b76f9a0, L_000001fb0b772150;
L_000001fb0b770580 .cmp/eq 7, L_000001fb0b76f9a0, L_000001fb0b772198;
L_000001fb0b76fd60 .cmp/eq 7, L_000001fb0b76f9a0, L_000001fb0b7721e0;
L_000001fb0b76fa40 .cmp/eq 7, L_000001fb0b76f9a0, L_000001fb0b772228;
L_000001fb0b770e40 .cmp/eq 7, L_000001fb0b76f9a0, L_000001fb0b772270;
L_000001fb0b76ff40 .cmp/eq 7, L_000001fb0b76f9a0, L_000001fb0b7722b8;
L_000001fb0b770f80 .concat8 [ 1 1 0 0], L_000001fb0b7cf760, L_000001fb0b7cf840;
L_000001fb0b770a80 .cmp/eq 7, L_000001fb0b76f9a0, L_000001fb0b772300;
L_000001fb0b770b20 .cmp/eq 7, L_000001fb0b76f9a0, L_000001fb0b772348;
L_000001fb0b770620 .cmp/eq 7, L_000001fb0b76f9a0, L_000001fb0b772390;
S_000001fb0b566b50 .scope module, "funct3_mux" "mux_3b_2to1" 6 26, 7 3 0, S_000001fb0b593820;
 .timescale -9 -10;
    .port_info 0 /INPUT 3 "a";
    .port_info 1 /INPUT 3 "b";
    .port_info 2 /OUTPUT 3 "out";
    .port_info 3 /INPUT 1 "sel";
L_000001fb0b771340 .functor BUFT 1, C4<1>, C4<0>, C4<0>, C4<0>;
L_000001fb0b603410 .functor XNOR 1, L_000001fb0b591330, L_000001fb0b771340, C4<0>, C4<0>;
v000001fb0b759600_0 .net/2u *"_ivl_0", 0 0, L_000001fb0b771340;  1 drivers
v000001fb0b75a460_0 .net *"_ivl_2", 0 0, L_000001fb0b603410;  1 drivers
v000001fb0b75ac80_0 .net "a", 2 0, L_000001fb0b770260;  alias, 1 drivers
L_000001fb0b771388 .functor BUFT 1, C4<000>, C4<0>, C4<0>, C4<0>;
v000001fb0b759f60_0 .net "b", 2 0, L_000001fb0b771388;  1 drivers
v000001fb0b75abe0_0 .net "out", 2 0, L_000001fb0b76db00;  1 drivers
v000001fb0b75a000_0 .net "sel", 0 0, L_000001fb0b591330;  alias, 1 drivers
L_000001fb0b76db00 .functor MUXZ 3, L_000001fb0b770260, L_000001fb0b771388, L_000001fb0b603410, C4<>;
S_000001fb0b566ce0 .scope module, "ex_mem_pipeline_reg_inst" "ex_mem_pipeline_reg" 2 197, 8 3 0, S_000001fb0b61edd0;
 .timescale -9 -10;
    .port_info 0 /INPUT 1 "clk";
    .port_info 1 /INPUT 1 "rst";
    .port_info 2 /INPUT 1 "reg_write_in";
    .port_info 3 /INPUT 32 "pc_in";
    .port_info 4 /INPUT 32 "alu_result_in";
    .port_info 5 /INPUT 32 "read_data2_in";
    .port_info 6 /INPUT 32 "imm_in";
    .port_info 7 /INPUT 5 "dest_addr_in";
    .port_info 8 /INPUT 3 "mem_write_in";
    .port_info 9 /INPUT 4 "mem_read_in";
    .port_info 10 /INPUT 2 "wb_sel_in";
    .port_info 11 /INPUT 1 "busywait";
    .port_info 12 /OUTPUT 1 "reg_write_out";
    .port_info 13 /OUTPUT 32 "pc_out";
    .port_info 14 /OUTPUT 32 "alu_result_out";
    .port_info 15 /OUTPUT 32 "read_data2_out";
    .port_info 16 /OUTPUT 32 "imm_out";
    .port_info 17 /OUTPUT 5 "dest_addr_out";
    .port_info 18 /OUTPUT 3 "mem_write_out";
    .port_info 19 /OUTPUT 4 "mem_read_out";
    .port_info 20 /OUTPUT 2 "wb_sel_out";
v000001fb0b764fd0_0 .net "alu_result_in", 31 0, v000001fb0b6fa120_0;  alias, 1 drivers
v000001fb0b764b70_0 .var "alu_result_out", 31 0;
v000001fb0b766830_0 .net "busywait", 0 0, o000001fb0b6fea38;  alias, 0 drivers
v000001fb0b764350_0 .net "clk", 0 0, o000001fb0b6fea68;  alias, 0 drivers
v000001fb0b764f30_0 .net "dest_addr_in", 4 0, v000001fb0b7657f0_0;  alias, 1 drivers
v000001fb0b7660b0_0 .var "dest_addr_out", 4 0;
v000001fb0b765d90_0 .net "imm_in", 31 0, v000001fb0b766290_0;  alias, 1 drivers
v000001fb0b765a70_0 .var "imm_out", 31 0;
v000001fb0b765610_0 .net "mem_read_in", 3 0, v000001fb0b7640d0_0;  alias, 1 drivers
v000001fb0b7643f0_0 .var "mem_read_out", 3 0;
v000001fb0b7647b0_0 .net "mem_write_in", 2 0, v000001fb0b765890_0;  alias, 1 drivers
v000001fb0b766150_0 .var "mem_write_out", 2 0;
v000001fb0b7656b0_0 .net "pc_in", 31 0, v000001fb0b764530_0;  alias, 1 drivers
v000001fb0b764170_0 .var "pc_out", 31 0;
v000001fb0b764a30_0 .net "read_data2_in", 31 0, v000001fb0b764850_0;  alias, 1 drivers
v000001fb0b766510_0 .var "read_data2_out", 31 0;
v000001fb0b765930_0 .net "reg_write_in", 0 0, v000001fb0b764990_0;  alias, 1 drivers
v000001fb0b765b10_0 .var "reg_write_out", 0 0;
v000001fb0b7654d0_0 .net "rst", 0 0, o000001fb0b6fe738;  alias, 0 drivers
v000001fb0b764d50_0 .net "wb_sel_in", 1 0, v000001fb0b765070_0;  alias, 1 drivers
v000001fb0b764670_0 .var "wb_sel_out", 1 0;
E_000001fb0b6e1c80 .event posedge, v000001fb0b764e90_0, v000001fb0b764350_0;
S_000001fb0b5815b0 .scope module, "id_ex_pipeline_reg_inst" "id_ex_pipeline_reg" 2 120, 9 3 0, S_000001fb0b61edd0;
 .timescale -9 -10;
    .port_info 0 /INPUT 1 "clk";
    .port_info 1 /INPUT 1 "rst";
    .port_info 2 /INPUT 1 "reg_write_en_in";
    .port_info 3 /INPUT 1 "data1_alu_sel_in";
    .port_info 4 /INPUT 1 "data2_alu_sel_in";
    .port_info 5 /INPUT 32 "pc_in";
    .port_info 6 /INPUT 32 "read_data1_in";
    .port_info 7 /INPUT 32 "read_data2_in";
    .port_info 8 /INPUT 32 "imm_in";
    .port_info 9 /INPUT 5 "dest_addr_in";
    .port_info 10 /INPUT 5 "aluop_in";
    .port_info 11 /INPUT 3 "mem_write_in";
    .port_info 12 /INPUT 3 "branch_jump_in";
    .port_info 13 /INPUT 4 "mem_read_in";
    .port_info 14 /INPUT 2 "wb_sel_in";
    .port_info 15 /INPUT 1 "busywait";
    .port_info 16 /OUTPUT 1 "reg_write_en_out";
    .port_info 17 /OUTPUT 1 "data1_alu_sel_out";
    .port_info 18 /OUTPUT 1 "data2_alu_sel_out";
    .port_info 19 /OUTPUT 32 "pc_out";
    .port_info 20 /OUTPUT 32 "read_data1_out";
    .port_info 21 /OUTPUT 32 "read_data2_out";
    .port_info 22 /OUTPUT 32 "imm_out";
    .port_info 23 /OUTPUT 5 "dest_addr_out";
    .port_info 24 /OUTPUT 5 "aluop_out";
    .port_info 25 /OUTPUT 3 "mem_write_out";
    .port_info 26 /OUTPUT 3 "branch_jump_out";
    .port_info 27 /OUTPUT 4 "mem_read_out";
    .port_info 28 /OUTPUT 2 "wb_sel_out";
v000001fb0b764490_0 .net "aluop_in", 4 0, L_000001fb0b76d100;  alias, 1 drivers
v000001fb0b765bb0_0 .var "aluop_out", 4 0;
v000001fb0b766650_0 .net "branch_jump_in", 2 0, L_000001fb0b76e0a0;  alias, 1 drivers
v000001fb0b765c50_0 .var "branch_jump_out", 2 0;
v000001fb0b765750_0 .net "busywait", 0 0, o000001fb0b6fea38;  alias, 0 drivers
v000001fb0b765e30_0 .net "clk", 0 0, o000001fb0b6fea68;  alias, 0 drivers
v000001fb0b765cf0_0 .net "data1_alu_sel_in", 0 0, L_000001fb0b7cfa70;  alias, 1 drivers
v000001fb0b765ed0_0 .var "data1_alu_sel_out", 0 0;
v000001fb0b766470_0 .net "data2_alu_sel_in", 0 0, L_000001fb0b7cf8b0;  alias, 1 drivers
v000001fb0b7666f0_0 .var "data2_alu_sel_out", 0 0;
v000001fb0b766790_0 .net "dest_addr_in", 4 0, L_000001fb0b7ca5c0;  1 drivers
v000001fb0b7657f0_0 .var "dest_addr_out", 4 0;
v000001fb0b765f70_0 .net "imm_in", 31 0, v000001fb0b769c60_0;  alias, 1 drivers
v000001fb0b766290_0 .var "imm_out", 31 0;
v000001fb0b766330_0 .net "mem_read_in", 3 0, L_000001fb0b76df60;  alias, 1 drivers
v000001fb0b7640d0_0 .var "mem_read_out", 3 0;
v000001fb0b764210_0 .net "mem_write_in", 2 0, L_000001fb0b76e640;  alias, 1 drivers
v000001fb0b765890_0 .var "mem_write_out", 2 0;
v000001fb0b7642b0_0 .net "pc_in", 31 0, v000001fb0b767e10_0;  alias, 1 drivers
v000001fb0b764530_0 .var "pc_out", 31 0;
v000001fb0b7651b0_0 .net "read_data1_in", 31 0, L_000001fb0b6db5a0;  alias, 1 drivers
v000001fb0b7645d0_0 .var "read_data1_out", 31 0;
v000001fb0b765110_0 .net "read_data2_in", 31 0, L_000001fb0b6db760;  alias, 1 drivers
v000001fb0b764850_0 .var "read_data2_out", 31 0;
v000001fb0b7648f0_0 .net "reg_write_en_in", 0 0, L_000001fb0b7d0020;  alias, 1 drivers
v000001fb0b764990_0 .var "reg_write_en_out", 0 0;
v000001fb0b764ad0_0 .net "rst", 0 0, o000001fb0b6fe738;  alias, 0 drivers
v000001fb0b764df0_0 .net "wb_sel_in", 1 0, L_000001fb0b770f80;  alias, 1 drivers
v000001fb0b765070_0 .var "wb_sel_out", 1 0;
S_000001fb0b567490 .scope module, "if_id_pipeline_reg_inst" "if_id_pipeline_reg" 2 59, 10 3 0, S_000001fb0b61edd0;
 .timescale -9 -10;
    .port_info 0 /INPUT 1 "clk";
    .port_info 1 /INPUT 1 "rst";
    .port_info 2 /INPUT 32 "pc_in";
    .port_info 3 /OUTPUT 32 "pc_out";
    .port_info 4 /INPUT 32 "instr_in";
    .port_info 5 /OUTPUT 32 "instr_out";
    .port_info 6 /INPUT 1 "busywait";
v000001fb0b765250_0 .net "busywait", 0 0, o000001fb0b6fea38;  alias, 0 drivers
v000001fb0b7652f0_0 .net "clk", 0 0, o000001fb0b6fea68;  alias, 0 drivers
v000001fb0b765390_0 .net "instr_in", 31 0, o000001fb0b6ff758;  alias, 0 drivers
v000001fb0b765430_0 .var "instr_out", 31 0;
v000001fb0b766dd0_0 .net "pc_in", 31 0, v000001fb0b767a50_0;  alias, 1 drivers
v000001fb0b767e10_0 .var "pc_out", 31 0;
v000001fb0b767690_0 .net "rst", 0 0, o000001fb0b6fe738;  alias, 0 drivers
E_000001fb0b6e1d80 .event posedge, v000001fb0b764350_0;
S_000001fb0b567620 .scope module, "mem_wb_pipeline_reg_inst" "mem_wb_pipeline_reg" 2 246, 11 3 0, S_000001fb0b61edd0;
 .timescale -9 -10;
    .port_info 0 /INPUT 1 "clk";
    .port_info 1 /INPUT 1 "rst";
    .port_info 2 /INPUT 1 "reg_write_in";
    .port_info 3 /INPUT 32 "pc_in";
    .port_info 4 /INPUT 32 "mem_data_in";
    .port_info 5 /INPUT 32 "alu_result_in";
    .port_info 6 /INPUT 32 "imm_in";
    .port_info 7 /INPUT 5 "dest_addr_in";
    .port_info 8 /INPUT 2 "wb_sel_in";
    .port_info 9 /INPUT 1 "busywait";
    .port_info 10 /OUTPUT 1 "reg_write_out";
    .port_info 11 /OUTPUT 32 "pc_out";
    .port_info 12 /OUTPUT 32 "mem_data_out";
    .port_info 13 /OUTPUT 32 "alu_result_out";
    .port_info 14 /OUTPUT 32 "imm_out";
    .port_info 15 /OUTPUT 5 "dest_addr_out";
    .port_info 16 /OUTPUT 2 "wb_sel_out";
v000001fb0b767eb0_0 .net "alu_result_in", 31 0, v000001fb0b764b70_0;  alias, 1 drivers
v000001fb0b7670f0_0 .var "alu_result_out", 31 0;
v000001fb0b766e70_0 .net "busywait", 0 0, o000001fb0b6fea38;  alias, 0 drivers
v000001fb0b767cd0_0 .net "clk", 0 0, o000001fb0b6fea68;  alias, 0 drivers
v000001fb0b766fb0_0 .net "dest_addr_in", 4 0, v000001fb0b7660b0_0;  alias, 1 drivers
v000001fb0b7674b0_0 .var "dest_addr_out", 4 0;
v000001fb0b767370_0 .net "imm_in", 31 0, v000001fb0b765a70_0;  alias, 1 drivers
v000001fb0b766ab0_0 .var "imm_out", 31 0;
v000001fb0b766f10_0 .net "mem_data_in", 31 0, o000001fb0b6ff9c8;  alias, 0 drivers
v000001fb0b767050_0 .var "mem_data_out", 31 0;
v000001fb0b7675f0_0 .net "pc_in", 31 0, v000001fb0b764170_0;  alias, 1 drivers
v000001fb0b767870_0 .var "pc_out", 31 0;
v000001fb0b7668d0_0 .net "reg_write_in", 0 0, v000001fb0b765b10_0;  alias, 1 drivers
v000001fb0b7677d0_0 .var "reg_write_out", 0 0;
v000001fb0b767190_0 .net "rst", 0 0, o000001fb0b6fe738;  alias, 0 drivers
v000001fb0b767f50_0 .net "wb_sel_in", 1 0, v000001fb0b764670_0;  alias, 1 drivers
v000001fb0b767230_0 .var "wb_sel_out", 1 0;
S_000001fb0b56c7c0 .scope module, "pc_inst" "pc" 2 44, 12 3 0, S_000001fb0b61edd0;
 .timescale -9 -10;
    .port_info 0 /INPUT 1 "clk";
    .port_info 1 /INPUT 1 "rst";
    .port_info 2 /INPUT 32 "pc_in";
    .port_info 3 /OUTPUT 32 "pc_out";
    .port_info 4 /INPUT 1 "busywait";
v000001fb0b767550_0 .net "busywait", 0 0, o000001fb0b6fea38;  alias, 0 drivers
v000001fb0b7672d0_0 .net "clk", 0 0, o000001fb0b6fea68;  alias, 0 drivers
v000001fb0b767410_0 .net "pc_in", 31 0, L_000001fb0b76d600;  alias, 1 drivers
v000001fb0b767a50_0 .var "pc_out", 31 0;
v000001fb0b766a10_0 .net "rst", 0 0, o000001fb0b6fe738;  alias, 0 drivers
S_000001fb0b56c950 .scope module, "pc_mux" "mux_32b_2to1" 2 36, 4 3 0, S_000001fb0b61edd0;
 .timescale -9 -10;
    .port_info 0 /INPUT 32 "a";
    .port_info 1 /INPUT 32 "b";
    .port_info 2 /INPUT 1 "sel";
    .port_info 3 /OUTPUT 32 "out";
L_000001fb0b7710b8 .functor BUFT 1, C4<1>, C4<0>, C4<0>, C4<0>;
L_000001fb0b6dc1e0 .functor XNOR 1, L_000001fb0b7d7990, L_000001fb0b7710b8, C4<0>, C4<0>;
v000001fb0b767730_0 .net/2u *"_ivl_0", 0 0, L_000001fb0b7710b8;  1 drivers
v000001fb0b766970_0 .net *"_ivl_2", 0 0, L_000001fb0b6dc1e0;  1 drivers
v000001fb0b766b50_0 .net "a", 31 0, L_000001fb0b76e3c0;  alias, 1 drivers
v000001fb0b767910_0 .net "b", 31 0, o000001fb0b6fff98;  alias, 0 drivers
v000001fb0b766bf0_0 .net "out", 31 0, L_000001fb0b76d600;  alias, 1 drivers
v000001fb0b7679b0_0 .net "sel", 0 0, L_000001fb0b7d7990;  alias, 1 drivers
L_000001fb0b76d600 .functor MUXZ 32, L_000001fb0b76e3c0, o000001fb0b6fff98, L_000001fb0b6dc1e0, C4<>;
S_000001fb0b576f90 .scope module, "pc_plus_4" "adder_32b_4" 2 53, 13 3 0, S_000001fb0b61edd0;
 .timescale -9 -10;
    .port_info 0 /INPUT 32 "data";
    .port_info 1 /OUTPUT 32 "out";
L_000001fb0b771100 .functor BUFT 1, C4<00000000000000000000000000000100>, C4<0>, C4<0>, C4<0>;
v000001fb0b767af0_0 .net/2u *"_ivl_0", 31 0, L_000001fb0b771100;  1 drivers
v000001fb0b767b90_0 .net "data", 31 0, v000001fb0b767a50_0;  alias, 1 drivers
v000001fb0b767c30_0 .net "out", 31 0, L_000001fb0b76e3c0;  alias, 1 drivers
L_000001fb0b76e3c0 .arith/sum 32, v000001fb0b767a50_0, L_000001fb0b771100;
S_000001fb0b577120 .scope module, "pc_plus_4_ma" "adder_32b_4" 2 233, 13 3 0, S_000001fb0b61edd0;
 .timescale -9 -10;
    .port_info 0 /INPUT 32 "data";
    .port_info 1 /OUTPUT 32 "out";
L_000001fb0b772858 .functor BUFT 1, C4<00000000000000000000000000000100>, C4<0>, C4<0>, C4<0>;
v000001fb0b767d70_0 .net/2u *"_ivl_0", 31 0, L_000001fb0b772858;  1 drivers
v000001fb0b766c90_0 .net "data", 31 0, v000001fb0b764170_0;  alias, 1 drivers
v000001fb0b766d30_0 .net "out", 31 0, L_000001fb0b7caf20;  alias, 1 drivers
L_000001fb0b7caf20 .arith/sum 32, v000001fb0b764170_0, L_000001fb0b772858;
S_000001fb0b5bfc60 .scope module, "reg_files_inst" "reg_files" 2 82, 14 3 0, S_000001fb0b61edd0;
 .timescale -9 -10;
    .port_info 0 /INPUT 1 "clk";
    .port_info 1 /INPUT 1 "rst";
    .port_info 2 /INPUT 5 "addr1";
    .port_info 3 /INPUT 5 "addr2";
    .port_info 4 /OUTPUT 32 "data1";
    .port_info 5 /OUTPUT 32 "data2";
    .port_info 6 /INPUT 1 "we";
    .port_info 7 /INPUT 32 "wd";
    .port_info 8 /INPUT 5 "waddr";
L_000001fb0b6db5a0 .functor BUFZ 32, L_000001fb0b76e820, C4<00000000000000000000000000000000>, C4<00000000000000000000000000000000>, C4<00000000000000000000000000000000>;
L_000001fb0b6db760 .functor BUFZ 32, L_000001fb0b76da60, C4<00000000000000000000000000000000>, C4<00000000000000000000000000000000>, C4<00000000000000000000000000000000>;
v000001fb0b76a7a0_0 .net *"_ivl_0", 31 0, L_000001fb0b76e820;  1 drivers
v000001fb0b768360_0 .net *"_ivl_10", 6 0, L_000001fb0b76f5e0;  1 drivers
L_000001fb0b771190 .functor BUFT 1, C4<00>, C4<0>, C4<0>, C4<0>;
v000001fb0b769580_0 .net *"_ivl_13", 1 0, L_000001fb0b771190;  1 drivers
v000001fb0b7699e0_0 .net *"_ivl_2", 6 0, L_000001fb0b76de20;  1 drivers
L_000001fb0b771148 .functor BUFT 1, C4<00>, C4<0>, C4<0>, C4<0>;
v000001fb0b768860_0 .net *"_ivl_5", 1 0, L_000001fb0b771148;  1 drivers
v000001fb0b768680_0 .net *"_ivl_8", 31 0, L_000001fb0b76da60;  1 drivers
v000001fb0b7684a0_0 .net "addr1", 4 0, L_000001fb0b76dce0;  1 drivers
v000001fb0b76a2a0_0 .net "addr2", 4 0, L_000001fb0b76d2e0;  1 drivers
v000001fb0b7694e0_0 .net "clk", 0 0, o000001fb0b6fea68;  alias, 0 drivers
v000001fb0b769d00_0 .net "data1", 31 0, L_000001fb0b6db5a0;  alias, 1 drivers
v000001fb0b769bc0_0 .net "data2", 31 0, L_000001fb0b6db760;  alias, 1 drivers
v000001fb0b769620_0 .var/i "i", 31 0;
v000001fb0b76a340 .array "mem", 0 31, 31 0;
v000001fb0b769440_0 .net "rst", 0 0, o000001fb0b6fe738;  alias, 0 drivers
v000001fb0b7680e0_0 .net "waddr", 4 0, v000001fb0b7674b0_0;  alias, 1 drivers
v000001fb0b768400_0 .net "wd", 31 0, L_000001fb0b7c96c0;  alias, 1 drivers
v000001fb0b76a480_0 .net "we", 0 0, v000001fb0b7677d0_0;  alias, 1 drivers
L_000001fb0b76e820 .array/port v000001fb0b76a340, L_000001fb0b76de20;
L_000001fb0b76de20 .concat [ 5 2 0 0], L_000001fb0b76dce0, L_000001fb0b771148;
L_000001fb0b76da60 .array/port v000001fb0b76a340, L_000001fb0b76f5e0;
L_000001fb0b76f5e0 .concat [ 5 2 0 0], L_000001fb0b76d2e0, L_000001fb0b771190;
S_000001fb0b5bfdf0 .scope module, "sign_extender_inst" "sign_extender" 2 95, 15 4 0, S_000001fb0b61edd0;
 .timescale -9 -10;
    .port_info 0 /INPUT 32 "inst";
    .port_info 1 /INPUT 4 "imm_sel";
    .port_info 2 /OUTPUT 32 "imm_ext";
v000001fb0b769b20_0 .net "TYPE1", 19 0, L_000001fb0b76e6e0;  1 drivers
v000001fb0b76a700_0 .net "TYPE2", 19 0, L_000001fb0b76eaa0;  1 drivers
v000001fb0b769080_0 .net "TYPE3", 11 0, L_000001fb0b76f220;  1 drivers
v000001fb0b769940_0 .net "TYPE5", 11 0, L_000001fb0b76d880;  1 drivers
v000001fb0b76a200_0 .net "TYPE6", 4 0, L_000001fb0b76d740;  1 drivers
v000001fb0b769f80_0 .net *"_ivl_7", 6 0, L_000001fb0b76e5a0;  1 drivers
v000001fb0b76a3e0_0 .net *"_ivl_9", 4 0, L_000001fb0b76ea00;  1 drivers
v000001fb0b769c60_0 .var "imm_ext", 31 0;
v000001fb0b76a020_0 .net "imm_sel", 3 0, L_000001fb0b76d1a0;  alias, 1 drivers
v000001fb0b7696c0_0 .net "inst", 31 0, v000001fb0b765430_0;  alias, 1 drivers
E_000001fb0b6e1580/0 .event anyedge, v000001fb0b764cb0_0, v000001fb0b769b20_0, v000001fb0b76a700_0, v000001fb0b765430_0;
E_000001fb0b6e1580/1 .event anyedge, v000001fb0b769080_0, v000001fb0b769940_0, v000001fb0b76a200_0;
E_000001fb0b6e1580 .event/or E_000001fb0b6e1580/0, E_000001fb0b6e1580/1;
L_000001fb0b76e6e0 .part v000001fb0b765430_0, 12, 20;
L_000001fb0b76eaa0 .part v000001fb0b765430_0, 12, 20;
L_000001fb0b76f220 .part v000001fb0b765430_0, 20, 12;
L_000001fb0b76e5a0 .part v000001fb0b765430_0, 25, 7;
L_000001fb0b76ea00 .part v000001fb0b765430_0, 7, 5;
L_000001fb0b76d880 .concat [ 5 7 0 0], L_000001fb0b76ea00, L_000001fb0b76e5a0;
L_000001fb0b76d740 .part v000001fb0b765430_0, 25, 5;
S_000001fb0b76cef0 .scope module, "wb_mux" "mux_32b_4to1" 2 276, 16 3 0, S_000001fb0b61edd0;
 .timescale -9 -10;
    .port_info 0 /INPUT 32 "a";
    .port_info 1 /INPUT 32 "b";
    .port_info 2 /INPUT 32 "c";
    .port_info 3 /INPUT 32 "d";
    .port_info 4 /OUTPUT 32 "out";
    .port_info 5 /INPUT 2 "sel";
L_000001fb0b7728a0 .functor BUFT 1, C4<00>, C4<0>, C4<0>, C4<0>;
v000001fb0b769120_0 .net/2u *"_ivl_0", 1 0, L_000001fb0b7728a0;  1 drivers
v000001fb0b76a0c0_0 .net *"_ivl_10", 0 0, L_000001fb0b7c9d00;  1 drivers
v000001fb0b769da0_0 .net *"_ivl_12", 31 0, L_000001fb0b7c9260;  1 drivers
v000001fb0b768180_0 .net *"_ivl_14", 31 0, L_000001fb0b7c9300;  1 drivers
v000001fb0b768cc0_0 .net *"_ivl_2", 0 0, L_000001fb0b7c91c0;  1 drivers
L_000001fb0b7728e8 .functor BUFT 1, C4<01>, C4<0>, C4<0>, C4<0>;
v000001fb0b768220_0 .net/2u *"_ivl_4", 1 0, L_000001fb0b7728e8;  1 drivers
v000001fb0b7693a0_0 .net *"_ivl_6", 0 0, L_000001fb0b7ca200;  1 drivers
L_000001fb0b772930 .functor BUFT 1, C4<10>, C4<0>, C4<0>, C4<0>;
v000001fb0b768540_0 .net/2u *"_ivl_8", 1 0, L_000001fb0b772930;  1 drivers
v000001fb0b76a160_0 .net "a", 31 0, v000001fb0b7670f0_0;  alias, 1 drivers
v000001fb0b769760_0 .net "b", 31 0, v000001fb0b767050_0;  alias, 1 drivers
v000001fb0b7691c0_0 .net "c", 31 0, v000001fb0b767870_0;  alias, 1 drivers
v000001fb0b76a520_0 .net "d", 31 0, v000001fb0b766ab0_0;  alias, 1 drivers
v000001fb0b76a5c0_0 .net "out", 31 0, L_000001fb0b7c96c0;  alias, 1 drivers
v000001fb0b7689a0_0 .net "sel", 1 0, v000001fb0b767230_0;  alias, 1 drivers
L_000001fb0b7c91c0 .cmp/eq 2, v000001fb0b767230_0, L_000001fb0b7728a0;
L_000001fb0b7ca200 .cmp/eq 2, v000001fb0b767230_0, L_000001fb0b7728e8;
L_000001fb0b7c9d00 .cmp/eq 2, v000001fb0b767230_0, L_000001fb0b772930;
L_000001fb0b7c9260 .functor MUXZ 32, v000001fb0b766ab0_0, v000001fb0b767870_0, L_000001fb0b7c9d00, C4<>;
L_000001fb0b7c9300 .functor MUXZ 32, L_000001fb0b7c9260, v000001fb0b767050_0, L_000001fb0b7ca200, C4<>;
L_000001fb0b7c96c0 .functor MUXZ 32, L_000001fb0b7c9300, v000001fb0b7670f0_0, L_000001fb0b7c91c0, C4<>;
    .scope S_000001fb0b56c7c0;
T_0 ;
    %wait E_000001fb0b6e1d80;
    %load/vec4 v000001fb0b766a10_0;
    %cmpi/e 1, 0, 1;
    %jmp/0xz  T_0.0, 4;
    %pushi/vec4 0, 0, 32;
    %assign/vec4 v000001fb0b767a50_0, 0;
    %jmp T_0.1;
T_0.0 ;
    %load/vec4 v000001fb0b767550_0;
    %nor/r;
    %flag_set/vec4 8;
    %jmp/0xz  T_0.2, 8;
    %load/vec4 v000001fb0b767410_0;
    %assign/vec4 v000001fb0b767a50_0, 0;
T_0.2 ;
T_0.1 ;
    %jmp T_0;
    .thread T_0;
    .scope S_000001fb0b567490;
T_1 ;
    %wait E_000001fb0b6e1d80;
    %load/vec4 v000001fb0b767690_0;
    %cmpi/e 1, 0, 1;
    %jmp/0xz  T_1.0, 4;
    %delay 10, 0;
    %pushi/vec4 4294967295, 4294967295, 32;
    %assign/vec4 v000001fb0b767e10_0, 0;
    %pushi/vec4 4294967295, 4294967295, 32;
    %assign/vec4 v000001fb0b765430_0, 0;
    %jmp T_1.1;
T_1.0 ;
    %load/vec4 v000001fb0b765250_0;
    %nor/r;
    %flag_set/vec4 8;
    %jmp/0xz  T_1.2, 8;
    %delay 10, 0;
    %load/vec4 v000001fb0b766dd0_0;
    %assign/vec4 v000001fb0b767e10_0, 0;
    %load/vec4 v000001fb0b765390_0;
    %assign/vec4 v000001fb0b765430_0, 0;
T_1.2 ;
T_1.1 ;
    %jmp T_1;
    .thread T_1;
    .scope S_000001fb0b5bfc60;
T_2 ;
    %wait E_000001fb0b6e1d80;
    %load/vec4 v000001fb0b769440_0;
    %cmpi/e 1, 0, 1;
    %jmp/0xz  T_2.0, 4;
    %pushi/vec4 0, 0, 32;
    %store/vec4 v000001fb0b769620_0, 0, 32;
T_2.2 ;
    %load/vec4 v000001fb0b769620_0;
    %cmpi/s 32, 0, 32;
    %jmp/0xz T_2.3, 5;
    %pushi/vec4 4294967295, 4294967295, 32;
    %ix/getv/s 3, v000001fb0b769620_0;
    %ix/load 4, 0, 0; Constant delay
    %assign/vec4/a/d v000001fb0b76a340, 0, 4;
    %load/vec4 v000001fb0b769620_0;
    %addi 1, 0, 32;
    %store/vec4 v000001fb0b769620_0, 0, 32;
    %jmp T_2.2;
T_2.3 ;
    %jmp T_2.1;
T_2.0 ;
    %load/vec4 v000001fb0b76a480_0;
    %cmpi/e 1, 0, 1;
    %jmp/0xz  T_2.4, 4;
    %load/vec4 v000001fb0b768400_0;
    %load/vec4 v000001fb0b7680e0_0;
    %pad/u 7;
    %ix/vec4 3;
    %ix/load 4, 0, 0; Constant delay
    %assign/vec4/a/d v000001fb0b76a340, 0, 4;
T_2.4 ;
T_2.1 ;
    %jmp T_2;
    .thread T_2;
    .scope S_000001fb0b5bfdf0;
T_3 ;
    %wait E_000001fb0b6e1580;
    %load/vec4 v000001fb0b76a020_0;
    %parti/s 3, 0, 2;
    %dup/vec4;
    %pushi/vec4 0, 0, 3;
    %cmp/u;
    %jmp/1 T_3.0, 6;
    %dup/vec4;
    %pushi/vec4 1, 0, 3;
    %cmp/u;
    %jmp/1 T_3.1, 6;
    %dup/vec4;
    %pushi/vec4 2, 0, 3;
    %cmp/u;
    %jmp/1 T_3.2, 6;
    %dup/vec4;
    %pushi/vec4 3, 0, 3;
    %cmp/u;
    %jmp/1 T_3.3, 6;
    %dup/vec4;
    %pushi/vec4 4, 0, 3;
    %cmp/u;
    %jmp/1 T_3.4, 6;
    %dup/vec4;
    %pushi/vec4 5, 0, 3;
    %cmp/u;
    %jmp/1 T_3.5, 6;
    %jmp T_3.6;
T_3.0 ;
    %load/vec4 v000001fb0b769b20_0;
    %concati/vec4 0, 0, 12;
    %store/vec4 v000001fb0b769c60_0, 0, 32;
    %jmp T_3.6;
T_3.1 ;
    %load/vec4 v000001fb0b76a020_0;
    %parti/s 1, 3, 3;
    %cmpi/e 1, 0, 1;
    %jmp/0xz  T_3.7, 4;
    %pushi/vec4 0, 0, 11;
    %load/vec4 v000001fb0b76a700_0;
    %concat/vec4; draw_concat_vec4
    %concati/vec4 0, 0, 1;
    %store/vec4 v000001fb0b769c60_0, 0, 32;
    %jmp T_3.8;
T_3.7 ;
    %load/vec4 v000001fb0b7696c0_0;
    %parti/s 1, 31, 6;
    %replicate 11;
    %load/vec4 v000001fb0b7696c0_0;
    %parti/s 1, 31, 6;
    %concat/vec4; draw_concat_vec4
    %load/vec4 v000001fb0b7696c0_0;
    %parti/s 8, 12, 5;
    %concat/vec4; draw_concat_vec4
    %load/vec4 v000001fb0b7696c0_0;
    %parti/s 1, 20, 6;
    %concat/vec4; draw_concat_vec4
    %load/vec4 v000001fb0b7696c0_0;
    %parti/s 10, 21, 6;
    %concat/vec4; draw_concat_vec4
    %concati/vec4 0, 0, 1;
    %store/vec4 v000001fb0b769c60_0, 0, 32;
T_3.8 ;
    %jmp T_3.6;
T_3.2 ;
    %load/vec4 v000001fb0b76a020_0;
    %parti/s 1, 3, 3;
    %cmpi/e 1, 0, 1;
    %jmp/0xz  T_3.9, 4;
    %pushi/vec4 0, 0, 20;
    %load/vec4 v000001fb0b769080_0;
    %concat/vec4; draw_concat_vec4
    %store/vec4 v000001fb0b769c60_0, 0, 32;
    %jmp T_3.10;
T_3.9 ;
    %load/vec4 v000001fb0b769080_0;
    %parti/s 1, 11, 5;
    %replicate 20;
    %load/vec4 v000001fb0b769080_0;
    %concat/vec4; draw_concat_vec4
    %store/vec4 v000001fb0b769c60_0, 0, 32;
T_3.10 ;
    %jmp T_3.6;
T_3.3 ;
    %load/vec4 v000001fb0b76a020_0;
    %parti/s 1, 3, 3;
    %cmpi/e 1, 0, 1;
    %jmp/0xz  T_3.11, 4;
    %pushi/vec4 0, 0, 20;
    %load/vec4 v000001fb0b7696c0_0;
    %parti/s 1, 31, 6;
    %concat/vec4; draw_concat_vec4
    %load/vec4 v000001fb0b7696c0_0;
    %parti/s 1, 7, 4;
    %concat/vec4; draw_concat_vec4
    %load/vec4 v000001fb0b7696c0_0;
    %parti/s 6, 25, 6;
    %concat/vec4; draw_concat_vec4
    %load/vec4 v000001fb0b7696c0_0;
    %parti/s 4, 8, 5;
    %concat/vec4; draw_concat_vec4
    %concati/vec4 0, 0, 1;
    %pad/u 32;
    %store/vec4 v000001fb0b769c60_0, 0, 32;
    %jmp T_3.12;
T_3.11 ;
    %load/vec4 v000001fb0b7696c0_0;
    %parti/s 1, 31, 6;
    %replicate 20;
    %load/vec4 v000001fb0b7696c0_0;
    %parti/s 1, 31, 6;
    %concat/vec4; draw_concat_vec4
    %load/vec4 v000001fb0b7696c0_0;
    %parti/s 1, 7, 4;
    %concat/vec4; draw_concat_vec4
    %load/vec4 v000001fb0b7696c0_0;
    %parti/s 6, 25, 6;
    %concat/vec4; draw_concat_vec4
    %load/vec4 v000001fb0b7696c0_0;
    %parti/s 4, 8, 5;
    %concat/vec4; draw_concat_vec4
    %concati/vec4 0, 0, 1;
    %pad/u 32;
    %store/vec4 v000001fb0b769c60_0, 0, 32;
T_3.12 ;
    %jmp T_3.6;
T_3.4 ;
    %load/vec4 v000001fb0b76a020_0;
    %parti/s 1, 3, 3;
    %cmpi/e 1, 0, 1;
    %jmp/0xz  T_3.13, 4;
    %pushi/vec4 0, 0, 20;
    %load/vec4 v000001fb0b769940_0;
    %concat/vec4; draw_concat_vec4
    %store/vec4 v000001fb0b769c60_0, 0, 32;
    %jmp T_3.14;
T_3.13 ;
    %load/vec4 v000001fb0b769940_0;
    %parti/s 1, 11, 5;
    %replicate 20;
    %load/vec4 v000001fb0b769940_0;
    %concat/vec4; draw_concat_vec4
    %store/vec4 v000001fb0b769c60_0, 0, 32;
T_3.14 ;
    %jmp T_3.6;
T_3.5 ;
    %pushi/vec4 0, 0, 27;
    %load/vec4 v000001fb0b76a200_0;
    %concat/vec4; draw_concat_vec4
    %store/vec4 v000001fb0b769c60_0, 0, 32;
    %jmp T_3.6;
T_3.6 ;
    %pop/vec4 1;
    %jmp T_3;
    .thread T_3, $push;
    .scope S_000001fb0b5815b0;
T_4 ;
    %wait E_000001fb0b6e1c80;
    %load/vec4 v000001fb0b764ad0_0;
    %flag_set/vec4 8;
    %jmp/0xz  T_4.0, 8;
    %delay 10, 0;
    %pushi/vec4 0, 0, 1;
    %assign/vec4 v000001fb0b764990_0, 0;
    %pushi/vec4 0, 0, 1;
    %assign/vec4 v000001fb0b765ed0_0, 0;
    %pushi/vec4 0, 0, 1;
    %assign/vec4 v000001fb0b7666f0_0, 0;
    %pushi/vec4 0, 0, 32;
    %assign/vec4 v000001fb0b764530_0, 0;
    %pushi/vec4 0, 0, 32;
    %assign/vec4 v000001fb0b7645d0_0, 0;
    %pushi/vec4 0, 0, 32;
    %assign/vec4 v000001fb0b764850_0, 0;
    %pushi/vec4 0, 0, 32;
    %assign/vec4 v000001fb0b766290_0, 0;
    %pushi/vec4 0, 0, 5;
    %assign/vec4 v000001fb0b7657f0_0, 0;
    %pushi/vec4 0, 0, 5;
    %assign/vec4 v000001fb0b765bb0_0, 0;
    %pushi/vec4 0, 0, 3;
    %assign/vec4 v000001fb0b765890_0, 0;
    %pushi/vec4 0, 0, 3;
    %assign/vec4 v000001fb0b765c50_0, 0;
    %pushi/vec4 0, 0, 4;
    %assign/vec4 v000001fb0b7640d0_0, 0;
    %pushi/vec4 0, 0, 2;
    %assign/vec4 v000001fb0b765070_0, 0;
    %jmp T_4.1;
T_4.0 ;
    %load/vec4 v000001fb0b765750_0;
    %nor/r;
    %flag_set/vec4 8;
    %jmp/0xz  T_4.2, 8;
    %delay 10, 0;
    %load/vec4 v000001fb0b7648f0_0;
    %assign/vec4 v000001fb0b764990_0, 0;
    %load/vec4 v000001fb0b765cf0_0;
    %assign/vec4 v000001fb0b765ed0_0, 0;
    %load/vec4 v000001fb0b766470_0;
    %assign/vec4 v000001fb0b7666f0_0, 0;
    %load/vec4 v000001fb0b7642b0_0;
    %assign/vec4 v000001fb0b764530_0, 0;
    %load/vec4 v000001fb0b7651b0_0;
    %assign/vec4 v000001fb0b7645d0_0, 0;
    %load/vec4 v000001fb0b765110_0;
    %assign/vec4 v000001fb0b764850_0, 0;
    %load/vec4 v000001fb0b765f70_0;
    %assign/vec4 v000001fb0b766290_0, 0;
    %load/vec4 v000001fb0b766790_0;
    %assign/vec4 v000001fb0b7657f0_0, 0;
    %load/vec4 v000001fb0b764490_0;
    %assign/vec4 v000001fb0b765bb0_0, 0;
    %load/vec4 v000001fb0b764210_0;
    %assign/vec4 v000001fb0b765890_0, 0;
    %load/vec4 v000001fb0b766650_0;
    %assign/vec4 v000001fb0b765c50_0, 0;
    %load/vec4 v000001fb0b766330_0;
    %assign/vec4 v000001fb0b7640d0_0, 0;
    %load/vec4 v000001fb0b764df0_0;
    %assign/vec4 v000001fb0b765070_0, 0;
T_4.2 ;
T_4.1 ;
    %jmp T_4;
    .thread T_4;
    .scope S_000001fb0b58b510;
T_5 ;
    %wait E_000001fb0b6e2340;
    %load/vec4 v000001fb0b6f88c0_0;
    %dup/vec4;
    %pushi/vec4 0, 0, 5;
    %cmp/u;
    %jmp/1 T_5.0, 6;
    %dup/vec4;
    %pushi/vec4 16, 0, 5;
    %cmp/u;
    %jmp/1 T_5.1, 6;
    %dup/vec4;
    %pushi/vec4 1, 0, 5;
    %cmp/u;
    %jmp/1 T_5.2, 6;
    %dup/vec4;
    %pushi/vec4 2, 0, 5;
    %cmp/u;
    %jmp/1 T_5.3, 6;
    %dup/vec4;
    %pushi/vec4 3, 0, 5;
    %cmp/u;
    %jmp/1 T_5.4, 6;
    %dup/vec4;
    %pushi/vec4 4, 0, 5;
    %cmp/u;
    %jmp/1 T_5.5, 6;
    %dup/vec4;
    %pushi/vec4 5, 0, 5;
    %cmp/u;
    %jmp/1 T_5.6, 6;
    %dup/vec4;
    %pushi/vec4 17, 0, 5;
    %cmp/u;
    %jmp/1 T_5.7, 6;
    %dup/vec4;
    %pushi/vec4 6, 0, 5;
    %cmp/u;
    %jmp/1 T_5.8, 6;
    %dup/vec4;
    %pushi/vec4 7, 0, 5;
    %cmp/u;
    %jmp/1 T_5.9, 6;
    %dup/vec4;
    %pushi/vec4 8, 0, 5;
    %cmp/u;
    %jmp/1 T_5.10, 6;
    %dup/vec4;
    %pushi/vec4 9, 0, 5;
    %cmp/u;
    %jmp/1 T_5.11, 6;
    %dup/vec4;
    %pushi/vec4 10, 0, 5;
    %cmp/u;
    %jmp/1 T_5.12, 6;
    %dup/vec4;
    %pushi/vec4 11, 0, 5;
    %cmp/u;
    %jmp/1 T_5.13, 6;
    %dup/vec4;
    %pushi/vec4 12, 0, 5;
    %cmp/u;
    %jmp/1 T_5.14, 6;
    %dup/vec4;
    %pushi/vec4 13, 0, 5;
    %cmp/u;
    %jmp/1 T_5.15, 6;
    %dup/vec4;
    %pushi/vec4 14, 0, 5;
    %cmp/u;
    %jmp/1 T_5.16, 6;
    %dup/vec4;
    %pushi/vec4 15, 0, 5;
    %cmp/u;
    %jmp/1 T_5.17, 6;
    %dup/vec4;
    %pushi/vec4 31, 7, 5;
    %cmp/u;
    %jmp/1 T_5.18, 6;
    %pushi/vec4 0, 0, 32;
    %store/vec4 v000001fb0b6fa120_0, 0, 32;
    %jmp T_5.20;
T_5.0 ;
    %load/vec4 v000001fb0b6f9860_0;
    %store/vec4 v000001fb0b6fa120_0, 0, 32;
    %jmp T_5.20;
T_5.1 ;
    %load/vec4 v000001fb0b6f9fe0_0;
    %store/vec4 v000001fb0b6fa120_0, 0, 32;
    %jmp T_5.20;
T_5.2 ;
    %load/vec4 v000001fb0b6f86e0_0;
    %store/vec4 v000001fb0b6fa120_0, 0, 32;
    %jmp T_5.20;
T_5.3 ;
    %load/vec4 v000001fb0b6f8780_0;
    %store/vec4 v000001fb0b6fa120_0, 0, 32;
    %jmp T_5.20;
T_5.4 ;
    %load/vec4 v000001fb0b6f9a40_0;
    %store/vec4 v000001fb0b6fa120_0, 0, 32;
    %jmp T_5.20;
T_5.5 ;
    %load/vec4 v000001fb0b6f9360_0;
    %store/vec4 v000001fb0b6fa120_0, 0, 32;
    %jmp T_5.20;
T_5.6 ;
    %load/vec4 v000001fb0b6f9e00_0;
    %store/vec4 v000001fb0b6fa120_0, 0, 32;
    %jmp T_5.20;
T_5.7 ;
    %load/vec4 v000001fb0b6f9b80_0;
    %store/vec4 v000001fb0b6fa120_0, 0, 32;
    %jmp T_5.20;
T_5.8 ;
    %load/vec4 v000001fb0b6f85a0_0;
    %store/vec4 v000001fb0b6fa120_0, 0, 32;
    %jmp T_5.20;
T_5.9 ;
    %load/vec4 v000001fb0b6f8aa0_0;
    %store/vec4 v000001fb0b6fa120_0, 0, 32;
    %jmp T_5.20;
T_5.10 ;
    %load/vec4 v000001fb0b6f9900_0;
    %store/vec4 v000001fb0b6fa120_0, 0, 32;
    %jmp T_5.20;
T_5.11 ;
    %load/vec4 v000001fb0b6f9ae0_0;
    %store/vec4 v000001fb0b6fa120_0, 0, 32;
    %jmp T_5.20;
T_5.12 ;
    %load/vec4 v000001fb0b6f8500_0;
    %store/vec4 v000001fb0b6fa120_0, 0, 32;
    %jmp T_5.20;
T_5.13 ;
    %load/vec4 v000001fb0b6f99a0_0;
    %store/vec4 v000001fb0b6fa120_0, 0, 32;
    %jmp T_5.20;
T_5.14 ;
    %load/vec4 v000001fb0b6f92c0_0;
    %store/vec4 v000001fb0b6fa120_0, 0, 32;
    %jmp T_5.20;
T_5.15 ;
    %load/vec4 v000001fb0b6f8a00_0;
    %store/vec4 v000001fb0b6fa120_0, 0, 32;
    %jmp T_5.20;
T_5.16 ;
    %load/vec4 v000001fb0b6f9040_0;
    %store/vec4 v000001fb0b6fa120_0, 0, 32;
    %jmp T_5.20;
T_5.17 ;
    %load/vec4 v000001fb0b6f9f40_0;
    %store/vec4 v000001fb0b6fa120_0, 0, 32;
    %jmp T_5.20;
T_5.18 ;
    %load/vec4 v000001fb0b6fa300_0;
    %store/vec4 v000001fb0b6fa120_0, 0, 32;
    %jmp T_5.20;
T_5.20 ;
    %pop/vec4 1;
    %jmp T_5;
    .thread T_5, $push;
    .scope S_000001fb0b566ce0;
T_6 ;
    %wait E_000001fb0b6e1c80;
    %load/vec4 v000001fb0b7654d0_0;
    %flag_set/vec4 8;
    %jmp/0xz  T_6.0, 8;
    %delay 10, 0;
    %pushi/vec4 0, 0, 1;
    %assign/vec4 v000001fb0b765b10_0, 0;
    %pushi/vec4 0, 0, 5;
    %assign/vec4 v000001fb0b7660b0_0, 0;
    %pushi/vec4 0, 0, 32;
    %assign/vec4 v000001fb0b764170_0, 0;
    %pushi/vec4 0, 0, 32;
    %assign/vec4 v000001fb0b764b70_0, 0;
    %pushi/vec4 0, 0, 32;
    %assign/vec4 v000001fb0b766510_0, 0;
    %pushi/vec4 0, 0, 32;
    %assign/vec4 v000001fb0b765a70_0, 0;
    %pushi/vec4 0, 0, 3;
    %assign/vec4 v000001fb0b766150_0, 0;
    %pushi/vec4 0, 0, 4;
    %assign/vec4 v000001fb0b7643f0_0, 0;
    %pushi/vec4 0, 0, 2;
    %assign/vec4 v000001fb0b764670_0, 0;
    %jmp T_6.1;
T_6.0 ;
    %load/vec4 v000001fb0b766830_0;
    %nor/r;
    %flag_set/vec4 8;
    %jmp/0xz  T_6.2, 8;
    %delay 10, 0;
    %load/vec4 v000001fb0b765930_0;
    %assign/vec4 v000001fb0b765b10_0, 0;
    %load/vec4 v000001fb0b764f30_0;
    %assign/vec4 v000001fb0b7660b0_0, 0;
    %load/vec4 v000001fb0b7656b0_0;
    %assign/vec4 v000001fb0b764170_0, 0;
    %load/vec4 v000001fb0b764fd0_0;
    %assign/vec4 v000001fb0b764b70_0, 0;
    %load/vec4 v000001fb0b764a30_0;
    %assign/vec4 v000001fb0b766510_0, 0;
    %load/vec4 v000001fb0b765d90_0;
    %assign/vec4 v000001fb0b765a70_0, 0;
    %load/vec4 v000001fb0b765610_0;
    %assign/vec4 v000001fb0b7643f0_0, 0;
    %load/vec4 v000001fb0b7647b0_0;
    %assign/vec4 v000001fb0b766150_0, 0;
    %load/vec4 v000001fb0b764d50_0;
    %assign/vec4 v000001fb0b764670_0, 0;
T_6.2 ;
T_6.1 ;
    %jmp T_6;
    .thread T_6;
    .scope S_000001fb0b567620;
T_7 ;
    %wait E_000001fb0b6e1c80;
    %load/vec4 v000001fb0b767190_0;
    %flag_set/vec4 8;
    %jmp/0xz  T_7.0, 8;
    %delay 10, 0;
    %pushi/vec4 0, 0, 1;
    %assign/vec4 v000001fb0b7677d0_0, 0;
    %pushi/vec4 0, 0, 32;
    %assign/vec4 v000001fb0b767870_0, 0;
    %pushi/vec4 0, 0, 32;
    %assign/vec4 v000001fb0b767050_0, 0;
    %pushi/vec4 0, 0, 32;
    %assign/vec4 v000001fb0b7670f0_0, 0;
    %pushi/vec4 0, 0, 32;
    %assign/vec4 v000001fb0b766ab0_0, 0;
    %pushi/vec4 0, 0, 5;
    %assign/vec4 v000001fb0b7674b0_0, 0;
    %pushi/vec4 0, 0, 2;
    %assign/vec4 v000001fb0b767230_0, 0;
    %jmp T_7.1;
T_7.0 ;
    %load/vec4 v000001fb0b766e70_0;
    %nor/r;
    %flag_set/vec4 8;
    %jmp/0xz  T_7.2, 8;
    %delay 10, 0;
    %load/vec4 v000001fb0b7668d0_0;
    %assign/vec4 v000001fb0b7677d0_0, 0;
    %load/vec4 v000001fb0b7675f0_0;
    %assign/vec4 v000001fb0b767870_0, 0;
    %load/vec4 v000001fb0b766f10_0;
    %assign/vec4 v000001fb0b767050_0, 0;
    %load/vec4 v000001fb0b767eb0_0;
    %assign/vec4 v000001fb0b7670f0_0, 0;
    %load/vec4 v000001fb0b767370_0;
    %assign/vec4 v000001fb0b766ab0_0, 0;
    %load/vec4 v000001fb0b766fb0_0;
    %assign/vec4 v000001fb0b7674b0_0, 0;
    %load/vec4 v000001fb0b767f50_0;
    %assign/vec4 v000001fb0b767230_0, 0;
T_7.2 ;
T_7.1 ;
    %jmp T_7;
    .thread T_7;
# The file index is used to find the file name in the following table.
:file_names 17;
    "N/A";
    "<interactive>";
    "cpu.v";
    "./EX_stage/alu/alu.v";
    "./utils/mux_32b_2to1.v";
    "./EX_stage/branch/branch_logic.v";
    "./ID_stage/control_unit/control_unit.v";
    "././utils/mux_3b_2to1.v";
    "./pipeline_regs/ex_mem_pipeline_reg.v";
    "./pipeline_regs/id_ex_pipeline_reg.v";
    "./pipeline_regs/if_id_pipeline_reg.v";
    "./pipeline_regs/mem_wb_pipeline_reg.v";
    "./IF_stage/pc/pc.v";
    "./utils/adder_32b_4.v";
    "./ID_stage/reg_files/reg_files.v";
    "./ID_stage/sign_extender/sign_extender.v";
    "./utils/mux_32b_4to1.v";
